2023-05-12 09:25:35,177 [ERROR] LogOutputStream:75 - [STDERR_REDIRECT] SWT SessionManagerDBus: Failed to UnregisterClient: GDBus.Error:org.freedesktop.DBus.Error.NoReply: Remote peer disconnected
2023-05-12 10:25:08,085 [INFO] Activator:176 - 


2023-05-12 10:25:08,087 [INFO] Activator:177 - !SESSION log4j initialized
2023-05-12 10:25:12,434 [INFO] LogOutputStream:77 - [STDOUT_REDIRECT] 
2023-05-12 10:25:12,900 [ERROR] ConfigurationRetriever:142 - IOException on connection: sw-center.st.com
2023-05-12 10:25:12,901 [ERROR] ConfigurationRetriever:142 - IOException on connection: sw-center.st.com
2023-05-12 10:25:12,902 [ERROR] ConfigurationRetriever:142 - IOException on connection: sw-center.st.com
2023-05-12 10:25:33,842 [ERROR] LogOutputStream:75 - [STDERR_REDIRECT] SLF4J: Failed to load class "org.slf4j.impl.StaticLoggerBinder".
2023-05-12 10:25:33,842 [ERROR] LogOutputStream:75 - [STDERR_REDIRECT] SLF4J: Defaulting to no-operation (NOP) logger implementation
2023-05-12 10:25:33,843 [ERROR] LogOutputStream:75 - [STDERR_REDIRECT] SLF4J: See http://www.slf4j.org/codes.html#StaticLoggerBinder for further details.
2023-05-12 12:30:31,721 [INFO] ApplicationProperties:184 - Using Application install path: /opt/st/stm32cubeide_1.12.0/plugins/com.st.stm32cube.common.mx_6.8.0.202302231600
2023-05-12 12:30:31,771 [INFO] DbMcusXml:78 - Set database path to: /opt/st/stm32cubeide_1.12.0/plugins/com.st.stm32cube.common.mx_6.8.0.202302231600//db//mcu/
2023-05-12 12:30:31,771 [INFO] ApiDb:274 - Set plugin database path to: /opt/st/stm32cubeide_1.12.0/plugins/com.st.stm32cube.common.mx_6.8.0.202302231600//db//plugins/boardmanager/
2023-05-12 12:30:31,773 [WARN] ApiDb:259 - Overriding images path with different value:  => /opt/st/stm32cubeide_1.12.0/plugins/com.st.stm32cube.common.mx_6.8.0.202302231600//db//plugins/mcufinder/images/
2023-05-12 12:30:31,840 [INFO] ApiDb:250 - Set database path to: /home/hender/.stmcufinder/plugins/mcufinder//mcu/
2023-05-12 12:30:31,841 [INFO] DbMcusAds:125 - Set database path to: /home/hender/.stmcufinder/plugins/mcufinder//mcu/
2023-05-12 12:30:31,870 [INFO] CrossReferenceDbSqlite:203 - Set database path to: /home/hender/.stmcufinder/plugins/mcufinder//mcu/cs/
2023-05-12 12:30:32,024 [INFO] RulesReader:64 - Compatibility file has been processed (293 Rules)
2023-05-12 12:30:32,179 [INFO] DbMcusXml:78 - Set database path to: /opt/st/stm32cubeide_1.12.0/plugins/com.st.stm32cube.common.mx_6.8.0.202302231600//db//mcu/
2023-05-12 12:30:32,179 [INFO] ApiDb:274 - Set plugin database path to: /opt/st/stm32cubeide_1.12.0/plugins/com.st.stm32cube.common.mx_6.8.0.202302231600//db//plugins/boardmanager/
2023-05-12 12:30:32,179 [INFO] ApiDb:261 - Set plugin images path to: /opt/st/stm32cubeide_1.12.0/plugins/com.st.stm32cube.common.mx_6.8.0.202302231600//db//plugins/mcufinder/images/
2023-05-12 12:30:32,179 [WARN] DbFile:41 - Overriding database path with different value: /home/hender/.stmcufinder/plugins/mcufinder/ => /home/hender/.stmcufinder/plugins/mcufinder
2023-05-12 12:30:32,179 [INFO] ApiDb:250 - Set database path to: /home/hender/.stmcufinder/plugins/mcufinder//mcu/
2023-05-12 12:30:32,179 [WARN] DbFile:41 - Overriding database path with different value: /home/hender/.stmcufinder/plugins/mcufinder/ => /home/hender/.stmcufinder/plugins/mcufinder
2023-05-12 12:30:32,180 [INFO] DbMcusAds:125 - Set database path to: /home/hender/.stmcufinder/plugins/mcufinder//mcu/
2023-05-12 12:30:32,180 [WARN] DbFile:41 - Overriding database path with different value: /home/hender/.stmcufinder/plugins/mcufinder/ => /home/hender/.stmcufinder/plugins/mcufinder
2023-05-12 12:30:32,180 [WARN] DbFile:41 - Overriding database path with different value: /home/hender/.stmcufinder/plugins/mcufinder/ => /home/hender/.stmcufinder/plugins/mcufinder
2023-05-12 12:30:32,180 [INFO] CrossReferenceDbSqlite:203 - Set database path to: /home/hender/.stmcufinder/plugins/mcufinder//mcu/cs/
2023-05-12 12:30:32,343 [INFO] MainPanel:253 - HeapMemory: 452984832
2023-05-12 12:30:32,516 [INFO] DbMcusXml:78 - Set database path to: /opt/st/stm32cubeide_1.12.0/plugins/com.st.stm32cube.common.mx_6.8.0.202302231600//db//mcu/
2023-05-12 12:30:32,516 [INFO] ApiDb:274 - Set plugin database path to: /opt/st/stm32cubeide_1.12.0/plugins/com.st.stm32cube.common.mx_6.8.0.202302231600//db//plugins/boardmanager/
2023-05-12 12:30:32,516 [INFO] ApiDb:261 - Set plugin images path to: /opt/st/stm32cubeide_1.12.0/plugins/com.st.stm32cube.common.mx_6.8.0.202302231600//db//plugins/mcufinder/images/
2023-05-12 12:30:32,528 [WARN] DbFile:41 - Overriding database path with different value: /home/hender/.stmcufinder/plugins/mcufinder/ => /home/hender/.stmcufinder/plugins/mcufinder
2023-05-12 12:30:32,529 [INFO] ApiDb:250 - Set database path to: /home/hender/.stmcufinder/plugins/mcufinder//mcu/
2023-05-12 12:30:32,529 [WARN] DbFile:41 - Overriding database path with different value: /home/hender/.stmcufinder/plugins/mcufinder/ => /home/hender/.stmcufinder/plugins/mcufinder
2023-05-12 12:30:32,529 [INFO] DbMcusAds:125 - Set database path to: /home/hender/.stmcufinder/plugins/mcufinder//mcu/
2023-05-12 12:30:32,529 [WARN] DbFile:41 - Overriding database path with different value: /home/hender/.stmcufinder/plugins/mcufinder/ => /home/hender/.stmcufinder/plugins/mcufinder
2023-05-12 12:30:32,529 [WARN] DbFile:41 - Overriding database path with different value: /home/hender/.stmcufinder/plugins/mcufinder/ => /home/hender/.stmcufinder/plugins/mcufinder
2023-05-12 12:30:32,529 [INFO] CrossReferenceDbSqlite:203 - Set database path to: /home/hender/.stmcufinder/plugins/mcufinder//mcu/cs/
2023-05-12 12:30:32,550 [INFO] ApplicationProperties:184 - Using Application install path: /opt/st/stm32cubeide_1.12.0/plugins/com.st.stm32cube.common.mx_6.8.0.202302231600
2023-05-12 12:30:32,552 [INFO] PluginManage:196 - Search for loadable plugins [exclusion list=, ]
2023-05-12 12:30:32,583 [INFO] PluginManage:310 - Check plugin analytics
2023-05-12 12:30:32,751 [INFO] AnalyticsPlugin:253 - Accepted Software Licenses: 
2023-05-12 12:30:32,752 [INFO] AnalyticsPlugin:255 - Accepted CMSIS Pack Licenses: 
2023-05-12 12:30:32,752 [INFO] AnalyticsPlugin:257 - Accepted Firmware Licenses: 
2023-05-12 12:30:32,755 [INFO] PluginManage:359 - Loaded plugin analytics (category:tool,tabindex:-1)
2023-05-12 12:30:32,755 [INFO] PluginManage:310 - Check plugin cadmodel
2023-05-12 12:30:32,909 [INFO] CADModel:105 - Init CAD model plugin
2023-05-12 12:30:32,909 [INFO] PluginManage:359 - Loaded plugin cadmodel (category:power,tabindex:5)
2023-05-12 12:30:32,909 [INFO] PluginManage:310 - Check plugin clock
2023-05-12 12:30:32,946 [INFO] PluginManage:359 - Loaded plugin clock (category:base,tabindex:2)
2023-05-12 12:30:32,946 [INFO] PluginManage:310 - Check plugin ddr
2023-05-12 12:30:32,972 [INFO] PluginManage:359 - Loaded plugin ddr (category:tool,tabindex:6)
2023-05-12 12:30:32,972 [INFO] PluginManage:310 - Check plugin filemanager
2023-05-12 12:30:33,191 [INFO] PluginManage:359 - Loaded plugin filemanager (category:base,tabindex:10)
2023-05-12 12:30:33,191 [INFO] PluginManage:310 - Check plugin ipmanager
2023-05-12 12:30:33,221 [INFO] PluginManage:359 - Loaded plugin ipmanager (category:base,tabindex:5)
2023-05-12 12:30:33,221 [INFO] PluginManage:310 - Check plugin lpbam
2023-05-12 12:30:33,247 [INFO] PluginManage:359 - Loaded plugin lpbam (category:base,tabindex:0)
2023-05-12 12:30:33,248 [INFO] PluginManage:310 - Check plugin pinoutandconfiguration
2023-05-12 12:30:33,255 [INFO] PluginManage:359 - Loaded plugin pinoutandconfiguration (category:base,tabindex:1)
2023-05-12 12:30:33,255 [INFO] PluginManage:310 - Check plugin pinoutconfig
2023-05-12 12:30:33,385 [WARN] SupportedApi:132 - Cannot load RTOS API schema: s4s-elt-must-match.1: The content of 'definitions' must match (annotation?, (simpleType | complexType)?, (unique | key | keyref)*)). A problem was found starting at: attribute.
2023-05-12 12:30:33,553 [INFO] PluginManage:359 - Loaded plugin pinoutconfig (category:base,tabindex:0)
2023-05-12 12:30:33,553 [INFO] PluginManage:310 - Check plugin power
2023-05-12 12:30:33,591 [INFO] PluginManage:359 - Loaded plugin power (category:power,tabindex:4)
2023-05-12 12:30:33,591 [INFO] PluginManage:310 - Check plugin projectmanager
2023-05-12 12:30:33,610 [INFO] PluginManage:359 - Loaded plugin projectmanager (category:projectmanager,tabindex:3)
2023-05-12 12:30:33,610 [INFO] PluginManage:310 - Check plugin thirdparty
2023-05-12 12:30:33,766 [INFO] PluginManage:359 - Loaded plugin thirdparty (category:base,tabindex:-1)
2023-05-12 12:30:33,766 [WARN] IntegrityCheckThread:84 - waiting for thirdparty lock release [integrity check]
2023-05-12 12:30:33,766 [INFO] PluginManage:310 - Check plugin tools
2023-05-12 12:30:33,766 [INFO] IntegrityCheckThread:86 - entering critical section [integrity check]
2023-05-12 12:30:33,769 [INFO] ThirdPartyUpdaterWithRetryManager:70 - Updater plugin not ready yet. [1/15]
2023-05-12 12:30:33,769 [INFO] PluginManage:359 - Loaded plugin tools (category:base,tabindex:7)
2023-05-12 12:30:33,769 [INFO] PluginManage:310 - Check plugin tutovideos
2023-05-12 12:30:33,979 [INFO] PluginManage:359 - Loaded plugin tutovideos (category:base,tabindex:-1)
2023-05-12 12:30:33,979 [INFO] PluginManage:310 - Check plugin updater
2023-05-12 12:30:34,009 [INFO] PluginManage:359 - Loaded plugin updater (category:base,tabindex:12)
2023-05-12 12:30:34,009 [INFO] PluginManage:283 - PluginManage : Loaded plugins [15]
2023-05-12 12:30:34,322 [INFO] PinOutPanel:1499 - setPackage(No Configuration,No Configuration)
2023-05-12 12:30:34,411 [INFO] CADModel:165 - CPN selected for project level
2023-05-12 12:30:34,411 [INFO] CADModel:114 - Register for checkConnection events
2023-05-12 12:30:34,457 [INFO] IPUIPlugin:80 - create IPUIPlugin
2023-05-12 12:30:34,458 [INFO] PluginManager:220 - loadIPPluginJar : add adc
2023-05-12 12:30:34,460 [INFO] IPUIPlugin:80 - create IPUIPlugin
2023-05-12 12:30:34,460 [INFO] PluginManager:220 - loadIPPluginJar : add aes
2023-05-12 12:30:34,461 [INFO] IPUIPlugin:80 - create IPUIPlugin
2023-05-12 12:30:34,461 [INFO] PluginManager:220 - loadIPPluginJar : add can
2023-05-12 12:30:34,462 [INFO] IPUIPlugin:80 - create IPUIPlugin
2023-05-12 12:30:34,462 [INFO] PluginManager:220 - loadIPPluginJar : add comp
2023-05-12 12:30:34,464 [INFO] IPUIPlugin:80 - create IPUIPlugin
2023-05-12 12:30:34,464 [INFO] PluginManager:220 - loadIPPluginJar : add cryp
2023-05-12 12:30:34,466 [INFO] IPUIPlugin:80 - create IPUIPlugin
2023-05-12 12:30:34,466 [INFO] PluginManager:220 - loadIPPluginJar : add dfsdm
2023-05-12 12:30:34,471 [INFO] IPUIPlugin:80 - create IPUIPlugin
2023-05-12 12:30:34,471 [INFO] PluginManager:220 - loadIPPluginJar : add dma
2023-05-12 12:30:34,474 [INFO] IPUIPlugin:80 - create IPUIPlugin
2023-05-12 12:30:34,474 [INFO] PluginManager:220 - loadIPPluginJar : add dma3
2023-05-12 12:30:34,480 [INFO] IPUIPlugin:80 - create IPUIPlugin
2023-05-12 12:30:34,480 [INFO] PluginManager:220 - loadIPPluginJar : add fatfs
2023-05-12 12:30:34,483 [INFO] IPUIPlugin:80 - create IPUIPlugin
2023-05-12 12:30:34,483 [INFO] PluginManager:220 - loadIPPluginJar : add fmc
2023-05-12 12:30:34,488 [INFO] IPUIPlugin:80 - create IPUIPlugin
2023-05-12 12:30:34,488 [INFO] PluginManager:220 - loadIPPluginJar : add freertos
2023-05-12 12:30:34,489 [INFO] IPUIPlugin:80 - create IPUIPlugin
2023-05-12 12:30:34,489 [INFO] PluginManager:220 - loadIPPluginJar : add genericplugin
2023-05-12 12:30:34,491 [INFO] IPUIPlugin:80 - create IPUIPlugin
2023-05-12 12:30:34,491 [INFO] PluginManager:220 - loadIPPluginJar : add gfxmmu
2023-05-12 12:30:34,496 [INFO] IPUIPlugin:80 - create IPUIPlugin
2023-05-12 12:30:34,496 [INFO] PluginManager:220 - loadIPPluginJar : add gic
2023-05-12 12:30:34,500 [INFO] IPUIPlugin:80 - create IPUIPlugin
2023-05-12 12:30:34,500 [INFO] PluginManager:220 - loadIPPluginJar : add gpio
2023-05-12 12:30:34,503 [INFO] IPUIPlugin:80 - create IPUIPlugin
2023-05-12 12:30:34,503 [INFO] PluginManager:220 - loadIPPluginJar : add gtzc
2023-05-12 12:30:34,504 [INFO] IPUIPlugin:80 - create IPUIPlugin
2023-05-12 12:30:34,505 [INFO] PluginManager:220 - loadIPPluginJar : add hash
2023-05-12 12:30:34,507 [INFO] IPUIPlugin:80 - create IPUIPlugin
2023-05-12 12:30:34,507 [INFO] PluginManager:220 - loadIPPluginJar : add i2c
2023-05-12 12:30:34,509 [INFO] IPUIPlugin:80 - create IPUIPlugin
2023-05-12 12:30:34,509 [INFO] PluginManager:220 - loadIPPluginJar : add i2s
2023-05-12 12:30:34,512 [INFO] IPUIPlugin:80 - create IPUIPlugin
2023-05-12 12:30:34,512 [INFO] PluginManager:220 - loadIPPluginJar : add i3c
2023-05-12 12:30:34,515 [INFO] IPUIPlugin:80 - create IPUIPlugin
2023-05-12 12:30:34,515 [INFO] PluginManager:220 - loadIPPluginJar : add ipddr
2023-05-12 12:30:34,522 [INFO] IPUIPlugin:80 - create IPUIPlugin
2023-05-12 12:30:34,522 [INFO] PluginManager:220 - loadIPPluginJar : add linkedlist
2023-05-12 12:30:34,525 [INFO] IPUIPlugin:80 - create IPUIPlugin
2023-05-12 12:30:34,525 [INFO] PluginManager:220 - loadIPPluginJar : add lorawan
2023-05-12 12:30:34,526 [INFO] IPUIPlugin:80 - create IPUIPlugin
2023-05-12 12:30:34,526 [INFO] PluginManager:220 - loadIPPluginJar : add ltdc
2023-05-12 12:30:34,532 [INFO] IPUIPlugin:80 - create IPUIPlugin
2023-05-12 12:30:34,532 [INFO] PluginManager:220 - loadIPPluginJar : add mdma
2023-05-12 12:30:34,536 [INFO] IPUIPlugin:80 - create IPUIPlugin
2023-05-12 12:30:34,536 [INFO] PluginManager:220 - loadIPPluginJar : add nvic
2023-05-12 12:30:34,539 [INFO] IPUIPlugin:80 - create IPUIPlugin
2023-05-12 12:30:34,539 [INFO] PluginManager:220 - loadIPPluginJar : add opamp
2023-05-12 12:30:34,542 [INFO] IPUIPlugin:80 - create IPUIPlugin
2023-05-12 12:30:34,542 [INFO] PluginManager:220 - loadIPPluginJar : add openamp
2023-05-12 12:30:34,545 [INFO] IPUIPlugin:80 - create IPUIPlugin
2023-05-12 12:30:34,545 [INFO] PluginManager:220 - loadIPPluginJar : add pdm2pcm
2023-05-12 12:30:34,553 [INFO] IPUIPlugin:80 - create IPUIPlugin
2023-05-12 12:30:34,556 [INFO] PluginManager:220 - loadIPPluginJar : add plateformsettings
2023-05-12 12:30:34,558 [INFO] IPUIPlugin:80 - create IPUIPlugin
2023-05-12 12:30:34,558 [INFO] PluginManager:220 - loadIPPluginJar : add quadspi
2023-05-12 12:30:34,562 [INFO] IPUIPlugin:80 - create IPUIPlugin
2023-05-12 12:30:34,563 [INFO] PluginManager:220 - loadIPPluginJar : add resmgrutility
2023-05-12 12:30:34,566 [INFO] IPUIPlugin:80 - create IPUIPlugin
2023-05-12 12:30:34,566 [INFO] PluginManager:220 - loadIPPluginJar : add sai
2023-05-12 12:30:34,568 [INFO] IPUIPlugin:80 - create IPUIPlugin
2023-05-12 12:30:34,568 [INFO] PluginManager:220 - loadIPPluginJar : add spi
2023-05-12 12:30:34,573 [INFO] IPUIPlugin:80 - create IPUIPlugin
2023-05-12 12:30:34,573 [INFO] PluginManager:220 - loadIPPluginJar : add stm32_wpan
2023-05-12 12:30:34,574 [INFO] IPUIPlugin:80 - create IPUIPlugin
2023-05-12 12:30:34,575 [INFO] PluginManager:220 - loadIPPluginJar : add tim
2023-05-12 12:30:34,578 [INFO] IPUIPlugin:80 - create IPUIPlugin
2023-05-12 12:30:34,578 [INFO] PluginManager:220 - loadIPPluginJar : add touchsensing
2023-05-12 12:30:34,580 [INFO] IPUIPlugin:80 - create IPUIPlugin
2023-05-12 12:30:34,581 [INFO] PluginManager:220 - loadIPPluginJar : add tracer_emb
2023-05-12 12:30:34,583 [INFO] IPUIPlugin:80 - create IPUIPlugin
2023-05-12 12:30:34,583 [INFO] PluginManager:220 - loadIPPluginJar : add ts
2023-05-12 12:30:34,585 [INFO] IPUIPlugin:80 - create IPUIPlugin
2023-05-12 12:30:34,586 [INFO] PluginManager:220 - loadIPPluginJar : add tsc
2023-05-12 12:30:34,589 [INFO] IPUIPlugin:80 - create IPUIPlugin
2023-05-12 12:30:34,589 [INFO] PluginManager:220 - loadIPPluginJar : add ucpd
2023-05-12 12:30:34,592 [INFO] IPUIPlugin:80 - create IPUIPlugin
2023-05-12 12:30:34,592 [INFO] PluginManager:220 - loadIPPluginJar : add usart
2023-05-12 12:30:34,595 [INFO] IPUIPlugin:80 - create IPUIPlugin
2023-05-12 12:30:34,595 [INFO] PluginManager:220 - loadIPPluginJar : add usbx
2023-05-12 12:30:34,737 [INFO] CADModel:165 - CPN selected for project level
2023-05-12 12:30:34,737 [INFO] CADModel:114 - Register for checkConnection events
2023-05-12 12:30:34,737 [FATAL] Updater:308 - Updater called before beeing initialized
2023-05-12 12:30:34,737 [ERROR] CADModel:125 - Updater not yet initialized, retry later 
2023-05-12 12:30:34,897 [INFO] CADModel:165 - CPN selected for project level
2023-05-12 12:30:34,897 [INFO] CADModel:114 - Register for checkConnection events
2023-05-12 12:30:34,897 [FATAL] Updater:308 - Updater called before beeing initialized
2023-05-12 12:30:34,897 [ERROR] CADModel:125 - Updater not yet initialized, retry later 
2023-05-12 12:30:34,900 [FATAL] Updater:308 - Updater called before beeing initialized
2023-05-12 12:30:34,967 [FATAL] Updater:308 - Updater called before beeing initialized
2023-05-12 12:30:34,972 [INFO] DbMcusAds:53 - JSON generation date=Tue Mar 07 09:50:55 CET 2023 (1678179055335)
2023-05-12 12:30:34,972 [FATAL] Updater:308 - Updater called before beeing initialized
2023-05-12 12:30:35,097 [WARN] DetailPanel:346 - Failed to get advertising image, set to default
2023-05-12 12:30:35,189 [FATAL] Updater:308 - Updater called before beeing initialized
2023-05-12 12:30:35,191 [FATAL] Updater:308 - Updater called before beeing initialized
2023-05-12 12:30:35,191 [FATAL] Updater:308 - Updater called before beeing initialized
2023-05-12 12:30:35,191 [WARN] DetailPanel:346 - Failed to get advertising image, set to default
2023-05-12 12:30:35,192 [FATAL] Updater:308 - Updater called before beeing initialized
2023-05-12 12:30:35,234 [ERROR] Updater:1120 - MainUpdater not yet initialized. External WinMGr cannot be set.
2023-05-12 12:30:35,255 [INFO] Updater:1056 - Updater Version found : 6.8.0
2023-05-12 12:30:35,281 [INFO] ApplicationProperties:184 - Using Application install path: /opt/st/stm32cubeide_1.12.0/plugins/com.st.stm32cube.common.mx_6.8.0.202302231600
2023-05-12 12:30:35,427 [INFO] MainUpdater:2854 - connection check result : 10
2023-05-12 12:30:35,428 [INFO] MainUpdater:3548 - Updater definition file requires update
2023-05-12 12:30:35,428 [INFO] MainUpdater:283 - Updater Check For Update Now.
2023-05-12 12:30:35,429 [INFO] MicroXplorer:498 - Change Database Version : DB.6.0.80
2023-05-12 12:30:35,462 [INFO] ServerAccessManage:473 - Download File updaters.zip
2023-05-12 12:30:35,599 [INFO] FileExtend:240 - Unzip File : updaters.zip
2023-05-12 12:30:35,599 [INFO] FileExtend:255 - Standard Zip Deflate
2023-05-12 12:30:35,731 [INFO] ServerAccessManage:473 - Download File PacksControlFlags.xml
2023-05-12 12:30:35,762 [INFO] ServerAccessManage:473 - Download File cubemx.pidx
2023-05-12 12:30:35,967 [INFO] ServerAccessManage:473 - Download File STMicroelectronics.FP-SNS-FLIGHT1.pdsc
2023-05-12 12:30:36,009 [INFO] ServerAccessManage:473 - Download File STMicroelectronics.FP-SNS-MOTENV1.pdsc
2023-05-12 12:30:36,070 [INFO] ServerAccessManage:473 - Download File STMicroelectronics.X-CUBE-AI.pdsc
2023-05-12 12:30:36,559 [INFO] ServerAccessManage:473 - Download File STMicroelectronics.X-CUBE-TOUCHGFX.pdsc
2023-05-12 12:30:36,770 [WARN] MainUpdater:1187 - Updater busy. Cannot search thirdparties
2023-05-12 12:30:36,770 [INFO] ThirdPartyUpdaterWithRetryManager:96 - Updater plugin is busy. [1/15]
2023-05-12 12:30:37,114 [WARN] PackLoader:240 - Cannot read IP mode file for STMicroelectronics.FP-SNS-FLIGHT1.5.0.0
2023-05-12 12:30:37,117 [ERROR] RealEvaluatedCondition:428 - Found unsupported composite condition: CLASS='Data Exchange' GROUP='STM32_MetaDataManager'
2023-05-12 12:30:37,117 [ERROR] RealEvaluatedCondition:428 - Found unsupported composite condition: CLASS='Data Exchange' GROUP='STM32_MetaDataManager'
2023-05-12 12:30:37,118 [WARN] PackLoader:240 - Cannot read IP mode file for STMicroelectronics.FP-SNS-MOTENV1.4.3.0
2023-05-12 12:30:37,123 [WARN] PackLoader:240 - Cannot read IP mode file for STMicroelectronics.X-CUBE-AI.8.0.1
2023-05-12 12:30:37,126 [WARN] PackLoader:240 - Cannot read IP mode file for STMicroelectronics.X-CUBE-TOUCHGFX.4.21.4
2023-05-12 12:30:37,126 [INFO] PopulateThirdPartyThread:66 - Ending populate Thread
2023-05-12 12:30:37,129 [INFO] ThirdParty:1030 - CMSIS Pack Vendor :STMicroelectronics FP-SNS-MOTENV1 4.3.0
2023-05-12 12:30:37,129 [INFO] ThirdParty:1030 - CMSIS Pack Vendor :STMicroelectronics FP-SNS-FLIGHT1 5.0.0
2023-05-12 12:30:37,129 [INFO] ThirdParty:1030 - CMSIS Pack Vendor :STMicroelectronics X-CUBE-TOUCHGFX 4.21.4
2023-05-12 12:30:37,129 [INFO] ThirdParty:1030 - CMSIS Pack Vendor :STMicroelectronics X-CUBE-AI 8.0.1
2023-05-12 12:30:37,130 [INFO] LoadServerUpdatesThread:373 - End of LoadServerUpdate Thread
2023-05-12 12:30:37,216 [INFO] CheckServerUpdateThread:120 - End of CheckServer Thread
2023-05-12 12:30:37,236 [INFO] MainUpdater:2854 - connection check result : 10
2023-05-12 12:30:37,237 [INFO] MainUpdater:2854 - connection check result : 10
2023-05-12 12:30:37,316 [INFO] MicroXplorer:468 - Change Database Path : 
2023-05-12 12:30:37,316 [INFO] MicroXplorer:498 - Change Database Version : DB.6.0.80
2023-05-12 12:30:37,317 [WARN] ThirdParty:871 - waiting for thirdparty lock release [close project]
2023-05-12 12:30:39,886 [WARN] PackLoader:240 - Cannot read IP mode file for STMicroelectronics.X-CUBE-GNSS1.6.0.0
2023-05-12 12:30:39,909 [WARN] PackLoader:240 - Cannot read IP mode file for STMicroelectronics.X-CUBE-AZRTOS-F4.1.1.0
2023-05-12 12:30:39,916 [WARN] PackLoader:240 - Cannot read IP mode file for STMicroelectronics.X-CUBE-SMBUS.2.1.0
2023-05-12 12:30:39,939 [WARN] PackLoader:240 - Cannot read IP mode file for STMicroelectronics.X-CUBE-AZRTOS-F7.1.1.0
2023-05-12 12:30:39,990 [WARN] PackLoader:240 - Cannot read IP mode file for STMicroelectronics.X-CUBE-MEMS1.9.6.0
2023-05-12 12:30:40,122 [ERROR] RealEvaluatedCondition:428 - Found unsupported composite condition: CLASS='Data Exchange' GROUP='STM32_MetaDataManager'
2023-05-12 12:30:40,122 [ERROR] RealEvaluatedCondition:428 - Found unsupported composite condition: CLASS='Data Exchange' GROUP='STM32_MetaDataManager'
2023-05-12 12:30:40,123 [WARN] PackLoader:240 - Cannot read IP mode file for STMicroelectronics.FP-SNS-MOTENV1.4.3.0
2023-05-12 12:30:40,126 [WARN] PackLoader:240 - Cannot read IP mode file for STMicroelectronics.FP-SNS-FLIGHT1.5.0.0
2023-05-12 12:30:40,136 [WARN] PackLoader:240 - Cannot read IP mode file for STMicroelectronics.X-CUBE-BLE1.6.2.4
2023-05-12 12:30:40,141 [WARN] PackLoader:240 - Cannot read IP mode file for emotas.I-CUBE-CANOPEN.1.1.3
2023-05-12 12:30:40,146 [WARN] PackLoader:240 - Cannot read IP mode file for STMicroelectronics.X-CUBE-BLEMGR.2.0.0
2023-05-12 12:30:40,159 [WARN] ConditionMgr:438 - getConditionDescription Invalid condition id : UX DEVICE CLASS RTOS Condition cause : null
2023-05-12 12:30:40,160 [WARN] ConditionMgr:438 - getConditionDescription Invalid condition id : UX DEVICE CLASS RTOS Condition cause : null
2023-05-12 12:30:40,162 [WARN] PackLoader:240 - Cannot read IP mode file for STMicroelectronics.X-CUBE-AZRTOS-H7.3.1.0
2023-05-12 12:30:40,163 [WARN] ConditionMgr:1039 - genDependencies : Invalid condition id : UX DEVICE CLASS RTOS Condition cause : null
2023-05-12 12:30:40,163 [WARN] ConditionMgr:1039 - genDependencies : Invalid condition id : UX DEVICE CLASS RTOS Condition cause : null
2023-05-12 12:30:40,164 [WARN] ConditionMgr:1039 - genDependencies : Invalid condition id : UX DEVICE CLASS RTOS Condition cause : null
2023-05-12 12:30:40,164 [WARN] ConditionMgr:1039 - genDependencies : Invalid condition id : UX DEVICE CLASS RTOS Condition cause : null
2023-05-12 12:30:40,164 [WARN] ConditionMgr:1039 - genDependencies : Invalid condition id : UX DEVICE CLASS RTOS Condition cause : null
2023-05-12 12:30:40,169 [WARN] PackLoader:240 - Cannot read IP mode file for STMicroelectronics.X-CUBE-DISPLAY.3.0.0
2023-05-12 12:30:40,174 [WARN] PackLoader:240 - Cannot read IP mode file for wolfSSL.I-CUBE-wolfSSL.5.5.4
2023-05-12 12:30:40,177 [WARN] PackLoader:240 - Cannot read IP mode file for STMicroelectronics.X-CUBE-NFC7.1.0.0
2023-05-12 12:30:40,181 [WARN] PackLoader:240 - Cannot read IP mode file for STMicroelectronics.X-CUBE-EEPRMA1.4.1.0
2023-05-12 12:30:40,185 [WARN] PackLoader:240 - Cannot read IP mode file for WES.I-CUBE-Cesium.1.3.0
2023-05-12 12:30:40,189 [WARN] PackLoader:240 - Cannot read IP mode file for STMicroelectronics.X-CUBE-SFXS2LP1.4.0.0
2023-05-12 12:30:40,192 [WARN] PackLoader:240 - Cannot read IP mode file for STMicroelectronics.X-CUBE-BLE2.3.3.0
2023-05-12 12:30:40,198 [WARN] PackLoader:240 - Cannot read IP mode file for STMicroelectronics.X-CUBE-TOF1.3.2.0
2023-05-12 12:30:40,215 [WARN] PackLoader:240 - Cannot read IP mode file for STMicroelectronics.X-CUBE-AZRTOS-H7.3.0.0
2023-05-12 12:30:40,219 [WARN] PackLoader:240 - Cannot read IP mode file for STMicroelectronics.X-CUBE-ISPU.1.1.0
2023-05-12 12:30:40,224 [WARN] PackLoader:240 - Cannot read IP mode file for RoweBots.I-CUBE-UNISONRTOS.5.5.0-4
2023-05-12 12:30:40,226 [WARN] PackLoader:240 - Cannot read IP mode file for STMicroelectronics.X-CUBE-AI.8.0.0
2023-05-12 12:30:40,229 [WARN] PackLoader:240 - Cannot read IP mode file for STMicroelectronics.X-CUBE-FREERTOS.1.0.0
2023-05-12 12:30:40,231 [WARN] PackLoader:240 - Cannot read IP mode file for STMicroelectronics.X-CUBE-FREERTOS.1.0.1
2023-05-12 12:30:40,232 [WARN] PackLoader:240 - Cannot read IP mode file for STMicroelectronics.X-CUBE-TOUCHGFX.4.21.1
2023-05-12 12:30:40,234 [WARN] PackLoader:240 - Cannot read IP mode file for STMicroelectronics.X-CUBE-TOUCHGFX.4.21.3
2023-05-12 12:30:40,235 [WARN] PackLoader:240 - Cannot read IP mode file for STMicroelectronics.X-CUBE-TOUCHGFX.4.21.4
2023-05-12 12:30:40,238 [WARN] PackLoader:240 - Cannot read IP mode file for STMicroelectronics.X-CUBE-ALGOBUILD.1.3.0
2023-05-12 12:30:40,248 [WARN] PackLoader:240 - Cannot read IP mode file for STMicroelectronics.X-CUBE-AZRTOS-L5.1.1.0
2023-05-12 12:30:40,260 [WARN] PackLoader:240 - Cannot read IP mode file for STMicroelectronics.X-CUBE-AZRTOS-G0.1.1.0
2023-05-12 12:30:40,263 [WARN] PackLoader:240 - Cannot read IP mode file for STMicroelectronics.X-CUBE-AI.8.0.1
2023-05-12 12:30:40,269 [WARN] PackLoader:240 - Cannot read IP mode file for STMicroelectronics.X-CUBE-SUBG2.5.0.0
2023-05-12 12:30:40,276 [WARN] PackLoader:240 - Cannot read IP mode file for STMicroelectronics.X-CUBE-NFC4.3.0.0
2023-05-12 12:30:40,286 [WARN] PackLoader:240 - Cannot read IP mode file for STMicroelectronics.X-CUBE-AZRTOS-G4.2.0.0
2023-05-12 12:30:40,294 [WARN] PackLoader:240 - Cannot read IP mode file for STMicroelectronics.X-CUBE-TOF1.3.3.0
2023-05-12 12:30:40,303 [WARN] PackLoader:240 - Cannot read IP mode file for STMicroelectronics.FP-ATR-ASTRA1.1.1.1
2023-05-12 12:30:40,307 [WARN] PackLoader:240 - Cannot read IP mode file for STMicroelectronics.X-CUBE-BLEMGR.1.3.0
2023-05-12 12:30:40,316 [WARN] PackLoader:240 - Cannot read IP mode file for STMicroelectronics.X-CUBE-AZRTOS-G4.1.0.0
2023-05-12 12:30:40,319 [WARN] PackLoader:240 - Cannot read IP mode file for STMicroelectronics.FP-ATR-SIGFOX1.3.2.0
2023-05-12 12:30:40,335 [WARN] PackLoader:240 - Cannot read IP mode file for STMicroelectronics.X-CUBE-AZRTOS-L4.1.0.0
2023-05-12 12:30:40,346 [WARN] PackLoader:240 - Cannot read IP mode file for STMicroelectronics.X-CUBE-AZRTOS-WL.1.0.0
2023-05-12 12:30:40,350 [WARN] PackLoader:240 - Cannot read IP mode file for portGmbH.I-Cube-SoM-uGOAL.1.1.0
2023-05-12 12:30:40,352 [WARN] PackLoader:240 - Cannot read IP mode file for STMicroelectronics.X-CUBE-ALS.1.0.1
2023-05-12 12:30:40,376 [WARN] PackLoader:240 - Cannot read IP mode file for STMicroelectronics.X-CUBE-MEMS1.9.5.0
2023-05-12 12:30:40,508 [WARN] PackLoader:240 - Cannot read IP mode file for STMicroelectronics.X-CUBE-AZRTOS-WB.1.1.0
2023-05-12 12:30:40,531 [WARN] PackLoader:240 - Cannot read IP mode file for SEGGER.I-CUBE-embOS.1.3.1
2023-05-12 12:30:40,568 [WARN] PackLoader:240 - Cannot read IP mode file for STMicroelectronics.FP-ATR-ASTRA1.2.0.0
2023-05-12 12:30:40,569 [INFO] ThirdParty:978 - Integrity check success = true
2023-05-12 12:30:40,569 [INFO] IntegrityCheckThread:100 - exiting critical section [integrity check]
2023-05-12 12:30:40,569 [INFO] IntegrityCheckThread:103 - End integrity checks thread
2023-05-12 12:30:40,569 [INFO] ThirdParty:873 - entering critical section [close project]
2023-05-12 12:30:40,570 [INFO] ThirdParty:883 - exiting critical section [close project]
2023-05-12 12:30:40,575 [INFO] PinOutPanel:1499 - setPackage(No Configuration,No Configuration)
2023-05-12 12:30:40,600 [INFO] UtilMem:75 - Begin LoadConfig() Used Memory: 239825624 Bytes (455081984)
2023-05-12 12:30:40,601 [INFO] MicroXplorer:468 - Change Database Path : 
2023-05-12 12:30:40,601 [INFO] MicroXplorer:498 - Change Database Version : DB.6.0.80
2023-05-12 12:30:40,601 [INFO] OpenFileManager:308 - Change cursor
2023-05-12 12:30:40,713 [INFO] Mcu:1937 - Initializing MCU STM32F407V(E-G)Tx STM32F407VGTx STM32F407VGT6
2023-05-12 12:30:42,201 [INFO] Context:659 - Trying to add GPIOservice into a context  which must be forbidden
2023-05-12 12:30:42,842 [INFO] RtosManager:555 - Registered RTOS mode: class=CMSIS, group=RTOS, mode=CMSIS_V1, owner=FREERTOS
2023-05-12 12:30:42,842 [INFO] RtosManager:555 - Registered RTOS mode: class=CMSIS, group=RTOS2, mode=CMSIS_V2, owner=FREERTOS
2023-05-12 12:30:42,842 [INFO] RtosManager:555 - Registered RTOS mode: class=RTOS, group=Core, mode=CMSIS_V1, owner=FREERTOS
2023-05-12 12:30:42,842 [INFO] RtosManager:555 - Registered RTOS mode: class=RTOS, group=Core, mode=CMSIS_V2, owner=FREERTOS
2023-05-12 12:30:42,842 [WARN] ModelIntegratedComponent:184 - Missing modes for component STMicroelectronics:FreeRTOS:0.0.1:STMicroelectronics:RTOS:FreeRTOS:Core:::10.2.0:
2023-05-12 12:30:42,875 [WARN] ModelIntegratedComponent:63 - No mode defined for component null
2023-05-12 12:30:42,875 [WARN] ModelIntegratedComponent:63 - No mode defined for component null
2023-05-12 12:30:42,875 [WARN] ModelIntegratedComponent:63 - No mode defined for component null
2023-05-12 12:30:42,875 [WARN] ModelIntegratedComponent:63 - No mode defined for component null
2023-05-12 12:30:42,875 [WARN] ModelIntegratedComponent:63 - No mode defined for component null
2023-05-12 12:30:42,875 [WARN] ModelIntegratedComponent:63 - No mode defined for component null
2023-05-12 12:30:42,875 [WARN] ModelIntegratedComponent:63 - No mode defined for component null
2023-05-12 12:30:42,875 [WARN] ModelIntegratedComponent:63 - No mode defined for component null
2023-05-12 12:30:42,875 [WARN] ModelIntegratedComponent:63 - No mode defined for component null
2023-05-12 12:30:42,875 [WARN] ModelIntegratedComponent:63 - No mode defined for component null
2023-05-12 12:30:42,875 [WARN] ModelIntegratedComponent:63 - No mode defined for component null
2023-05-12 12:30:42,875 [WARN] ModelIntegratedComponent:63 - No mode defined for component null
2023-05-12 12:30:42,875 [WARN] ModelIntegratedComponent:63 - No mode defined for component null
2023-05-12 12:30:42,876 [WARN] ModelIntegratedComponent:63 - No mode defined for component null
2023-05-12 12:30:42,876 [WARN] ModelIntegratedComponent:63 - No mode defined for component null
2023-05-12 12:30:42,876 [WARN] ModelIntegratedComponent:63 - No mode defined for component null
2023-05-12 12:30:42,876 [WARN] ModelIntegratedComponent:63 - No mode defined for component null
2023-05-12 12:30:42,876 [WARN] ModelIntegratedComponent:63 - No mode defined for component null
2023-05-12 12:30:42,876 [WARN] ModelIntegratedComponent:63 - No mode defined for component null
2023-05-12 12:30:42,876 [WARN] ModelIntegratedComponent:63 - No mode defined for component null
2023-05-12 12:30:42,876 [WARN] ModelIntegratedComponent:63 - No mode defined for component null
2023-05-12 12:30:42,876 [WARN] ModelIntegratedComponent:63 - No mode defined for component null
2023-05-12 12:30:42,876 [WARN] ModelIntegratedComponent:63 - No mode defined for component null
2023-05-12 12:30:42,876 [WARN] ModelIntegratedComponent:63 - No mode defined for component null
2023-05-12 12:30:42,876 [WARN] ModelIntegratedComponent:63 - No mode defined for component null
2023-05-12 12:30:42,876 [WARN] ModelIntegratedComponent:63 - No mode defined for component null
2023-05-12 12:30:42,876 [WARN] ModelIntegratedComponent:63 - No mode defined for component null
2023-05-12 12:30:42,876 [WARN] ModelIntegratedComponent:63 - No mode defined for component null
2023-05-12 12:30:42,876 [WARN] ModelIntegratedComponent:63 - No mode defined for component null
2023-05-12 12:30:42,876 [WARN] ModelIntegratedComponent:63 - No mode defined for component null
2023-05-12 12:30:42,876 [WARN] ModelIntegratedComponent:63 - No mode defined for component null
2023-05-12 12:30:42,876 [WARN] ModelIntegratedComponent:63 - No mode defined for component null
2023-05-12 12:30:42,876 [WARN] ModelIntegratedComponent:63 - No mode defined for component null
2023-05-12 12:30:42,985 [INFO] ThirdPartyModel:298 - Start build external matchings
2023-05-12 12:30:43,483 [INFO] ThirdPartyModel:316 - End build external matchings
2023-05-12 12:30:43,509 [INFO] ImportTextPane:194 - (OptionalMessage_ERROR) IP (RCC) : Parameter (RTCHSEDivFreq_Value) has invalid value (4000000)
2023-05-12 12:30:43,725 [INFO] UtilMem:75 - End LoadConfig() Used Memory: 310051744 Bytes (455081984)
2023-05-12 12:30:43,901 [INFO] ApiDb:581 - Connected to CubeFinder SQLite database (/home/hender/.stmcufinder/plugins/mcufinder/mcu/cube-finder-db.db)
2023-05-12 12:30:43,977 [INFO] ApiDb:668 - CubeFinder database Data Model version=2.1
2023-05-12 12:30:43,977 [INFO] ApiDb:669 - CubeFinder database Configuration version=3.0.35
2023-05-12 12:30:43,977 [INFO] ApiDb:670 - CubeFinder database generation date=2023-03-10 (1678456172)
2023-05-12 12:30:43,977 [INFO] ApiDb:671 - CubeFinder database FW Pack versions=[FP-ATR-ASTRA1_V1.1.1, STM32Cube_FW_C0_V1.0.1, STM32Cube_FW_F0_V1.11.4, STM32Cube_FW_F3_V1.11.4, STM32Cube_FW_F4_V1.27.1, STM32Cube_FW_F7_V1.17.0, STM32Cube_FW_G0_V1.6.1, STM32Cube_FW_G4_V1.5.1, STM32Cube_FW_H5_V0.5.1, STM32Cube_FW_H5_V1.0.0, STM32Cube_FW_H7_V1.11.0, STM32Cube_FW_L0_V1.12.2, STM32Cube_FW_L5_V1.5.0, STM32Cube_FW_U5_V1.2.0, STM32Cube_FW_WBA_V1.0.0, STM32Cube_FW_WBA_V1.0.0RC1, STM32Cube_FW_WBA_V1.0.0RC3, STM32Cube_FW_WB_V1.15.0RC1, STM32Cube_FW_WB_V1.16.0, STM32Cube_FW_WB_V1.16.0RC2, STM32Cube_FW_WL_V1.3.0, X-CUBE-ALGOBUILD_V1.3.0, X-CUBE-ALS_V1.0.1, X-CUBE-AZRTOS-F4_V1.1.0, X-CUBE-AZRTOS-F7_V1.1.0, X-CUBE-AZRTOS-G0_V1.1.0, X-CUBE-AZRTOS-G4_V1.0.0, X-CUBE-AZRTOS-H7_V3.0.0, X-CUBE-AZRTOS-L4_V1.0.0, X-CUBE-AZRTOS-L5_V1.1.0, X-CUBE-AZRTOS-WB_V1.1.0, X-CUBE-AZRTOS-WL_V1.0.0, X-CUBE-BLE1_V6.2.4, X-CUBE-BLE2_V3.3.0, X-CUBE-BLEMGR_V1.3.0, X-CUBE-EEPRMA1_V4.1.0, X-CUBE-GNSS1_V6.0.0, X-CUBE-MEMS1_V9.1.0, X-CUBE-MEMS1_V9.4.0, X-CUBE-MEMS1_V9.5.0, X-CUBE-NFC4_V3.0.0, X-CUBE-NFC7_V1.0.0, X-CUBE-SFXS2LP1_V4.0.0, X-CUBE-SUBG2_V5.0.0]
2023-05-12 12:30:45,680 [INFO] ApiDb:240 - Found 297 in-development CPN: [B-G473E-ZEST1S, B-WB1M-WPAN1, B-WL5M-SUBG1, NUCLEO-C031C6, NUCLEO-H503RB, NUCLEO-H563ZI, NUCLEO-U545RE-Q, NUCLEO-U5A5ZJ-Q, NUCLEO-WBA52CG, STEVAL-PROTEUS1, STEVAL-STWINBX1, STM320518-EVAL, STM32C0116-DK, STM32C011D6Y3TR, STM32C011D6Y6TR, STM32C011F4P3, STM32C011F4P6, STM32C011F4U3, STM32C011F4U6TR, STM32C011F6P3, STM32C011F6P6, STM32C011F6U3, STM32C011F6U6TR, STM32C011J4M3, STM32C011J4M6, STM32C011J6M3, STM32C011J6M6, STM32C0316-DK, STM32C031C4T3, STM32C031C4T6, STM32C031C4U3, STM32C031C4U6, STM32C031C6T3, STM32C031C6T6, STM32C031C6U3, STM32C031C6U6, STM32C031F4P3, STM32C031F4P6, STM32C031F6P3, STM32C031F6P6, STM32C031G4U3, STM32C031G4U6, STM32C031G6U3, STM32C031G6U6, STM32C031K4T3, STM32C031K4T6, STM32C031K4U3, STM32C031K4U6, STM32C031K6T3, STM32C031K6T6, STM32C031K6U3, STM32C031K6U6, STM32G071K8TXN, STM32G071K8UXN, STM32G081GBU6N, STM32G081KBT6N, STM32G081KBUXN, STM32G0B1CCT6N, STM32G0B1KCT6, STM32G0B1NEY6TR, STM32G0B1RCT6N, STM32G0C1CCT6, STM32G0C1CCT6N, STM32G0C1CCU6N, STM32G0C1CET6N, STM32G0C1CEU6N, STM32G0C1KCT6, STM32G0C1NEY6TR, STM32G0C1RCI6N, STM32G0C1RCT6N, STM32G0C1REI6N, STM32G0C1RET6N, STM32G0C1VCI6, STM32G0C1VEI6, STM32G471CCT6, STM32G471CCU6, STM32G471CET3, STM32G471CET6, STM32G471CEU3, STM32G471CEU6, STM32G471MCT6, STM32G471MET3, STM32G471MET6, STM32G471MEY6TR, STM32G471QCT6, STM32G471QET3, STM32G471RCT6, STM32G471RET3, STM32G471RET6, STM32G471VCH6, STM32G471VCI6, STM32G471VCT6, STM32G471VEH3, STM32G471VEH6, STM32G471VEI3, STM32G471VEI6, STM32G471VET3, STM32G471VET6, STM32G474CCT6, STM32H503CBT6, STM32H503CBU6, STM32H503EBY6TR, STM32H503KBU6, STM32H503RBT6, STM32H562AGI6, STM32H562AII6, STM32H562IGK6, STM32H562IGT6, STM32H562IIK6, STM32H562IIT6, STM32H562RGT6, STM32H562RGV6, STM32H562RIT6, STM32H562RIV6, STM32H562VGT6, STM32H562VIT6, STM32H562ZGT6, STM32H562ZIT6, STM32H563AGI6, STM32H563AII3Q, STM32H563AII6, STM32H563IGK6, STM32H563IGT6, STM32H563IIK3Q, STM32H563IIK6, STM32H563IIT3Q, STM32H563IIT6, STM32H563MIY3QTR, STM32H563RGT6, STM32H563RGV6, STM32H563RIT6, STM32H563RIV6, STM32H563VGT6, STM32H563VIT3Q, STM32H563VIT6, STM32H563ZGT6, STM32H563ZIT3Q, STM32H563ZIT6, STM32H573AII3Q, STM32H573AII6, STM32H573I-DK, STM32H573IIK3Q, STM32H573IIK6, STM32H573IIT3Q, STM32H573IIT6, STM32H573MIY3QTR, STM32H573RIT6, STM32H573RIV6, STM32H573VIT3Q, STM32H573VIT6, STM32H573ZIT3Q, STM32H573ZIT6, STM32L4R5QGI6STR, STM32MP131AAE3, STM32MP131AAF3, STM32MP131AAG3, STM32MP131CAE3, STM32MP131CAF3, STM32MP131CAG3, STM32MP131DAE7, STM32MP131DAF7, STM32MP131DAG7, STM32MP131FAE7, STM32MP131FAF7, STM32MP131FAG7, STM32MP133AAE3, STM32MP133AAF3, STM32MP133AAG3, STM32MP133CAE3, STM32MP133CAF3, STM32MP133CAG3, STM32MP133DAE7, STM32MP133DAF7, STM32MP133DAG7, STM32MP133FAE7, STM32MP133FAF7, STM32MP133FAG7, STM32MP135AAE3, STM32MP135AAF3, STM32MP135AAG3, STM32MP135CAE3, STM32MP135CAF3, STM32MP135CAG3, STM32MP135DAE7, STM32MP135DAF7, STM32MP135DAG7, STM32MP135F-DK, STM32MP135FAE7, STM32MP135FAF7, STM32MP135FAF7T, STM32MP135FAF7U, STM32MP135FAG7, STM32U535CBT6, STM32U535CBT6Q, STM32U535CBU6, STM32U535CBU6Q, STM32U535CCT6, STM32U535CCT6Q, STM32U535CCU6, STM32U535CCU6Q, STM32U535CET6, STM32U535CET6Q, STM32U535CEU6, STM32U535CEU6Q, STM32U535JEY6QTR, STM32U535NCY6QTR, STM32U535NEY6QTR, STM32U535RBI6, STM32U535RBI6Q, STM32U535RBT6, STM32U535RBT6Q, STM32U535RCI6, STM32U535RCI6Q, STM32U535RCT6, STM32U535RCT6Q, STM32U535REI6, STM32U535REI6Q, STM32U535RET6, STM32U535RET6Q, STM32U535VCI6, STM32U535VCI6Q, STM32U535VCT6, STM32U535VCT6Q, STM32U535VEI6, STM32U535VEI6Q, STM32U535VET6, STM32U535VET6Q, STM32U545CET6, STM32U545CET6Q, STM32U545CEU6, STM32U545CEU6Q, STM32U545JEY6QTR, STM32U545NEY6QTR, STM32U545REI6, STM32U545REI6Q, STM32U545RET6, STM32U545RET6Q, STM32U545VEI6, STM32U545VEI6Q, STM32U545VET6, STM32U545VET6Q, STM32U595AIH6, STM32U595AIH6Q, STM32U595AJH6, STM32U595AJH6Q, STM32U595QII6, STM32U595QII6Q, STM32U595QJI6, STM32U595QJI6Q, STM32U595RIT6, STM32U595RIT6Q, STM32U595RJT6, STM32U595RJT6Q, STM32U595VIT6, STM32U595VIT6Q, STM32U595VJT6, STM32U595VJT6Q, STM32U595ZIT6, STM32U595ZIT6Q, STM32U595ZIY6QTR, STM32U595ZJT6, STM32U595ZJT6Q, STM32U595ZJY6QTR, STM32U599BJY6QTR, STM32U599NIH6Q, STM32U599NJH6Q, STM32U599VIT6Q, STM32U599VJT6, STM32U599VJT6Q, STM32U599ZIT6Q, STM32U599ZIY6QTR, STM32U599ZJT6Q, STM32U599ZJY6QTR, STM32U5A5AJH6, STM32U5A5AJH6Q, STM32U5A5QJI6, STM32U5A5QJI6Q, STM32U5A5RJT6, STM32U5A5RJT6Q, STM32U5A5VJT6, STM32U5A5VJT6Q, STM32U5A5ZJT6, STM32U5A5ZJT6Q, STM32U5A5ZJY6QTR, STM32U5A9BJY6QTR, STM32U5A9J-DK, STM32U5A9NJH6Q, STM32U5A9VJT6Q, STM32U5A9ZJT6Q, STM32U5A9ZJY6QTR, STM32WB1MMCH6, STM32WBA52CEU6, STM32WBA52CEU6T, STM32WBA52CGU6, STM32WBA52CGU6T, STM32WL5MOCH6, STM32WL5MOCH6TR]
2023-05-12 12:30:45,682 [INFO] DbMcus:216 - Found 3775 MCUs, 3775 are supported
2023-05-12 12:30:45,685 [INFO] ApiDb:423 - Load user favorites file /home/hender/.stm32cubeide/favorites.mcus.txt: 0 item(s)
2023-05-12 12:30:45,685 [INFO] ApiDb:427 - User favorites MCUs=[]
2023-05-12 12:30:45,685 [INFO] DbMcus:222 - Set 0 / 0 favorites MCUs
2023-05-12 12:30:46,084 [WARN] ThirdParty:833 - waiting for thirdparty lock release [change project]
2023-05-12 12:30:46,084 [INFO] ThirdParty:835 - entering critical section [change project]
2023-05-12 12:30:46,084 [INFO] ThirdParty:1030 - CMSIS Pack Vendor :STMicroelectronics X-CUBE-ISPU 1.1.0
2023-05-12 12:30:46,084 [INFO] ThirdParty:1030 - CMSIS Pack Vendor :RoweBots I-CUBE-UNISONRTOS 5.5.0-4
2023-05-12 12:30:46,084 [INFO] ThirdParty:1030 - CMSIS Pack Vendor :STMicroelectronics X-CUBE-GNSS1 6.0.0
2023-05-12 12:30:46,084 [INFO] ThirdParty:1030 - CMSIS Pack Vendor :STMicroelectronics USB_HOST 2.0.0
2023-05-12 12:30:46,084 [INFO] ThirdParty:1030 - CMSIS Pack Vendor :STMicroelectronics X-CUBE-AZRTOS-F4 1.1.0
2023-05-12 12:30:46,084 [INFO] ThirdParty:1030 - CMSIS Pack Vendor :STMicroelectronics LIBJPEG 8.0.0
2023-05-12 12:30:46,085 [INFO] ThirdParty:1030 - CMSIS Pack Vendor :STMicroelectronics X-CUBE-SMBUS 2.1.0
2023-05-12 12:30:46,085 [INFO] ThirdParty:1030 - CMSIS Pack Vendor :STMicroelectronics USB_DEVICE 3.0.0
2023-05-12 12:30:46,085 [INFO] ThirdParty:1030 - CMSIS Pack Vendor :STMicroelectronics X-CUBE-AI 8.0.0
2023-05-12 12:30:46,085 [INFO] ThirdParty:1030 - CMSIS Pack Vendor :STMicroelectronics X-CUBE-FREERTOS 1.0.0
2023-05-12 12:30:46,085 [INFO] ThirdParty:1030 - CMSIS Pack Vendor :STMicroelectronics X-CUBE-FREERTOS 1.0.1
2023-05-12 12:30:46,085 [INFO] ThirdParty:1030 - CMSIS Pack Vendor :STMicroelectronics X-CUBE-TOUCHGFX 4.21.1
2023-05-12 12:30:46,085 [INFO] ThirdParty:1030 - CMSIS Pack Vendor :STMicroelectronics X-CUBE-TOUCHGFX 4.21.3
2023-05-12 12:30:46,085 [INFO] ThirdParty:1030 - CMSIS Pack Vendor :STMicroelectronics X-CUBE-AZRTOS-F7 1.1.0
2023-05-12 12:30:46,085 [INFO] ThirdParty:1030 - CMSIS Pack Vendor :STMicroelectronics X-CUBE-TOUCHGFX 4.21.4
2023-05-12 12:30:46,085 [INFO] ThirdParty:1030 - CMSIS Pack Vendor :STMicroelectronics USB_DEVICE 2.0.0
2023-05-12 12:30:46,085 [INFO] ThirdParty:1030 - CMSIS Pack Vendor :STMicroelectronics X-CUBE-MEMS1 9.6.0
2023-05-12 12:30:46,085 [INFO] ThirdParty:1030 - CMSIS Pack Vendor :STMicroelectronics FP-SNS-MOTENV1 4.3.0
2023-05-12 12:30:46,085 [INFO] ThirdParty:1030 - CMSIS Pack Vendor :STMicroelectronics FP-SNS-FLIGHT1 5.0.0
2023-05-12 12:30:46,085 [INFO] ThirdParty:1030 - CMSIS Pack Vendor :STMicroelectronics X-CUBE-ALGOBUILD 1.3.0
2023-05-12 12:30:46,085 [INFO] ThirdParty:1030 - CMSIS Pack Vendor :STMicroelectronics X-CUBE-BLE1 6.2.4
2023-05-12 12:30:46,086 [INFO] ThirdParty:1030 - CMSIS Pack Vendor :STMicroelectronics X-CUBE-AZRTOS-L5 1.1.0
2023-05-12 12:30:46,086 [INFO] ThirdParty:1030 - CMSIS Pack Vendor :STMicroelectronics FreeRTOS 0.0.1
2023-05-12 12:30:46,086 [INFO] ThirdParty:1030 - CMSIS Pack Vendor :emotas I-CUBE-CANOPEN 1.1.3
2023-05-12 12:30:46,086 [INFO] ThirdParty:1030 - CMSIS Pack Vendor :STMicroelectronics X-CUBE-AZRTOS-G0 1.1.0
2023-05-12 12:30:46,086 [INFO] ThirdParty:1030 - CMSIS Pack Vendor :STMicroelectronics X-CUBE-BLEMGR 2.0.0
2023-05-12 12:30:46,086 [INFO] ThirdParty:1030 - CMSIS Pack Vendor :STMicroelectronics X-CUBE-AI 8.0.1
2023-05-12 12:30:46,086 [INFO] ThirdParty:1030 - CMSIS Pack Vendor :STMicroelectronics X-CUBE-SUBG2 5.0.0
2023-05-12 12:30:46,086 [INFO] ThirdParty:1030 - CMSIS Pack Vendor :STMicroelectronics X-CUBE-NFC4 3.0.0
2023-05-12 12:30:46,086 [INFO] ThirdParty:1030 - CMSIS Pack Vendor :STMicroelectronics STM32_WPAN 1.0.0
2023-05-12 12:30:46,086 [INFO] ThirdParty:1030 - CMSIS Pack Vendor :STMicroelectronics lwIP 2.0.3
2023-05-12 12:30:46,086 [INFO] ThirdParty:1030 - CMSIS Pack Vendor :STMicroelectronics USB_HOST 1.0.0
2023-05-12 12:30:46,086 [INFO] ThirdParty:1030 - CMSIS Pack Vendor :STMicroelectronics X-CUBE-AZRTOS-G4 2.0.0
2023-05-12 12:30:46,086 [INFO] ThirdParty:1030 - CMSIS Pack Vendor :STMicroelectronics PDM2PCM 3.1.0
2023-05-12 12:30:46,086 [INFO] ThirdParty:1030 - CMSIS Pack Vendor :STMicroelectronics X-CUBE-AZRTOS-H7 3.1.0
2023-05-12 12:30:46,086 [INFO] ThirdParty:1030 - CMSIS Pack Vendor :STMicroelectronics X-CUBE-TOF1 3.3.0
2023-05-12 12:30:46,086 [INFO] ThirdParty:1030 - CMSIS Pack Vendor :STMicroelectronics FP-ATR-ASTRA1 1.1.1
2023-05-12 12:30:46,087 [INFO] ThirdParty:1030 - CMSIS Pack Vendor :STMicroelectronics PDM2PCM 3.3.0
2023-05-12 12:30:46,087 [INFO] ThirdParty:1030 - CMSIS Pack Vendor :STMicroelectronics X-CUBE-DISPLAY 3.0.0
2023-05-12 12:30:46,087 [INFO] ThirdParty:1030 - CMSIS Pack Vendor :STMicroelectronics X-CUBE-BLEMGR 1.3.0
2023-05-12 12:30:46,087 [INFO] ThirdParty:1030 - CMSIS Pack Vendor :STMicroelectronics X-CUBE-AZRTOS-G4 1.0.0
2023-05-12 12:30:46,087 [INFO] ThirdParty:1030 - CMSIS Pack Vendor :STMicroelectronics FP-ATR-SIGFOX1 3.2.0
2023-05-12 12:30:46,087 [INFO] ThirdParty:1030 - CMSIS Pack Vendor :wolfSSL I-CUBE-wolfSSL 5.5.4
2023-05-12 12:30:46,087 [INFO] ThirdParty:1030 - CMSIS Pack Vendor :STMicroelectronics X-CUBE-AZRTOS-L4 1.0.0
2023-05-12 12:30:46,087 [INFO] ThirdParty:1030 - CMSIS Pack Vendor :STMicroelectronics HAL Drivers 0.0.0
2023-05-12 12:30:46,087 [INFO] ThirdParty:1030 - CMSIS Pack Vendor :STMicroelectronics MBEDTLS 2.16.2
2023-05-12 12:30:46,087 [INFO] ThirdParty:1030 - CMSIS Pack Vendor :STMicroelectronics MBEDTLS 2.14.1
2023-05-12 12:30:46,087 [INFO] ThirdParty:1030 - CMSIS Pack Vendor :STMicroelectronics X-CUBE-NFC7 1.0.0
2023-05-12 12:30:46,087 [INFO] ThirdParty:1030 - CMSIS Pack Vendor :STMicroelectronics X-CUBE-AZRTOS-WL 1.0.0
2023-05-12 12:30:46,088 [INFO] ThirdParty:1030 - CMSIS Pack Vendor :STMicroelectronics X-CUBE-EEPRMA1 4.1.0
2023-05-12 12:30:46,088 [INFO] ThirdParty:1030 - CMSIS Pack Vendor :portGmbH I-Cube-SoM-uGOAL 1.1.0
2023-05-12 12:30:46,088 [INFO] ThirdParty:1030 - CMSIS Pack Vendor :STMicroelectronics X-CUBE-ALS 1.0.1
2023-05-12 12:30:46,088 [INFO] ThirdParty:1030 - CMSIS Pack Vendor :STMicroelectronics X-CUBE-MEMS1 9.5.0
2023-05-12 12:30:46,088 [INFO] ThirdParty:1030 - CMSIS Pack Vendor :STMicroelectronics ThreadX 1.0.0
2023-05-12 12:30:46,088 [INFO] ThirdParty:1030 - CMSIS Pack Vendor :STMicroelectronics X-CUBE-AZRTOS-WB 1.1.0
2023-05-12 12:30:46,088 [INFO] ThirdParty:1030 - CMSIS Pack Vendor :SEGGER I-CUBE-embOS 1.3.1
2023-05-12 12:30:46,088 [INFO] ThirdParty:1030 - CMSIS Pack Vendor :STMicroelectronics USB_DEVICE 1.0.0
2023-05-12 12:30:46,088 [INFO] ThirdParty:1030 - CMSIS Pack Vendor :STMicroelectronics ThreadX 0.0.2
2023-05-12 12:30:46,088 [INFO] ThirdParty:1030 - CMSIS Pack Vendor :WES I-CUBE-Cesium 1.3.0
2023-05-12 12:30:46,088 [INFO] ThirdParty:1030 - CMSIS Pack Vendor :STMicroelectronics FP-ATR-ASTRA1 2.0.0
2023-05-12 12:30:46,088 [INFO] ThirdParty:1030 - CMSIS Pack Vendor :STMicroelectronics lwIP 2.1.2
2023-05-12 12:30:46,088 [INFO] ThirdParty:1030 - CMSIS Pack Vendor :STMicroelectronics X-CUBE-SFXS2LP1 4.0.0
2023-05-12 12:30:46,088 [INFO] ThirdParty:1030 - CMSIS Pack Vendor :STMicroelectronics X-CUBE-BLE2 3.3.0
2023-05-12 12:30:46,088 [INFO] ThirdParty:1030 - CMSIS Pack Vendor :STMicroelectronics X-CUBE-TOF1 3.2.0
2023-05-12 12:30:46,088 [INFO] ThirdParty:1030 - CMSIS Pack Vendor :STMicroelectronics PDM2PCM 3.2.0
2023-05-12 12:30:46,089 [INFO] ThirdParty:1030 - CMSIS Pack Vendor :STMicroelectronics X-CUBE-AZRTOS-H7 3.0.0
2023-05-12 12:30:46,089 [INFO] ThirdParty:841 - exiting critical section [change project]
2023-05-12 12:30:46,506 [INFO] PinOutPanel:1499 - setPackage(No Configuration,No Configuration)
2023-05-12 12:30:46,506 [INFO] PinOutPanel:1499 - setPackage(STM32F407VGTx,LQFP100)
2023-05-12 12:30:46,928 [INFO] UtilMem:75 - Before build in PCC Used Memory: 355505376 Bytes (455081984)
2023-05-12 12:30:47,457 [INFO] UtilMem:75 - After build in PCC Used Memory: 302684320 Bytes (455081984)
2023-05-12 12:30:47,480 [INFO] IPUIPlugin:80 - create IPUIPlugin
2023-05-12 12:30:47,481 [INFO] IPUIPlugin:80 - create IPUIPlugin
2023-05-12 12:30:47,481 [INFO] IPUIPlugin:80 - create IPUIPlugin
2023-05-12 12:30:47,481 [INFO] IPUIPlugin:80 - create IPUIPlugin
2023-05-12 12:30:47,481 [INFO] IPUIPlugin:80 - create IPUIPlugin
2023-05-12 12:30:47,481 [INFO] IPUIPlugin:80 - create IPUIPlugin
2023-05-12 12:30:47,481 [INFO] IPUIPlugin:80 - create IPUIPlugin
2023-05-12 12:30:47,481 [INFO] IPUIPlugin:80 - create IPUIPlugin
2023-05-12 12:30:47,481 [INFO] IPUIPlugin:80 - create IPUIPlugin
2023-05-12 12:30:47,481 [INFO] IPUIPlugin:80 - create IPUIPlugin
2023-05-12 12:30:47,481 [INFO] IPUIPlugin:80 - create IPUIPlugin
2023-05-12 12:30:47,482 [INFO] IPUIPlugin:80 - create IPUIPlugin
2023-05-12 12:30:47,482 [INFO] IPUIPlugin:80 - create IPUIPlugin
2023-05-12 12:30:47,482 [INFO] IPUIPlugin:80 - create IPUIPlugin
2023-05-12 12:30:47,482 [INFO] IPUIPlugin:80 - create IPUIPlugin
2023-05-12 12:30:47,482 [INFO] IPUIPlugin:80 - create IPUIPlugin
2023-05-12 12:30:47,482 [INFO] IPUIPlugin:80 - create IPUIPlugin
2023-05-12 12:30:47,482 [INFO] IPUIPlugin:80 - create IPUIPlugin
2023-05-12 12:30:47,482 [INFO] IPUIPlugin:80 - create IPUIPlugin
2023-05-12 12:30:47,482 [INFO] IPUIPlugin:80 - create IPUIPlugin
2023-05-12 12:30:47,482 [INFO] IPUIPlugin:80 - create IPUIPlugin
2023-05-12 12:30:47,483 [INFO] IPUIPlugin:80 - create IPUIPlugin
2023-05-12 12:30:47,483 [INFO] IPUIPlugin:80 - create IPUIPlugin
2023-05-12 12:30:47,483 [INFO] IPUIPlugin:80 - create IPUIPlugin
2023-05-12 12:30:47,483 [INFO] IPUIPlugin:80 - create IPUIPlugin
2023-05-12 12:30:47,483 [INFO] IPUIPlugin:80 - create IPUIPlugin
2023-05-12 12:30:47,483 [INFO] IPUIPlugin:80 - create IPUIPlugin
2023-05-12 12:30:47,484 [INFO] IPUIPlugin:80 - create IPUIPlugin
2023-05-12 12:30:47,484 [INFO] IPUIPlugin:80 - create IPUIPlugin
2023-05-12 12:30:47,484 [INFO] IPUIPlugin:80 - create IPUIPlugin
2023-05-12 12:30:47,484 [INFO] IPUIPlugin:80 - create IPUIPlugin
2023-05-12 12:30:47,484 [INFO] IPUIPlugin:80 - create IPUIPlugin
2023-05-12 12:30:47,484 [INFO] IPUIPlugin:80 - create IPUIPlugin
2023-05-12 12:30:47,485 [INFO] IPUIPlugin:80 - create IPUIPlugin
2023-05-12 12:30:47,485 [INFO] IPUIPlugin:80 - create IPUIPlugin
2023-05-12 12:30:47,485 [INFO] IPUIPlugin:80 - create IPUIPlugin
2023-05-12 12:30:47,485 [INFO] IPUIPlugin:80 - create IPUIPlugin
2023-05-12 12:30:47,485 [INFO] IPUIPlugin:80 - create IPUIPlugin
2023-05-12 12:30:47,486 [INFO] IPUIPlugin:80 - create IPUIPlugin
2023-05-12 12:30:47,486 [INFO] IPUIPlugin:80 - create IPUIPlugin
2023-05-12 12:30:47,486 [INFO] IPUIPlugin:80 - create IPUIPlugin
2023-05-12 12:30:47,486 [INFO] IPUIPlugin:80 - create IPUIPlugin
2023-05-12 12:30:47,486 [INFO] IPUIPlugin:80 - create IPUIPlugin
2023-05-12 12:30:47,486 [INFO] IPUIPlugin:80 - create IPUIPlugin
2023-05-12 12:30:47,487 [INFO] IPUIPlugin:80 - create IPUIPlugin
2023-05-12 12:30:47,487 [INFO] IPUIPlugin:80 - create IPUIPlugin
2023-05-12 12:30:47,487 [INFO] IPUIPlugin:80 - create IPUIPlugin
2023-05-12 12:30:47,487 [INFO] IPUIPlugin:80 - create IPUIPlugin
2023-05-12 12:30:47,488 [INFO] IPUIPlugin:80 - create IPUIPlugin
2023-05-12 12:30:47,488 [INFO] IPUIPlugin:80 - create IPUIPlugin
2023-05-12 12:30:47,488 [INFO] IPUIPlugin:80 - create IPUIPlugin
2023-05-12 12:30:47,488 [INFO] IPUIPlugin:80 - create IPUIPlugin
2023-05-12 12:30:47,489 [INFO] IPUIPlugin:80 - create IPUIPlugin
2023-05-12 12:30:47,489 [INFO] IPUIPlugin:80 - create IPUIPlugin
2023-05-12 12:30:47,489 [INFO] IPUIPlugin:80 - create IPUIPlugin
2023-05-12 12:30:47,490 [INFO] IPUIPlugin:80 - create IPUIPlugin
2023-05-12 12:30:47,490 [INFO] IPUIPlugin:80 - create IPUIPlugin
2023-05-12 12:30:47,490 [INFO] IPUIPlugin:80 - create IPUIPlugin
2023-05-12 12:30:47,519 [INFO] ApiDbMcu:507 - Load IP Config File for PDM2PCM
2023-05-12 12:30:47,652 [INFO] CADModel:165 - CPN selected for project levelSTM32F407VGT6
2023-05-12 12:30:47,652 [INFO] CADModel:114 - Register for checkConnection events
2023-05-12 12:30:47,692 [INFO] OpenFileManager:328 - Restore cursor
