2023-05-04 16:10:51,480 [INFO] Activator:176 - 


2023-05-04 16:10:51,485 [INFO] Activator:177 - !SESSION log4j initialized
2023-05-04 16:10:57,345 [INFO] LogOutputStream:77 - [STDOUT_REDIRECT] 
2023-05-04 16:11:19,477 [ERROR] LogOutputStream:75 - [STDERR_REDIRECT] SLF4J: Failed to load class "org.slf4j.impl.StaticLoggerBinder".
2023-05-04 16:11:19,478 [ERROR] LogOutputStream:75 - [STDERR_REDIRECT] SLF4J: Defaulting to no-operation (NOP) logger implementation
2023-05-04 16:11:19,478 [ERROR] LogOutputStream:75 - [STDERR_REDIRECT] SLF4J: See http://www.slf4j.org/codes.html#StaticLoggerBinder for further details.
2023-05-04 16:25:20,064 [INFO] ApplicationProperties:184 - Using Application install path: /opt/st/stm32cubeide_1.12.0/plugins/com.st.stm32cube.common.mx_6.8.0.202302231600
2023-05-04 16:25:20,142 [INFO] DbMcusXml:78 - Set database path to: /opt/st/stm32cubeide_1.12.0/plugins/com.st.stm32cube.common.mx_6.8.0.202302231600//db//mcu/
2023-05-04 16:25:20,144 [INFO] ApiDb:274 - Set plugin database path to: /opt/st/stm32cubeide_1.12.0/plugins/com.st.stm32cube.common.mx_6.8.0.202302231600//db//plugins/boardmanager/
2023-05-04 16:25:20,151 [WARN] ApiDb:259 - Overriding images path with different value:  => /opt/st/stm32cubeide_1.12.0/plugins/com.st.stm32cube.common.mx_6.8.0.202302231600//db//plugins/mcufinder/images/
2023-05-04 16:25:20,262 [INFO] ApiDb:250 - Set database path to: /home/hender/.stmcufinder/plugins/mcufinder//mcu/
2023-05-04 16:25:20,266 [INFO] DbMcusAds:125 - Set database path to: /home/hender/.stmcufinder/plugins/mcufinder//mcu/
2023-05-04 16:25:20,707 [INFO] CrossReferenceDbSqlite:203 - Set database path to: /home/hender/.stmcufinder/plugins/mcufinder//mcu/cs/
2023-05-04 16:25:21,124 [INFO] RulesReader:64 - Compatibility file has been processed (293 Rules)
2023-05-04 16:25:21,264 [INFO] DbMcusXml:78 - Set database path to: /opt/st/stm32cubeide_1.12.0/plugins/com.st.stm32cube.common.mx_6.8.0.202302231600//db//mcu/
2023-05-04 16:25:21,265 [INFO] ApiDb:274 - Set plugin database path to: /opt/st/stm32cubeide_1.12.0/plugins/com.st.stm32cube.common.mx_6.8.0.202302231600//db//plugins/boardmanager/
2023-05-04 16:25:21,265 [INFO] ApiDb:261 - Set plugin images path to: /opt/st/stm32cubeide_1.12.0/plugins/com.st.stm32cube.common.mx_6.8.0.202302231600//db//plugins/mcufinder/images/
2023-05-04 16:25:21,265 [WARN] DbFile:41 - Overriding database path with different value: /home/hender/.stmcufinder/plugins/mcufinder/ => /home/hender/.stmcufinder/plugins/mcufinder
2023-05-04 16:25:21,265 [INFO] ApiDb:250 - Set database path to: /home/hender/.stmcufinder/plugins/mcufinder//mcu/
2023-05-04 16:25:21,266 [WARN] DbFile:41 - Overriding database path with different value: /home/hender/.stmcufinder/plugins/mcufinder/ => /home/hender/.stmcufinder/plugins/mcufinder
2023-05-04 16:25:21,266 [INFO] DbMcusAds:125 - Set database path to: /home/hender/.stmcufinder/plugins/mcufinder//mcu/
2023-05-04 16:25:21,266 [WARN] DbFile:41 - Overriding database path with different value: /home/hender/.stmcufinder/plugins/mcufinder/ => /home/hender/.stmcufinder/plugins/mcufinder
2023-05-04 16:25:21,266 [WARN] DbFile:41 - Overriding database path with different value: /home/hender/.stmcufinder/plugins/mcufinder/ => /home/hender/.stmcufinder/plugins/mcufinder
2023-05-04 16:25:21,266 [INFO] CrossReferenceDbSqlite:203 - Set database path to: /home/hender/.stmcufinder/plugins/mcufinder//mcu/cs/
2023-05-04 16:25:21,529 [INFO] MainPanel:253 - HeapMemory: 532676608
2023-05-04 16:25:21,725 [INFO] DbMcusXml:78 - Set database path to: /opt/st/stm32cubeide_1.12.0/plugins/com.st.stm32cube.common.mx_6.8.0.202302231600//db//mcu/
2023-05-04 16:25:21,725 [INFO] ApiDb:274 - Set plugin database path to: /opt/st/stm32cubeide_1.12.0/plugins/com.st.stm32cube.common.mx_6.8.0.202302231600//db//plugins/boardmanager/
2023-05-04 16:25:21,725 [INFO] ApiDb:261 - Set plugin images path to: /opt/st/stm32cubeide_1.12.0/plugins/com.st.stm32cube.common.mx_6.8.0.202302231600//db//plugins/mcufinder/images/
2023-05-04 16:25:21,725 [WARN] DbFile:41 - Overriding database path with different value: /home/hender/.stmcufinder/plugins/mcufinder/ => /home/hender/.stmcufinder/plugins/mcufinder
2023-05-04 16:25:21,726 [INFO] ApiDb:250 - Set database path to: /home/hender/.stmcufinder/plugins/mcufinder//mcu/
2023-05-04 16:25:21,726 [WARN] DbFile:41 - Overriding database path with different value: /home/hender/.stmcufinder/plugins/mcufinder/ => /home/hender/.stmcufinder/plugins/mcufinder
2023-05-04 16:25:21,726 [INFO] DbMcusAds:125 - Set database path to: /home/hender/.stmcufinder/plugins/mcufinder//mcu/
2023-05-04 16:25:21,726 [WARN] DbFile:41 - Overriding database path with different value: /home/hender/.stmcufinder/plugins/mcufinder/ => /home/hender/.stmcufinder/plugins/mcufinder
2023-05-04 16:25:21,726 [WARN] DbFile:41 - Overriding database path with different value: /home/hender/.stmcufinder/plugins/mcufinder/ => /home/hender/.stmcufinder/plugins/mcufinder
2023-05-04 16:25:21,726 [INFO] CrossReferenceDbSqlite:203 - Set database path to: /home/hender/.stmcufinder/plugins/mcufinder//mcu/cs/
2023-05-04 16:25:21,755 [INFO] ApplicationProperties:184 - Using Application install path: /opt/st/stm32cubeide_1.12.0/plugins/com.st.stm32cube.common.mx_6.8.0.202302231600
2023-05-04 16:25:21,767 [INFO] PluginManage:196 - Search for loadable plugins [exclusion list=, ]
2023-05-04 16:25:21,768 [INFO] PluginManage:310 - Check plugin analytics
2023-05-04 16:25:22,235 [INFO] AnalyticsPlugin:253 - Accepted Software Licenses: 
2023-05-04 16:25:22,236 [INFO] AnalyticsPlugin:255 - Accepted CMSIS Pack Licenses: 
2023-05-04 16:25:22,236 [INFO] AnalyticsPlugin:257 - Accepted Firmware Licenses: 
2023-05-04 16:25:22,241 [INFO] PluginManage:359 - Loaded plugin analytics (category:tool,tabindex:-1)
2023-05-04 16:25:22,241 [INFO] PluginManage:310 - Check plugin cadmodel
2023-05-04 16:25:22,349 [INFO] CADModel:105 - Init CAD model plugin
2023-05-04 16:25:22,349 [INFO] PluginManage:359 - Loaded plugin cadmodel (category:power,tabindex:5)
2023-05-04 16:25:22,349 [INFO] PluginManage:310 - Check plugin clock
2023-05-04 16:25:22,391 [INFO] PluginManage:359 - Loaded plugin clock (category:base,tabindex:2)
2023-05-04 16:25:22,392 [INFO] PluginManage:310 - Check plugin ddr
2023-05-04 16:25:22,409 [INFO] PluginManage:359 - Loaded plugin ddr (category:tool,tabindex:6)
2023-05-04 16:25:22,410 [INFO] PluginManage:310 - Check plugin filemanager
2023-05-04 16:25:22,701 [INFO] PluginManage:359 - Loaded plugin filemanager (category:base,tabindex:10)
2023-05-04 16:25:22,702 [INFO] PluginManage:310 - Check plugin ipmanager
2023-05-04 16:25:22,723 [INFO] PluginManage:359 - Loaded plugin ipmanager (category:base,tabindex:5)
2023-05-04 16:25:22,724 [INFO] PluginManage:310 - Check plugin lpbam
2023-05-04 16:25:22,755 [INFO] PluginManage:359 - Loaded plugin lpbam (category:base,tabindex:0)
2023-05-04 16:25:22,756 [INFO] PluginManage:310 - Check plugin pinoutandconfiguration
2023-05-04 16:25:22,780 [INFO] PluginManage:359 - Loaded plugin pinoutandconfiguration (category:base,tabindex:1)
2023-05-04 16:25:22,781 [INFO] PluginManage:310 - Check plugin pinoutconfig
2023-05-04 16:25:23,053 [WARN] SupportedApi:132 - Cannot load RTOS API schema: s4s-elt-must-match.1: The content of 'definitions' must match (annotation?, (simpleType | complexType)?, (unique | key | keyref)*)). A problem was found starting at: attribute.
2023-05-04 16:25:23,455 [INFO] PluginManage:359 - Loaded plugin pinoutconfig (category:base,tabindex:0)
2023-05-04 16:25:23,456 [INFO] PluginManage:310 - Check plugin power
2023-05-04 16:25:23,510 [INFO] PluginManage:359 - Loaded plugin power (category:power,tabindex:4)
2023-05-04 16:25:23,511 [INFO] PluginManage:310 - Check plugin projectmanager
2023-05-04 16:25:23,556 [INFO] PluginManage:359 - Loaded plugin projectmanager (category:projectmanager,tabindex:3)
2023-05-04 16:25:23,557 [INFO] PluginManage:310 - Check plugin thirdparty
2023-05-04 16:25:23,844 [WARN] IntegrityCheckThread:84 - waiting for thirdparty lock release [integrity check]
2023-05-04 16:25:23,845 [INFO] PluginManage:359 - Loaded plugin thirdparty (category:base,tabindex:-1)
2023-05-04 16:25:23,845 [INFO] IntegrityCheckThread:86 - entering critical section [integrity check]
2023-05-04 16:25:23,846 [INFO] PluginManage:310 - Check plugin tools
2023-05-04 16:25:23,850 [INFO] ThirdPartyUpdaterWithRetryManager:70 - Updater plugin not ready yet. [1/15]
2023-05-04 16:25:23,851 [INFO] PluginManage:359 - Loaded plugin tools (category:base,tabindex:7)
2023-05-04 16:25:23,851 [INFO] PluginManage:310 - Check plugin tutovideos
2023-05-04 16:25:24,249 [INFO] PluginManage:359 - Loaded plugin tutovideos (category:base,tabindex:-1)
2023-05-04 16:25:24,250 [INFO] PluginManage:310 - Check plugin updater
2023-05-04 16:25:24,283 [INFO] PluginManage:359 - Loaded plugin updater (category:base,tabindex:12)
2023-05-04 16:25:24,284 [INFO] PluginManage:283 - PluginManage : Loaded plugins [15]
2023-05-04 16:25:24,607 [INFO] PinOutPanel:1499 - setPackage(No Configuration,No Configuration)
2023-05-04 16:25:24,762 [INFO] CADModel:165 - CPN selected for project level
2023-05-04 16:25:24,763 [INFO] CADModel:114 - Register for checkConnection events
2023-05-04 16:25:24,835 [INFO] IPUIPlugin:80 - create IPUIPlugin
2023-05-04 16:25:24,836 [INFO] PluginManager:220 - loadIPPluginJar : add adc
2023-05-04 16:25:24,842 [INFO] IPUIPlugin:80 - create IPUIPlugin
2023-05-04 16:25:24,842 [INFO] PluginManager:220 - loadIPPluginJar : add aes
2023-05-04 16:25:24,849 [INFO] IPUIPlugin:80 - create IPUIPlugin
2023-05-04 16:25:24,849 [INFO] PluginManager:220 - loadIPPluginJar : add can
2023-05-04 16:25:24,853 [INFO] IPUIPlugin:80 - create IPUIPlugin
2023-05-04 16:25:24,853 [INFO] PluginManager:220 - loadIPPluginJar : add comp
2023-05-04 16:25:24,859 [INFO] IPUIPlugin:80 - create IPUIPlugin
2023-05-04 16:25:24,859 [INFO] PluginManager:220 - loadIPPluginJar : add cryp
2023-05-04 16:25:24,865 [INFO] IPUIPlugin:80 - create IPUIPlugin
2023-05-04 16:25:24,865 [INFO] PluginManager:220 - loadIPPluginJar : add dfsdm
2023-05-04 16:25:24,881 [INFO] IPUIPlugin:80 - create IPUIPlugin
2023-05-04 16:25:24,883 [INFO] PluginManager:220 - loadIPPluginJar : add dma
2023-05-04 16:25:24,890 [INFO] IPUIPlugin:80 - create IPUIPlugin
2023-05-04 16:25:24,890 [INFO] PluginManager:220 - loadIPPluginJar : add dma3
2023-05-04 16:25:24,893 [INFO] IPUIPlugin:80 - create IPUIPlugin
2023-05-04 16:25:24,894 [INFO] PluginManager:220 - loadIPPluginJar : add fatfs
2023-05-04 16:25:24,905 [INFO] IPUIPlugin:80 - create IPUIPlugin
2023-05-04 16:25:24,905 [INFO] PluginManager:220 - loadIPPluginJar : add fmc
2023-05-04 16:25:24,921 [INFO] IPUIPlugin:80 - create IPUIPlugin
2023-05-04 16:25:24,921 [INFO] PluginManager:220 - loadIPPluginJar : add freertos
2023-05-04 16:25:24,925 [INFO] IPUIPlugin:80 - create IPUIPlugin
2023-05-04 16:25:24,925 [INFO] PluginManager:220 - loadIPPluginJar : add genericplugin
2023-05-04 16:25:24,930 [INFO] IPUIPlugin:80 - create IPUIPlugin
2023-05-04 16:25:24,930 [INFO] PluginManager:220 - loadIPPluginJar : add gfxmmu
2023-05-04 16:25:24,945 [INFO] IPUIPlugin:80 - create IPUIPlugin
2023-05-04 16:25:24,945 [INFO] PluginManager:220 - loadIPPluginJar : add gic
2023-05-04 16:25:24,956 [INFO] IPUIPlugin:80 - create IPUIPlugin
2023-05-04 16:25:24,957 [INFO] PluginManager:220 - loadIPPluginJar : add gpio
2023-05-04 16:25:24,964 [INFO] IPUIPlugin:80 - create IPUIPlugin
2023-05-04 16:25:24,964 [INFO] PluginManager:220 - loadIPPluginJar : add gtzc
2023-05-04 16:25:24,970 [INFO] IPUIPlugin:80 - create IPUIPlugin
2023-05-04 16:25:24,970 [INFO] PluginManager:220 - loadIPPluginJar : add hash
2023-05-04 16:25:24,977 [INFO] IPUIPlugin:80 - create IPUIPlugin
2023-05-04 16:25:24,977 [INFO] PluginManager:220 - loadIPPluginJar : add i2c
2023-05-04 16:25:24,983 [INFO] IPUIPlugin:80 - create IPUIPlugin
2023-05-04 16:25:24,983 [INFO] PluginManager:220 - loadIPPluginJar : add i2s
2023-05-04 16:25:24,990 [INFO] IPUIPlugin:80 - create IPUIPlugin
2023-05-04 16:25:24,990 [INFO] PluginManager:220 - loadIPPluginJar : add i3c
2023-05-04 16:25:25,002 [INFO] IPUIPlugin:80 - create IPUIPlugin
2023-05-04 16:25:25,002 [INFO] PluginManager:220 - loadIPPluginJar : add ipddr
2023-05-04 16:25:25,026 [INFO] IPUIPlugin:80 - create IPUIPlugin
2023-05-04 16:25:25,026 [INFO] PluginManager:220 - loadIPPluginJar : add linkedlist
2023-05-04 16:25:25,032 [INFO] IPUIPlugin:80 - create IPUIPlugin
2023-05-04 16:25:25,032 [INFO] PluginManager:220 - loadIPPluginJar : add lorawan
2023-05-04 16:25:25,035 [INFO] IPUIPlugin:80 - create IPUIPlugin
2023-05-04 16:25:25,036 [INFO] PluginManager:220 - loadIPPluginJar : add ltdc
2023-05-04 16:25:25,052 [INFO] IPUIPlugin:80 - create IPUIPlugin
2023-05-04 16:25:25,053 [INFO] PluginManager:220 - loadIPPluginJar : add mdma
2023-05-04 16:25:25,062 [INFO] IPUIPlugin:80 - create IPUIPlugin
2023-05-04 16:25:25,063 [INFO] PluginManager:220 - loadIPPluginJar : add nvic
2023-05-04 16:25:25,069 [INFO] IPUIPlugin:80 - create IPUIPlugin
2023-05-04 16:25:25,070 [INFO] PluginManager:220 - loadIPPluginJar : add opamp
2023-05-04 16:25:25,076 [INFO] IPUIPlugin:80 - create IPUIPlugin
2023-05-04 16:25:25,076 [INFO] PluginManager:220 - loadIPPluginJar : add openamp
2023-05-04 16:25:25,082 [INFO] IPUIPlugin:80 - create IPUIPlugin
2023-05-04 16:25:25,083 [INFO] PluginManager:220 - loadIPPluginJar : add pdm2pcm
2023-05-04 16:25:25,101 [INFO] IPUIPlugin:80 - create IPUIPlugin
2023-05-04 16:25:25,109 [INFO] PluginManager:220 - loadIPPluginJar : add plateformsettings
2023-05-04 16:25:25,112 [INFO] IPUIPlugin:80 - create IPUIPlugin
2023-05-04 16:25:25,113 [INFO] PluginManager:220 - loadIPPluginJar : add quadspi
2023-05-04 16:25:25,121 [INFO] IPUIPlugin:80 - create IPUIPlugin
2023-05-04 16:25:25,121 [INFO] PluginManager:220 - loadIPPluginJar : add resmgrutility
2023-05-04 16:25:25,129 [INFO] IPUIPlugin:80 - create IPUIPlugin
2023-05-04 16:25:25,129 [INFO] PluginManager:220 - loadIPPluginJar : add sai
2023-05-04 16:25:25,134 [INFO] IPUIPlugin:80 - create IPUIPlugin
2023-05-04 16:25:25,134 [INFO] PluginManager:220 - loadIPPluginJar : add spi
2023-05-04 16:25:25,146 [INFO] IPUIPlugin:80 - create IPUIPlugin
2023-05-04 16:25:25,146 [INFO] PluginManager:220 - loadIPPluginJar : add stm32_wpan
2023-05-04 16:25:25,150 [INFO] IPUIPlugin:80 - create IPUIPlugin
2023-05-04 16:25:25,150 [INFO] PluginManager:220 - loadIPPluginJar : add tim
2023-05-04 16:25:25,158 [INFO] IPUIPlugin:80 - create IPUIPlugin
2023-05-04 16:25:25,158 [INFO] PluginManager:220 - loadIPPluginJar : add touchsensing
2023-05-04 16:25:25,163 [INFO] IPUIPlugin:80 - create IPUIPlugin
2023-05-04 16:25:25,163 [INFO] PluginManager:220 - loadIPPluginJar : add tracer_emb
2023-05-04 16:25:25,167 [INFO] IPUIPlugin:80 - create IPUIPlugin
2023-05-04 16:25:25,168 [INFO] PluginManager:220 - loadIPPluginJar : add ts
2023-05-04 16:25:25,171 [INFO] IPUIPlugin:80 - create IPUIPlugin
2023-05-04 16:25:25,172 [INFO] PluginManager:220 - loadIPPluginJar : add tsc
2023-05-04 16:25:25,177 [INFO] IPUIPlugin:80 - create IPUIPlugin
2023-05-04 16:25:25,177 [INFO] PluginManager:220 - loadIPPluginJar : add ucpd
2023-05-04 16:25:25,183 [INFO] IPUIPlugin:80 - create IPUIPlugin
2023-05-04 16:25:25,184 [INFO] PluginManager:220 - loadIPPluginJar : add usart
2023-05-04 16:25:25,191 [INFO] IPUIPlugin:80 - create IPUIPlugin
2023-05-04 16:25:25,191 [INFO] PluginManager:220 - loadIPPluginJar : add usbx
2023-05-04 16:25:25,372 [INFO] CADModel:165 - CPN selected for project level
2023-05-04 16:25:25,372 [INFO] CADModel:114 - Register for checkConnection events
2023-05-04 16:25:25,373 [FATAL] Updater:308 - Updater called before beeing initialized
2023-05-04 16:25:25,373 [ERROR] CADModel:125 - Updater not yet initialized, retry later 
2023-05-04 16:25:25,785 [INFO] CADModel:165 - CPN selected for project level
2023-05-04 16:25:25,785 [INFO] CADModel:114 - Register for checkConnection events
2023-05-04 16:25:25,786 [FATAL] Updater:308 - Updater called before beeing initialized
2023-05-04 16:25:25,786 [ERROR] CADModel:125 - Updater not yet initialized, retry later 
2023-05-04 16:25:25,793 [FATAL] Updater:308 - Updater called before beeing initialized
2023-05-04 16:25:26,027 [FATAL] Updater:308 - Updater called before beeing initialized
2023-05-04 16:25:26,039 [INFO] DbMcusAds:53 - JSON generation date=Tue Mar 07 09:50:55 CET 2023 (1678179055335)
2023-05-04 16:25:26,040 [FATAL] Updater:308 - Updater called before beeing initialized
2023-05-04 16:25:26,118 [WARN] DetailPanel:346 - Failed to get advertising image, set to default
2023-05-04 16:25:26,383 [FATAL] Updater:308 - Updater called before beeing initialized
2023-05-04 16:25:26,384 [FATAL] Updater:308 - Updater called before beeing initialized
2023-05-04 16:25:26,384 [FATAL] Updater:308 - Updater called before beeing initialized
2023-05-04 16:25:26,385 [WARN] DetailPanel:346 - Failed to get advertising image, set to default
2023-05-04 16:25:26,386 [FATAL] Updater:308 - Updater called before beeing initialized
2023-05-04 16:25:26,419 [ERROR] Updater:1120 - MainUpdater not yet initialized. External WinMGr cannot be set.
2023-05-04 16:25:26,430 [INFO] Updater:1056 - Updater Version found : 6.8.0
2023-05-04 16:25:26,460 [INFO] ApplicationProperties:184 - Using Application install path: /opt/st/stm32cubeide_1.12.0/plugins/com.st.stm32cube.common.mx_6.8.0.202302231600
2023-05-04 16:25:26,696 [INFO] MainUpdater:2854 - connection check result : 10
2023-05-04 16:25:26,697 [INFO] MainUpdater:3548 - Updater definition file requires update
2023-05-04 16:25:26,698 [INFO] MainUpdater:283 - Updater Check For Update Now.
2023-05-04 16:25:26,701 [INFO] MicroXplorer:498 - Change Database Version : DB.6.0.80
2023-05-04 16:25:26,740 [INFO] ServerAccessManage:473 - Download File updaters.zip
2023-05-04 16:25:26,848 [INFO] FileExtend:240 - Unzip File : updaters.zip
2023-05-04 16:25:26,848 [INFO] FileExtend:255 - Standard Zip Deflate
2023-05-04 16:25:26,852 [WARN] MainUpdater:1187 - Updater busy. Cannot search thirdparties
2023-05-04 16:25:26,852 [INFO] ThirdPartyUpdaterWithRetryManager:96 - Updater plugin is busy. [1/15]
2023-05-04 16:25:27,254 [INFO] ServerAccessManage:473 - Download File PacksControlFlags.xml
2023-05-04 16:25:27,336 [INFO] ServerAccessManage:473 - Download File cubemx.pidx
2023-05-04 16:25:27,567 [INFO] LoadServerUpdatesThread:373 - End of LoadServerUpdate Thread
2023-05-04 16:25:27,750 [INFO] CheckServerUpdateThread:120 - End of CheckServer Thread
2023-05-04 16:25:27,925 [INFO] MainUpdater:2854 - connection check result : 10
2023-05-04 16:25:27,926 [INFO] MainUpdater:2854 - connection check result : 10
2023-05-04 16:25:28,035 [INFO] MicroXplorer:468 - Change Database Path : 
2023-05-04 16:25:28,036 [INFO] MicroXplorer:498 - Change Database Version : DB.6.0.80
2023-05-04 16:25:28,037 [WARN] ThirdParty:871 - waiting for thirdparty lock release [close project]
2023-05-04 16:25:30,240 [WARN] PackLoader:240 - Cannot read IP mode file for STMicroelectronics.X-CUBE-GNSS1.6.0.0
2023-05-04 16:25:30,276 [WARN] PackLoader:240 - Cannot read IP mode file for STMicroelectronics.X-CUBE-AZRTOS-F4.1.1.0
2023-05-04 16:25:30,287 [WARN] PackLoader:240 - Cannot read IP mode file for STMicroelectronics.X-CUBE-SMBUS.2.1.0
2023-05-04 16:25:30,308 [WARN] PackLoader:240 - Cannot read IP mode file for STMicroelectronics.X-CUBE-AZRTOS-F7.1.1.0
2023-05-04 16:25:30,358 [WARN] PackLoader:240 - Cannot read IP mode file for STMicroelectronics.X-CUBE-MEMS1.9.6.0
2023-05-04 16:25:30,491 [WARN] PackLoader:240 - Cannot read IP mode file for STMicroelectronics.X-CUBE-BLE1.6.2.4
2023-05-04 16:25:30,496 [WARN] PackLoader:240 - Cannot read IP mode file for emotas.I-CUBE-CANOPEN.1.1.3
2023-05-04 16:25:30,505 [WARN] PackLoader:240 - Cannot read IP mode file for STMicroelectronics.X-CUBE-BLEMGR.2.0.0
2023-05-04 16:25:30,529 [WARN] ConditionMgr:438 - getConditionDescription Invalid condition id : UX DEVICE CLASS RTOS Condition cause : null
2023-05-04 16:25:30,529 [WARN] ConditionMgr:438 - getConditionDescription Invalid condition id : UX DEVICE CLASS RTOS Condition cause : null
2023-05-04 16:25:30,532 [WARN] PackLoader:240 - Cannot read IP mode file for STMicroelectronics.X-CUBE-AZRTOS-H7.3.1.0
2023-05-04 16:25:30,534 [WARN] ConditionMgr:1039 - genDependencies : Invalid condition id : UX DEVICE CLASS RTOS Condition cause : null
2023-05-04 16:25:30,534 [WARN] ConditionMgr:1039 - genDependencies : Invalid condition id : UX DEVICE CLASS RTOS Condition cause : null
2023-05-04 16:25:30,534 [WARN] ConditionMgr:1039 - genDependencies : Invalid condition id : UX DEVICE CLASS RTOS Condition cause : null
2023-05-04 16:25:30,534 [WARN] ConditionMgr:1039 - genDependencies : Invalid condition id : UX DEVICE CLASS RTOS Condition cause : null
2023-05-04 16:25:30,535 [WARN] ConditionMgr:1039 - genDependencies : Invalid condition id : UX DEVICE CLASS RTOS Condition cause : null
2023-05-04 16:25:30,540 [WARN] PackLoader:240 - Cannot read IP mode file for STMicroelectronics.X-CUBE-DISPLAY.3.0.0
2023-05-04 16:25:30,545 [WARN] PackLoader:240 - Cannot read IP mode file for wolfSSL.I-CUBE-wolfSSL.5.5.4
2023-05-04 16:25:30,548 [WARN] PackLoader:240 - Cannot read IP mode file for STMicroelectronics.X-CUBE-NFC7.1.0.0
2023-05-04 16:25:30,552 [WARN] PackLoader:240 - Cannot read IP mode file for STMicroelectronics.X-CUBE-EEPRMA1.4.1.0
2023-05-04 16:25:30,557 [WARN] PackLoader:240 - Cannot read IP mode file for WES.I-CUBE-Cesium.1.3.0
2023-05-04 16:25:30,561 [WARN] PackLoader:240 - Cannot read IP mode file for STMicroelectronics.X-CUBE-SFXS2LP1.4.0.0
2023-05-04 16:25:30,565 [WARN] PackLoader:240 - Cannot read IP mode file for STMicroelectronics.X-CUBE-BLE2.3.3.0
2023-05-04 16:25:30,572 [WARN] PackLoader:240 - Cannot read IP mode file for STMicroelectronics.X-CUBE-TOF1.3.2.0
2023-05-04 16:25:30,591 [WARN] PackLoader:240 - Cannot read IP mode file for STMicroelectronics.X-CUBE-AZRTOS-H7.3.0.0
2023-05-04 16:25:30,595 [WARN] PackLoader:240 - Cannot read IP mode file for STMicroelectronics.X-CUBE-ISPU.1.1.0
2023-05-04 16:25:30,599 [WARN] PackLoader:240 - Cannot read IP mode file for RoweBots.I-CUBE-UNISONRTOS.5.5.0-4
2023-05-04 16:25:30,602 [WARN] PackLoader:240 - Cannot read IP mode file for STMicroelectronics.X-CUBE-AI.8.0.0
2023-05-04 16:25:30,604 [WARN] PackLoader:240 - Cannot read IP mode file for STMicroelectronics.X-CUBE-FREERTOS.1.0.0
2023-05-04 16:25:30,606 [WARN] PackLoader:240 - Cannot read IP mode file for STMicroelectronics.X-CUBE-FREERTOS.1.0.1
2023-05-04 16:25:30,608 [WARN] PackLoader:240 - Cannot read IP mode file for STMicroelectronics.X-CUBE-TOUCHGFX.4.21.1
2023-05-04 16:25:30,610 [WARN] PackLoader:240 - Cannot read IP mode file for STMicroelectronics.X-CUBE-TOUCHGFX.4.21.3
2023-05-04 16:25:30,612 [WARN] PackLoader:240 - Cannot read IP mode file for STMicroelectronics.X-CUBE-ALGOBUILD.1.3.0
2023-05-04 16:25:30,622 [WARN] PackLoader:240 - Cannot read IP mode file for STMicroelectronics.X-CUBE-AZRTOS-L5.1.1.0
2023-05-04 16:25:30,633 [WARN] PackLoader:240 - Cannot read IP mode file for STMicroelectronics.X-CUBE-AZRTOS-G0.1.1.0
2023-05-04 16:25:30,640 [WARN] PackLoader:240 - Cannot read IP mode file for STMicroelectronics.X-CUBE-SUBG2.5.0.0
2023-05-04 16:25:30,646 [WARN] PackLoader:240 - Cannot read IP mode file for STMicroelectronics.X-CUBE-NFC4.3.0.0
2023-05-04 16:25:30,655 [WARN] PackLoader:240 - Cannot read IP mode file for STMicroelectronics.X-CUBE-AZRTOS-G4.2.0.0
2023-05-04 16:25:30,662 [WARN] PackLoader:240 - Cannot read IP mode file for STMicroelectronics.X-CUBE-TOF1.3.3.0
2023-05-04 16:25:30,671 [WARN] PackLoader:240 - Cannot read IP mode file for STMicroelectronics.FP-ATR-ASTRA1.1.1.1
2023-05-04 16:25:30,675 [WARN] PackLoader:240 - Cannot read IP mode file for STMicroelectronics.X-CUBE-BLEMGR.1.3.0
2023-05-04 16:25:30,684 [WARN] PackLoader:240 - Cannot read IP mode file for STMicroelectronics.X-CUBE-AZRTOS-G4.1.0.0
2023-05-04 16:25:30,687 [WARN] PackLoader:240 - Cannot read IP mode file for STMicroelectronics.FP-ATR-SIGFOX1.3.2.0
2023-05-04 16:25:30,697 [WARN] PackLoader:240 - Cannot read IP mode file for STMicroelectronics.X-CUBE-AZRTOS-L4.1.0.0
2023-05-04 16:25:30,709 [WARN] PackLoader:240 - Cannot read IP mode file for STMicroelectronics.X-CUBE-AZRTOS-WL.1.0.0
2023-05-04 16:25:30,714 [WARN] PackLoader:240 - Cannot read IP mode file for portGmbH.I-Cube-SoM-uGOAL.1.1.0
2023-05-04 16:25:30,716 [WARN] PackLoader:240 - Cannot read IP mode file for STMicroelectronics.X-CUBE-ALS.1.0.1
2023-05-04 16:25:30,774 [WARN] PackLoader:240 - Cannot read IP mode file for STMicroelectronics.X-CUBE-MEMS1.9.5.0
2023-05-04 16:25:30,924 [WARN] PackLoader:240 - Cannot read IP mode file for STMicroelectronics.X-CUBE-AZRTOS-WB.1.1.0
2023-05-04 16:25:30,948 [WARN] PackLoader:240 - Cannot read IP mode file for SEGGER.I-CUBE-embOS.1.3.1
2023-05-04 16:25:30,980 [WARN] PackLoader:240 - Cannot read IP mode file for STMicroelectronics.FP-ATR-ASTRA1.2.0.0
2023-05-04 16:25:30,981 [INFO] ThirdParty:978 - Integrity check success = true
2023-05-04 16:25:30,981 [INFO] IntegrityCheckThread:100 - exiting critical section [integrity check]
2023-05-04 16:25:30,981 [INFO] IntegrityCheckThread:103 - End integrity checks thread
2023-05-04 16:25:30,981 [INFO] ThirdParty:873 - entering critical section [close project]
2023-05-04 16:25:30,982 [INFO] ThirdParty:883 - exiting critical section [close project]
2023-05-04 16:25:30,985 [INFO] PinOutPanel:1499 - setPackage(No Configuration,No Configuration)
2023-05-04 16:25:30,989 [INFO] UtilMem:75 - Begin LoadConfig() Used Memory: 284457160 Bytes (649068544)
2023-05-04 16:25:30,990 [INFO] MicroXplorer:468 - Change Database Path : 
2023-05-04 16:25:30,990 [INFO] MicroXplorer:498 - Change Database Version : DB.6.0.80
2023-05-04 16:25:30,990 [INFO] OpenFileManager:308 - Change cursor
2023-05-04 16:25:31,089 [INFO] Mcu:1937 - Initializing MCU STM32F407V(E-G)Tx STM32F407VGTx STM32F407VGT6
2023-05-04 16:25:32,386 [INFO] Context:659 - Trying to add GPIOservice into a context  which must be forbidden
2023-05-04 16:25:33,006 [INFO] RtosManager:555 - Registered RTOS mode: class=CMSIS, group=RTOS, mode=CMSIS_V1, owner=FREERTOS
2023-05-04 16:25:33,007 [INFO] RtosManager:555 - Registered RTOS mode: class=CMSIS, group=RTOS2, mode=CMSIS_V2, owner=FREERTOS
2023-05-04 16:25:33,007 [INFO] RtosManager:555 - Registered RTOS mode: class=RTOS, group=Core, mode=CMSIS_V1, owner=FREERTOS
2023-05-04 16:25:33,007 [INFO] RtosManager:555 - Registered RTOS mode: class=RTOS, group=Core, mode=CMSIS_V2, owner=FREERTOS
2023-05-04 16:25:33,007 [WARN] ModelIntegratedComponent:184 - Missing modes for component STMicroelectronics:FreeRTOS:0.0.1:STMicroelectronics:RTOS:FreeRTOS:Core:::10.2.0:
2023-05-04 16:25:33,020 [WARN] ModelIntegratedComponent:63 - No mode defined for component null
2023-05-04 16:25:33,020 [WARN] ModelIntegratedComponent:63 - No mode defined for component null
2023-05-04 16:25:33,021 [WARN] ModelIntegratedComponent:63 - No mode defined for component null
2023-05-04 16:25:33,021 [WARN] ModelIntegratedComponent:63 - No mode defined for component null
2023-05-04 16:25:33,021 [WARN] ModelIntegratedComponent:63 - No mode defined for component null
2023-05-04 16:25:33,021 [WARN] ModelIntegratedComponent:63 - No mode defined for component null
2023-05-04 16:25:33,021 [WARN] ModelIntegratedComponent:63 - No mode defined for component null
2023-05-04 16:25:33,021 [WARN] ModelIntegratedComponent:63 - No mode defined for component null
2023-05-04 16:25:33,021 [WARN] ModelIntegratedComponent:63 - No mode defined for component null
2023-05-04 16:25:33,021 [WARN] ModelIntegratedComponent:63 - No mode defined for component null
2023-05-04 16:25:33,021 [WARN] ModelIntegratedComponent:63 - No mode defined for component null
2023-05-04 16:25:33,021 [WARN] ModelIntegratedComponent:63 - No mode defined for component null
2023-05-04 16:25:33,021 [WARN] ModelIntegratedComponent:63 - No mode defined for component null
2023-05-04 16:25:33,021 [WARN] ModelIntegratedComponent:63 - No mode defined for component null
2023-05-04 16:25:33,021 [WARN] ModelIntegratedComponent:63 - No mode defined for component null
2023-05-04 16:25:33,021 [WARN] ModelIntegratedComponent:63 - No mode defined for component null
2023-05-04 16:25:33,021 [WARN] ModelIntegratedComponent:63 - No mode defined for component null
2023-05-04 16:25:33,021 [WARN] ModelIntegratedComponent:63 - No mode defined for component null
2023-05-04 16:25:33,021 [WARN] ModelIntegratedComponent:63 - No mode defined for component null
2023-05-04 16:25:33,021 [WARN] ModelIntegratedComponent:63 - No mode defined for component null
2023-05-04 16:25:33,021 [WARN] ModelIntegratedComponent:63 - No mode defined for component null
2023-05-04 16:25:33,021 [WARN] ModelIntegratedComponent:63 - No mode defined for component null
2023-05-04 16:25:33,021 [WARN] ModelIntegratedComponent:63 - No mode defined for component null
2023-05-04 16:25:33,021 [WARN] ModelIntegratedComponent:63 - No mode defined for component null
2023-05-04 16:25:33,021 [WARN] ModelIntegratedComponent:63 - No mode defined for component null
2023-05-04 16:25:33,022 [WARN] ModelIntegratedComponent:63 - No mode defined for component null
2023-05-04 16:25:33,022 [WARN] ModelIntegratedComponent:63 - No mode defined for component null
2023-05-04 16:25:33,022 [WARN] ModelIntegratedComponent:63 - No mode defined for component null
2023-05-04 16:25:33,022 [WARN] ModelIntegratedComponent:63 - No mode defined for component null
2023-05-04 16:25:33,022 [WARN] ModelIntegratedComponent:63 - No mode defined for component null
2023-05-04 16:25:33,022 [WARN] ModelIntegratedComponent:63 - No mode defined for component null
2023-05-04 16:25:33,022 [WARN] ModelIntegratedComponent:63 - No mode defined for component null
2023-05-04 16:25:33,022 [WARN] ModelIntegratedComponent:63 - No mode defined for component null
2023-05-04 16:25:33,153 [INFO] ThirdPartyModel:298 - Start build external matchings
2023-05-04 16:25:33,595 [INFO] ThirdPartyModel:316 - End build external matchings
2023-05-04 16:25:33,615 [INFO] ImportTextPane:194 - (OptionalMessage_ERROR) IP (RCC) : Parameter (RTCHSEDivFreq_Value) has invalid value (4000000)
2023-05-04 16:25:33,797 [INFO] UtilMem:75 - End LoadConfig() Used Memory: 295539568 Bytes (649068544)
2023-05-04 16:25:33,944 [INFO] ApiDb:581 - Connected to CubeFinder SQLite database (/home/hender/.stmcufinder/plugins/mcufinder/mcu/cube-finder-db.db)
2023-05-04 16:25:34,020 [INFO] ApiDb:668 - CubeFinder database Data Model version=2.1
2023-05-04 16:25:34,021 [INFO] ApiDb:669 - CubeFinder database Configuration version=3.0.35
2023-05-04 16:25:34,021 [INFO] ApiDb:670 - CubeFinder database generation date=2023-03-10 (1678456172)
2023-05-04 16:25:34,021 [INFO] ApiDb:671 - CubeFinder database FW Pack versions=[FP-ATR-ASTRA1_V1.1.1, STM32Cube_FW_C0_V1.0.1, STM32Cube_FW_F0_V1.11.4, STM32Cube_FW_F3_V1.11.4, STM32Cube_FW_F4_V1.27.1, STM32Cube_FW_F7_V1.17.0, STM32Cube_FW_G0_V1.6.1, STM32Cube_FW_G4_V1.5.1, STM32Cube_FW_H5_V0.5.1, STM32Cube_FW_H5_V1.0.0, STM32Cube_FW_H7_V1.11.0, STM32Cube_FW_L0_V1.12.2, STM32Cube_FW_L5_V1.5.0, STM32Cube_FW_U5_V1.2.0, STM32Cube_FW_WBA_V1.0.0, STM32Cube_FW_WBA_V1.0.0RC1, STM32Cube_FW_WBA_V1.0.0RC3, STM32Cube_FW_WB_V1.15.0RC1, STM32Cube_FW_WB_V1.16.0, STM32Cube_FW_WB_V1.16.0RC2, STM32Cube_FW_WL_V1.3.0, X-CUBE-ALGOBUILD_V1.3.0, X-CUBE-ALS_V1.0.1, X-CUBE-AZRTOS-F4_V1.1.0, X-CUBE-AZRTOS-F7_V1.1.0, X-CUBE-AZRTOS-G0_V1.1.0, X-CUBE-AZRTOS-G4_V1.0.0, X-CUBE-AZRTOS-H7_V3.0.0, X-CUBE-AZRTOS-L4_V1.0.0, X-CUBE-AZRTOS-L5_V1.1.0, X-CUBE-AZRTOS-WB_V1.1.0, X-CUBE-AZRTOS-WL_V1.0.0, X-CUBE-BLE1_V6.2.4, X-CUBE-BLE2_V3.3.0, X-CUBE-BLEMGR_V1.3.0, X-CUBE-EEPRMA1_V4.1.0, X-CUBE-GNSS1_V6.0.0, X-CUBE-MEMS1_V9.1.0, X-CUBE-MEMS1_V9.4.0, X-CUBE-MEMS1_V9.5.0, X-CUBE-NFC4_V3.0.0, X-CUBE-NFC7_V1.0.0, X-CUBE-SFXS2LP1_V4.0.0, X-CUBE-SUBG2_V5.0.0]
2023-05-04 16:25:35,586 [INFO] ApiDb:240 - Found 297 in-development CPN: [B-G473E-ZEST1S, B-WB1M-WPAN1, B-WL5M-SUBG1, NUCLEO-C031C6, NUCLEO-H503RB, NUCLEO-H563ZI, NUCLEO-U545RE-Q, NUCLEO-U5A5ZJ-Q, NUCLEO-WBA52CG, STEVAL-PROTEUS1, STEVAL-STWINBX1, STM320518-EVAL, STM32C0116-DK, STM32C011D6Y3TR, STM32C011D6Y6TR, STM32C011F4P3, STM32C011F4P6, STM32C011F4U3, STM32C011F4U6TR, STM32C011F6P3, STM32C011F6P6, STM32C011F6U3, STM32C011F6U6TR, STM32C011J4M3, STM32C011J4M6, STM32C011J6M3, STM32C011J6M6, STM32C0316-DK, STM32C031C4T3, STM32C031C4T6, STM32C031C4U3, STM32C031C4U6, STM32C031C6T3, STM32C031C6T6, STM32C031C6U3, STM32C031C6U6, STM32C031F4P3, STM32C031F4P6, STM32C031F6P3, STM32C031F6P6, STM32C031G4U3, STM32C031G4U6, STM32C031G6U3, STM32C031G6U6, STM32C031K4T3, STM32C031K4T6, STM32C031K4U3, STM32C031K4U6, STM32C031K6T3, STM32C031K6T6, STM32C031K6U3, STM32C031K6U6, STM32G071K8TXN, STM32G071K8UXN, STM32G081GBU6N, STM32G081KBT6N, STM32G081KBUXN, STM32G0B1CCT6N, STM32G0B1KCT6, STM32G0B1NEY6TR, STM32G0B1RCT6N, STM32G0C1CCT6, STM32G0C1CCT6N, STM32G0C1CCU6N, STM32G0C1CET6N, STM32G0C1CEU6N, STM32G0C1KCT6, STM32G0C1NEY6TR, STM32G0C1RCI6N, STM32G0C1RCT6N, STM32G0C1REI6N, STM32G0C1RET6N, STM32G0C1VCI6, STM32G0C1VEI6, STM32G471CCT6, STM32G471CCU6, STM32G471CET3, STM32G471CET6, STM32G471CEU3, STM32G471CEU6, STM32G471MCT6, STM32G471MET3, STM32G471MET6, STM32G471MEY6TR, STM32G471QCT6, STM32G471QET3, STM32G471RCT6, STM32G471RET3, STM32G471RET6, STM32G471VCH6, STM32G471VCI6, STM32G471VCT6, STM32G471VEH3, STM32G471VEH6, STM32G471VEI3, STM32G471VEI6, STM32G471VET3, STM32G471VET6, STM32G474CCT6, STM32H503CBT6, STM32H503CBU6, STM32H503EBY6TR, STM32H503KBU6, STM32H503RBT6, STM32H562AGI6, STM32H562AII6, STM32H562IGK6, STM32H562IGT6, STM32H562IIK6, STM32H562IIT6, STM32H562RGT6, STM32H562RGV6, STM32H562RIT6, STM32H562RIV6, STM32H562VGT6, STM32H562VIT6, STM32H562ZGT6, STM32H562ZIT6, STM32H563AGI6, STM32H563AII3Q, STM32H563AII6, STM32H563IGK6, STM32H563IGT6, STM32H563IIK3Q, STM32H563IIK6, STM32H563IIT3Q, STM32H563IIT6, STM32H563MIY3QTR, STM32H563RGT6, STM32H563RGV6, STM32H563RIT6, STM32H563RIV6, STM32H563VGT6, STM32H563VIT3Q, STM32H563VIT6, STM32H563ZGT6, STM32H563ZIT3Q, STM32H563ZIT6, STM32H573AII3Q, STM32H573AII6, STM32H573I-DK, STM32H573IIK3Q, STM32H573IIK6, STM32H573IIT3Q, STM32H573IIT6, STM32H573MIY3QTR, STM32H573RIT6, STM32H573RIV6, STM32H573VIT3Q, STM32H573VIT6, STM32H573ZIT3Q, STM32H573ZIT6, STM32L4R5QGI6STR, STM32MP131AAE3, STM32MP131AAF3, STM32MP131AAG3, STM32MP131CAE3, STM32MP131CAF3, STM32MP131CAG3, STM32MP131DAE7, STM32MP131DAF7, STM32MP131DAG7, STM32MP131FAE7, STM32MP131FAF7, STM32MP131FAG7, STM32MP133AAE3, STM32MP133AAF3, STM32MP133AAG3, STM32MP133CAE3, STM32MP133CAF3, STM32MP133CAG3, STM32MP133DAE7, STM32MP133DAF7, STM32MP133DAG7, STM32MP133FAE7, STM32MP133FAF7, STM32MP133FAG7, STM32MP135AAE3, STM32MP135AAF3, STM32MP135AAG3, STM32MP135CAE3, STM32MP135CAF3, STM32MP135CAG3, STM32MP135DAE7, STM32MP135DAF7, STM32MP135DAG7, STM32MP135F-DK, STM32MP135FAE7, STM32MP135FAF7, STM32MP135FAF7T, STM32MP135FAF7U, STM32MP135FAG7, STM32U535CBT6, STM32U535CBT6Q, STM32U535CBU6, STM32U535CBU6Q, STM32U535CCT6, STM32U535CCT6Q, STM32U535CCU6, STM32U535CCU6Q, STM32U535CET6, STM32U535CET6Q, STM32U535CEU6, STM32U535CEU6Q, STM32U535JEY6QTR, STM32U535NCY6QTR, STM32U535NEY6QTR, STM32U535RBI6, STM32U535RBI6Q, STM32U535RBT6, STM32U535RBT6Q, STM32U535RCI6, STM32U535RCI6Q, STM32U535RCT6, STM32U535RCT6Q, STM32U535REI6, STM32U535REI6Q, STM32U535RET6, STM32U535RET6Q, STM32U535VCI6, STM32U535VCI6Q, STM32U535VCT6, STM32U535VCT6Q, STM32U535VEI6, STM32U535VEI6Q, STM32U535VET6, STM32U535VET6Q, STM32U545CET6, STM32U545CET6Q, STM32U545CEU6, STM32U545CEU6Q, STM32U545JEY6QTR, STM32U545NEY6QTR, STM32U545REI6, STM32U545REI6Q, STM32U545RET6, STM32U545RET6Q, STM32U545VEI6, STM32U545VEI6Q, STM32U545VET6, STM32U545VET6Q, STM32U595AIH6, STM32U595AIH6Q, STM32U595AJH6, STM32U595AJH6Q, STM32U595QII6, STM32U595QII6Q, STM32U595QJI6, STM32U595QJI6Q, STM32U595RIT6, STM32U595RIT6Q, STM32U595RJT6, STM32U595RJT6Q, STM32U595VIT6, STM32U595VIT6Q, STM32U595VJT6, STM32U595VJT6Q, STM32U595ZIT6, STM32U595ZIT6Q, STM32U595ZIY6QTR, STM32U595ZJT6, STM32U595ZJT6Q, STM32U595ZJY6QTR, STM32U599BJY6QTR, STM32U599NIH6Q, STM32U599NJH6Q, STM32U599VIT6Q, STM32U599VJT6, STM32U599VJT6Q, STM32U599ZIT6Q, STM32U599ZIY6QTR, STM32U599ZJT6Q, STM32U599ZJY6QTR, STM32U5A5AJH6, STM32U5A5AJH6Q, STM32U5A5QJI6, STM32U5A5QJI6Q, STM32U5A5RJT6, STM32U5A5RJT6Q, STM32U5A5VJT6, STM32U5A5VJT6Q, STM32U5A5ZJT6, STM32U5A5ZJT6Q, STM32U5A5ZJY6QTR, STM32U5A9BJY6QTR, STM32U5A9J-DK, STM32U5A9NJH6Q, STM32U5A9VJT6Q, STM32U5A9ZJT6Q, STM32U5A9ZJY6QTR, STM32WB1MMCH6, STM32WBA52CEU6, STM32WBA52CEU6T, STM32WBA52CGU6, STM32WBA52CGU6T, STM32WL5MOCH6, STM32WL5MOCH6TR]
2023-05-04 16:25:35,589 [INFO] DbMcus:216 - Found 3775 MCUs, 3775 are supported
2023-05-04 16:25:35,591 [INFO] ApiDb:423 - Load user favorites file /home/hender/.stm32cubeide/favorites.mcus.txt: 0 item(s)
2023-05-04 16:25:35,591 [INFO] ApiDb:427 - User favorites MCUs=[]
2023-05-04 16:25:35,591 [INFO] DbMcus:222 - Set 0 / 0 favorites MCUs
2023-05-04 16:25:35,944 [WARN] ThirdParty:833 - waiting for thirdparty lock release [change project]
2023-05-04 16:25:35,944 [INFO] ThirdParty:835 - entering critical section [change project]
2023-05-04 16:25:35,944 [INFO] ThirdParty:1030 - CMSIS Pack Vendor :STMicroelectronics X-CUBE-ISPU 1.1.0
2023-05-04 16:25:35,944 [INFO] ThirdParty:1030 - CMSIS Pack Vendor :RoweBots I-CUBE-UNISONRTOS 5.5.0-4
2023-05-04 16:25:35,944 [INFO] ThirdParty:1030 - CMSIS Pack Vendor :STMicroelectronics X-CUBE-GNSS1 6.0.0
2023-05-04 16:25:35,944 [INFO] ThirdParty:1030 - CMSIS Pack Vendor :STMicroelectronics USB_HOST 2.0.0
2023-05-04 16:25:35,945 [INFO] ThirdParty:1030 - CMSIS Pack Vendor :STMicroelectronics X-CUBE-AZRTOS-F4 1.1.0
2023-05-04 16:25:35,945 [INFO] ThirdParty:1030 - CMSIS Pack Vendor :STMicroelectronics LIBJPEG 8.0.0
2023-05-04 16:25:35,945 [INFO] ThirdParty:1030 - CMSIS Pack Vendor :STMicroelectronics X-CUBE-SMBUS 2.1.0
2023-05-04 16:25:35,945 [INFO] ThirdParty:1030 - CMSIS Pack Vendor :STMicroelectronics USB_DEVICE 3.0.0
2023-05-04 16:25:35,945 [INFO] ThirdParty:1030 - CMSIS Pack Vendor :STMicroelectronics X-CUBE-AI 8.0.0
2023-05-04 16:25:35,945 [INFO] ThirdParty:1030 - CMSIS Pack Vendor :STMicroelectronics X-CUBE-FREERTOS 1.0.0
2023-05-04 16:25:35,945 [INFO] ThirdParty:1030 - CMSIS Pack Vendor :STMicroelectronics X-CUBE-FREERTOS 1.0.1
2023-05-04 16:25:35,945 [INFO] ThirdParty:1030 - CMSIS Pack Vendor :STMicroelectronics X-CUBE-TOUCHGFX 4.21.1
2023-05-04 16:25:35,945 [INFO] ThirdParty:1030 - CMSIS Pack Vendor :STMicroelectronics X-CUBE-TOUCHGFX 4.21.3
2023-05-04 16:25:35,945 [INFO] ThirdParty:1030 - CMSIS Pack Vendor :STMicroelectronics X-CUBE-AZRTOS-F7 1.1.0
2023-05-04 16:25:35,945 [INFO] ThirdParty:1030 - CMSIS Pack Vendor :STMicroelectronics USB_DEVICE 2.0.0
2023-05-04 16:25:35,945 [INFO] ThirdParty:1030 - CMSIS Pack Vendor :STMicroelectronics X-CUBE-MEMS1 9.6.0
2023-05-04 16:25:35,945 [INFO] ThirdParty:1030 - CMSIS Pack Vendor :STMicroelectronics X-CUBE-ALGOBUILD 1.3.0
2023-05-04 16:25:35,945 [INFO] ThirdParty:1030 - CMSIS Pack Vendor :STMicroelectronics X-CUBE-BLE1 6.2.4
2023-05-04 16:25:35,945 [INFO] ThirdParty:1030 - CMSIS Pack Vendor :STMicroelectronics X-CUBE-AZRTOS-L5 1.1.0
2023-05-04 16:25:35,945 [INFO] ThirdParty:1030 - CMSIS Pack Vendor :STMicroelectronics FreeRTOS 0.0.1
2023-05-04 16:25:35,945 [INFO] ThirdParty:1030 - CMSIS Pack Vendor :emotas I-CUBE-CANOPEN 1.1.3
2023-05-04 16:25:35,945 [INFO] ThirdParty:1030 - CMSIS Pack Vendor :STMicroelectronics X-CUBE-AZRTOS-G0 1.1.0
2023-05-04 16:25:35,946 [INFO] ThirdParty:1030 - CMSIS Pack Vendor :STMicroelectronics X-CUBE-BLEMGR 2.0.0
2023-05-04 16:25:35,946 [INFO] ThirdParty:1030 - CMSIS Pack Vendor :STMicroelectronics X-CUBE-SUBG2 5.0.0
2023-05-04 16:25:35,946 [INFO] ThirdParty:1030 - CMSIS Pack Vendor :STMicroelectronics X-CUBE-NFC4 3.0.0
2023-05-04 16:25:35,946 [INFO] ThirdParty:1030 - CMSIS Pack Vendor :STMicroelectronics STM32_WPAN 1.0.0
2023-05-04 16:25:35,946 [INFO] ThirdParty:1030 - CMSIS Pack Vendor :STMicroelectronics lwIP 2.0.3
2023-05-04 16:25:35,946 [INFO] ThirdParty:1030 - CMSIS Pack Vendor :STMicroelectronics USB_HOST 1.0.0
2023-05-04 16:25:35,946 [INFO] ThirdParty:1030 - CMSIS Pack Vendor :STMicroelectronics X-CUBE-AZRTOS-G4 2.0.0
2023-05-04 16:25:35,946 [INFO] ThirdParty:1030 - CMSIS Pack Vendor :STMicroelectronics PDM2PCM 3.1.0
2023-05-04 16:25:35,946 [INFO] ThirdParty:1030 - CMSIS Pack Vendor :STMicroelectronics X-CUBE-AZRTOS-H7 3.1.0
2023-05-04 16:25:35,946 [INFO] ThirdParty:1030 - CMSIS Pack Vendor :STMicroelectronics X-CUBE-TOF1 3.3.0
2023-05-04 16:25:35,946 [INFO] ThirdParty:1030 - CMSIS Pack Vendor :STMicroelectronics FP-ATR-ASTRA1 1.1.1
2023-05-04 16:25:35,946 [INFO] ThirdParty:1030 - CMSIS Pack Vendor :STMicroelectronics PDM2PCM 3.3.0
2023-05-04 16:25:35,946 [INFO] ThirdParty:1030 - CMSIS Pack Vendor :STMicroelectronics X-CUBE-DISPLAY 3.0.0
2023-05-04 16:25:35,946 [INFO] ThirdParty:1030 - CMSIS Pack Vendor :STMicroelectronics X-CUBE-BLEMGR 1.3.0
2023-05-04 16:25:35,946 [INFO] ThirdParty:1030 - CMSIS Pack Vendor :STMicroelectronics X-CUBE-AZRTOS-G4 1.0.0
2023-05-04 16:25:35,946 [INFO] ThirdParty:1030 - CMSIS Pack Vendor :STMicroelectronics FP-ATR-SIGFOX1 3.2.0
2023-05-04 16:25:35,946 [INFO] ThirdParty:1030 - CMSIS Pack Vendor :wolfSSL I-CUBE-wolfSSL 5.5.4
2023-05-04 16:25:35,947 [INFO] ThirdParty:1030 - CMSIS Pack Vendor :STMicroelectronics X-CUBE-AZRTOS-L4 1.0.0
2023-05-04 16:25:35,947 [INFO] ThirdParty:1030 - CMSIS Pack Vendor :STMicroelectronics HAL Drivers 0.0.0
2023-05-04 16:25:35,947 [INFO] ThirdParty:1030 - CMSIS Pack Vendor :STMicroelectronics MBEDTLS 2.16.2
2023-05-04 16:25:35,947 [INFO] ThirdParty:1030 - CMSIS Pack Vendor :STMicroelectronics MBEDTLS 2.14.1
2023-05-04 16:25:35,947 [INFO] ThirdParty:1030 - CMSIS Pack Vendor :STMicroelectronics X-CUBE-NFC7 1.0.0
2023-05-04 16:25:35,947 [INFO] ThirdParty:1030 - CMSIS Pack Vendor :STMicroelectronics X-CUBE-AZRTOS-WL 1.0.0
2023-05-04 16:25:35,947 [INFO] ThirdParty:1030 - CMSIS Pack Vendor :STMicroelectronics X-CUBE-EEPRMA1 4.1.0
2023-05-04 16:25:35,947 [INFO] ThirdParty:1030 - CMSIS Pack Vendor :portGmbH I-Cube-SoM-uGOAL 1.1.0
2023-05-04 16:25:35,947 [INFO] ThirdParty:1030 - CMSIS Pack Vendor :STMicroelectronics X-CUBE-ALS 1.0.1
2023-05-04 16:25:35,947 [INFO] ThirdParty:1030 - CMSIS Pack Vendor :STMicroelectronics X-CUBE-MEMS1 9.5.0
2023-05-04 16:25:35,947 [INFO] ThirdParty:1030 - CMSIS Pack Vendor :STMicroelectronics ThreadX 1.0.0
2023-05-04 16:25:35,947 [INFO] ThirdParty:1030 - CMSIS Pack Vendor :STMicroelectronics X-CUBE-AZRTOS-WB 1.1.0
2023-05-04 16:25:35,947 [INFO] ThirdParty:1030 - CMSIS Pack Vendor :SEGGER I-CUBE-embOS 1.3.1
2023-05-04 16:25:35,947 [INFO] ThirdParty:1030 - CMSIS Pack Vendor :STMicroelectronics USB_DEVICE 1.0.0
2023-05-04 16:25:35,947 [INFO] ThirdParty:1030 - CMSIS Pack Vendor :STMicroelectronics ThreadX 0.0.2
2023-05-04 16:25:35,947 [INFO] ThirdParty:1030 - CMSIS Pack Vendor :WES I-CUBE-Cesium 1.3.0
2023-05-04 16:25:35,947 [INFO] ThirdParty:1030 - CMSIS Pack Vendor :STMicroelectronics FP-ATR-ASTRA1 2.0.0
2023-05-04 16:25:35,948 [INFO] ThirdParty:1030 - CMSIS Pack Vendor :STMicroelectronics lwIP 2.1.2
2023-05-04 16:25:35,948 [INFO] ThirdParty:1030 - CMSIS Pack Vendor :STMicroelectronics X-CUBE-SFXS2LP1 4.0.0
2023-05-04 16:25:35,948 [INFO] ThirdParty:1030 - CMSIS Pack Vendor :STMicroelectronics X-CUBE-BLE2 3.3.0
2023-05-04 16:25:35,948 [INFO] ThirdParty:1030 - CMSIS Pack Vendor :STMicroelectronics X-CUBE-TOF1 3.2.0
2023-05-04 16:25:35,948 [INFO] ThirdParty:1030 - CMSIS Pack Vendor :STMicroelectronics PDM2PCM 3.2.0
2023-05-04 16:25:35,948 [INFO] ThirdParty:1030 - CMSIS Pack Vendor :STMicroelectronics X-CUBE-AZRTOS-H7 3.0.0
2023-05-04 16:25:35,948 [INFO] ThirdParty:841 - exiting critical section [change project]
2023-05-04 16:25:36,375 [INFO] PinOutPanel:1499 - setPackage(No Configuration,No Configuration)
2023-05-04 16:25:36,376 [INFO] PinOutPanel:1499 - setPackage(STM32F407VGTx,LQFP100)
2023-05-04 16:25:36,916 [INFO] UtilMem:75 - Before build in PCC Used Memory: 331237472 Bytes (649068544)
2023-05-04 16:25:37,386 [INFO] UtilMem:75 - After build in PCC Used Memory: 478038112 Bytes (649068544)
2023-05-04 16:25:37,409 [INFO] IPUIPlugin:80 - create IPUIPlugin
2023-05-04 16:25:37,409 [INFO] IPUIPlugin:80 - create IPUIPlugin
2023-05-04 16:25:37,409 [INFO] IPUIPlugin:80 - create IPUIPlugin
2023-05-04 16:25:37,409 [INFO] IPUIPlugin:80 - create IPUIPlugin
2023-05-04 16:25:37,409 [INFO] IPUIPlugin:80 - create IPUIPlugin
2023-05-04 16:25:37,409 [INFO] IPUIPlugin:80 - create IPUIPlugin
2023-05-04 16:25:37,410 [INFO] IPUIPlugin:80 - create IPUIPlugin
2023-05-04 16:25:37,410 [INFO] IPUIPlugin:80 - create IPUIPlugin
2023-05-04 16:25:37,410 [INFO] IPUIPlugin:80 - create IPUIPlugin
2023-05-04 16:25:37,410 [INFO] IPUIPlugin:80 - create IPUIPlugin
2023-05-04 16:25:37,410 [INFO] IPUIPlugin:80 - create IPUIPlugin
2023-05-04 16:25:37,410 [INFO] IPUIPlugin:80 - create IPUIPlugin
2023-05-04 16:25:37,410 [INFO] IPUIPlugin:80 - create IPUIPlugin
2023-05-04 16:25:37,410 [INFO] IPUIPlugin:80 - create IPUIPlugin
2023-05-04 16:25:37,410 [INFO] IPUIPlugin:80 - create IPUIPlugin
2023-05-04 16:25:37,410 [INFO] IPUIPlugin:80 - create IPUIPlugin
2023-05-04 16:25:37,410 [INFO] IPUIPlugin:80 - create IPUIPlugin
2023-05-04 16:25:37,411 [INFO] IPUIPlugin:80 - create IPUIPlugin
2023-05-04 16:25:37,411 [INFO] IPUIPlugin:80 - create IPUIPlugin
2023-05-04 16:25:37,411 [INFO] IPUIPlugin:80 - create IPUIPlugin
2023-05-04 16:25:37,411 [INFO] IPUIPlugin:80 - create IPUIPlugin
2023-05-04 16:25:37,411 [INFO] IPUIPlugin:80 - create IPUIPlugin
2023-05-04 16:25:37,411 [INFO] IPUIPlugin:80 - create IPUIPlugin
2023-05-04 16:25:37,411 [INFO] IPUIPlugin:80 - create IPUIPlugin
2023-05-04 16:25:37,412 [INFO] IPUIPlugin:80 - create IPUIPlugin
2023-05-04 16:25:37,412 [INFO] IPUIPlugin:80 - create IPUIPlugin
2023-05-04 16:25:37,412 [INFO] IPUIPlugin:80 - create IPUIPlugin
2023-05-04 16:25:37,412 [INFO] IPUIPlugin:80 - create IPUIPlugin
2023-05-04 16:25:37,412 [INFO] IPUIPlugin:80 - create IPUIPlugin
2023-05-04 16:25:37,412 [INFO] IPUIPlugin:80 - create IPUIPlugin
2023-05-04 16:25:37,413 [INFO] IPUIPlugin:80 - create IPUIPlugin
2023-05-04 16:25:37,413 [INFO] IPUIPlugin:80 - create IPUIPlugin
2023-05-04 16:25:37,413 [INFO] IPUIPlugin:80 - create IPUIPlugin
2023-05-04 16:25:37,413 [INFO] IPUIPlugin:80 - create IPUIPlugin
2023-05-04 16:25:37,413 [INFO] IPUIPlugin:80 - create IPUIPlugin
2023-05-04 16:25:37,413 [INFO] IPUIPlugin:80 - create IPUIPlugin
2023-05-04 16:25:37,414 [INFO] IPUIPlugin:80 - create IPUIPlugin
2023-05-04 16:25:37,414 [INFO] IPUIPlugin:80 - create IPUIPlugin
2023-05-04 16:25:37,414 [INFO] IPUIPlugin:80 - create IPUIPlugin
2023-05-04 16:25:37,414 [INFO] IPUIPlugin:80 - create IPUIPlugin
2023-05-04 16:25:37,414 [INFO] IPUIPlugin:80 - create IPUIPlugin
2023-05-04 16:25:37,414 [INFO] IPUIPlugin:80 - create IPUIPlugin
2023-05-04 16:25:37,415 [INFO] IPUIPlugin:80 - create IPUIPlugin
2023-05-04 16:25:37,415 [INFO] IPUIPlugin:80 - create IPUIPlugin
2023-05-04 16:25:37,415 [INFO] IPUIPlugin:80 - create IPUIPlugin
2023-05-04 16:25:37,415 [INFO] IPUIPlugin:80 - create IPUIPlugin
2023-05-04 16:25:37,415 [INFO] IPUIPlugin:80 - create IPUIPlugin
2023-05-04 16:25:37,416 [INFO] IPUIPlugin:80 - create IPUIPlugin
2023-05-04 16:25:37,416 [INFO] IPUIPlugin:80 - create IPUIPlugin
2023-05-04 16:25:37,416 [INFO] IPUIPlugin:80 - create IPUIPlugin
2023-05-04 16:25:37,416 [INFO] IPUIPlugin:80 - create IPUIPlugin
2023-05-04 16:25:37,417 [INFO] IPUIPlugin:80 - create IPUIPlugin
2023-05-04 16:25:37,417 [INFO] IPUIPlugin:80 - create IPUIPlugin
2023-05-04 16:25:37,417 [INFO] IPUIPlugin:80 - create IPUIPlugin
2023-05-04 16:25:37,418 [INFO] IPUIPlugin:80 - create IPUIPlugin
2023-05-04 16:25:37,418 [INFO] IPUIPlugin:80 - create IPUIPlugin
2023-05-04 16:25:37,418 [INFO] IPUIPlugin:80 - create IPUIPlugin
2023-05-04 16:25:37,419 [INFO] IPUIPlugin:80 - create IPUIPlugin
2023-05-04 16:25:37,447 [INFO] ApiDbMcu:507 - Load IP Config File for PDM2PCM
2023-05-04 16:25:37,593 [INFO] CADModel:165 - CPN selected for project levelSTM32F407VGT6
2023-05-04 16:25:37,593 [INFO] CADModel:114 - Register for checkConnection events
2023-05-04 16:25:37,631 [INFO] OpenFileManager:328 - Restore cursor
2023-05-04 21:37:52,692 [INFO] Activator:176 - 


2023-05-04 21:37:52,700 [INFO] Activator:177 - !SESSION log4j initialized
2023-05-04 21:37:58,000 [INFO] LogOutputStream:77 - [STDOUT_REDIRECT] 
2023-05-04 21:38:19,711 [ERROR] LogOutputStream:75 - [STDERR_REDIRECT] SLF4J: Failed to load class "org.slf4j.impl.StaticLoggerBinder".
2023-05-04 21:38:19,711 [ERROR] LogOutputStream:75 - [STDERR_REDIRECT] SLF4J: Defaulting to no-operation (NOP) logger implementation
2023-05-04 21:38:19,712 [ERROR] LogOutputStream:75 - [STDERR_REDIRECT] SLF4J: See http://www.slf4j.org/codes.html#StaticLoggerBinder for further details.
2023-05-04 22:57:22,047 [INFO] ApplicationProperties:184 - Using Application install path: /opt/st/stm32cubeide_1.12.0/plugins/com.st.stm32cube.common.mx_6.8.0.202302231600
2023-05-04 22:57:22,135 [INFO] DbMcusXml:78 - Set database path to: /opt/st/stm32cubeide_1.12.0/plugins/com.st.stm32cube.common.mx_6.8.0.202302231600//db//mcu/
2023-05-04 22:57:22,136 [INFO] ApiDb:274 - Set plugin database path to: /opt/st/stm32cubeide_1.12.0/plugins/com.st.stm32cube.common.mx_6.8.0.202302231600//db//plugins/boardmanager/
2023-05-04 22:57:22,146 [WARN] ApiDb:259 - Overriding images path with different value:  => /opt/st/stm32cubeide_1.12.0/plugins/com.st.stm32cube.common.mx_6.8.0.202302231600//db//plugins/mcufinder/images/
2023-05-04 22:57:22,237 [INFO] ApiDb:250 - Set database path to: /home/hender/.stmcufinder/plugins/mcufinder//mcu/
2023-05-04 22:57:22,241 [INFO] DbMcusAds:125 - Set database path to: /home/hender/.stmcufinder/plugins/mcufinder//mcu/
2023-05-04 22:57:22,311 [INFO] CrossReferenceDbSqlite:203 - Set database path to: /home/hender/.stmcufinder/plugins/mcufinder//mcu/cs/
2023-05-04 22:57:22,730 [INFO] RulesReader:64 - Compatibility file has been processed (293 Rules)
2023-05-04 22:57:22,853 [INFO] DbMcusXml:78 - Set database path to: /opt/st/stm32cubeide_1.12.0/plugins/com.st.stm32cube.common.mx_6.8.0.202302231600//db//mcu/
2023-05-04 22:57:22,853 [INFO] ApiDb:274 - Set plugin database path to: /opt/st/stm32cubeide_1.12.0/plugins/com.st.stm32cube.common.mx_6.8.0.202302231600//db//plugins/boardmanager/
2023-05-04 22:57:22,853 [INFO] ApiDb:261 - Set plugin images path to: /opt/st/stm32cubeide_1.12.0/plugins/com.st.stm32cube.common.mx_6.8.0.202302231600//db//plugins/mcufinder/images/
2023-05-04 22:57:22,853 [WARN] DbFile:41 - Overriding database path with different value: /home/hender/.stmcufinder/plugins/mcufinder/ => /home/hender/.stmcufinder/plugins/mcufinder
2023-05-04 22:57:22,853 [INFO] ApiDb:250 - Set database path to: /home/hender/.stmcufinder/plugins/mcufinder//mcu/
2023-05-04 22:57:22,853 [WARN] DbFile:41 - Overriding database path with different value: /home/hender/.stmcufinder/plugins/mcufinder/ => /home/hender/.stmcufinder/plugins/mcufinder
2023-05-04 22:57:22,853 [INFO] DbMcusAds:125 - Set database path to: /home/hender/.stmcufinder/plugins/mcufinder//mcu/
2023-05-04 22:57:22,853 [WARN] DbFile:41 - Overriding database path with different value: /home/hender/.stmcufinder/plugins/mcufinder/ => /home/hender/.stmcufinder/plugins/mcufinder
2023-05-04 22:57:22,854 [WARN] DbFile:41 - Overriding database path with different value: /home/hender/.stmcufinder/plugins/mcufinder/ => /home/hender/.stmcufinder/plugins/mcufinder
2023-05-04 22:57:22,854 [INFO] CrossReferenceDbSqlite:203 - Set database path to: /home/hender/.stmcufinder/plugins/mcufinder//mcu/cs/
2023-05-04 22:57:23,139 [INFO] MainPanel:253 - HeapMemory: 463470592
2023-05-04 22:57:23,442 [INFO] DbMcusXml:78 - Set database path to: /opt/st/stm32cubeide_1.12.0/plugins/com.st.stm32cube.common.mx_6.8.0.202302231600//db//mcu/
2023-05-04 22:57:23,443 [INFO] ApiDb:274 - Set plugin database path to: /opt/st/stm32cubeide_1.12.0/plugins/com.st.stm32cube.common.mx_6.8.0.202302231600//db//plugins/boardmanager/
2023-05-04 22:57:23,443 [INFO] ApiDb:261 - Set plugin images path to: /opt/st/stm32cubeide_1.12.0/plugins/com.st.stm32cube.common.mx_6.8.0.202302231600//db//plugins/mcufinder/images/
2023-05-04 22:57:23,444 [WARN] DbFile:41 - Overriding database path with different value: /home/hender/.stmcufinder/plugins/mcufinder/ => /home/hender/.stmcufinder/plugins/mcufinder
2023-05-04 22:57:23,444 [INFO] ApiDb:250 - Set database path to: /home/hender/.stmcufinder/plugins/mcufinder//mcu/
2023-05-04 22:57:23,445 [WARN] DbFile:41 - Overriding database path with different value: /home/hender/.stmcufinder/plugins/mcufinder/ => /home/hender/.stmcufinder/plugins/mcufinder
2023-05-04 22:57:23,445 [INFO] DbMcusAds:125 - Set database path to: /home/hender/.stmcufinder/plugins/mcufinder//mcu/
2023-05-04 22:57:23,445 [WARN] DbFile:41 - Overriding database path with different value: /home/hender/.stmcufinder/plugins/mcufinder/ => /home/hender/.stmcufinder/plugins/mcufinder
2023-05-04 22:57:23,446 [WARN] DbFile:41 - Overriding database path with different value: /home/hender/.stmcufinder/plugins/mcufinder/ => /home/hender/.stmcufinder/plugins/mcufinder
2023-05-04 22:57:23,446 [INFO] CrossReferenceDbSqlite:203 - Set database path to: /home/hender/.stmcufinder/plugins/mcufinder//mcu/cs/
2023-05-04 22:57:23,502 [INFO] ApplicationProperties:184 - Using Application install path: /opt/st/stm32cubeide_1.12.0/plugins/com.st.stm32cube.common.mx_6.8.0.202302231600
2023-05-04 22:57:23,515 [INFO] PluginManage:196 - Search for loadable plugins [exclusion list=, ]
2023-05-04 22:57:23,519 [INFO] PluginManage:310 - Check plugin analytics
2023-05-04 22:57:23,716 [INFO] AnalyticsPlugin:253 - Accepted Software Licenses: 
2023-05-04 22:57:23,717 [INFO] AnalyticsPlugin:255 - Accepted CMSIS Pack Licenses: 
2023-05-04 22:57:23,717 [INFO] AnalyticsPlugin:257 - Accepted Firmware Licenses: 
2023-05-04 22:57:23,721 [INFO] PluginManage:359 - Loaded plugin analytics (category:tool,tabindex:-1)
2023-05-04 22:57:23,721 [INFO] PluginManage:310 - Check plugin cadmodel
2023-05-04 22:57:23,787 [INFO] CADModel:105 - Init CAD model plugin
2023-05-04 22:57:23,787 [INFO] PluginManage:359 - Loaded plugin cadmodel (category:power,tabindex:5)
2023-05-04 22:57:23,787 [INFO] PluginManage:310 - Check plugin clock
2023-05-04 22:57:23,799 [INFO] PluginManage:359 - Loaded plugin clock (category:base,tabindex:2)
2023-05-04 22:57:23,799 [INFO] PluginManage:310 - Check plugin ddr
2023-05-04 22:57:23,811 [INFO] PluginManage:359 - Loaded plugin ddr (category:tool,tabindex:6)
2023-05-04 22:57:23,811 [INFO] PluginManage:310 - Check plugin filemanager
2023-05-04 22:57:24,090 [INFO] PluginManage:359 - Loaded plugin filemanager (category:base,tabindex:10)
2023-05-04 22:57:24,090 [INFO] PluginManage:310 - Check plugin ipmanager
2023-05-04 22:57:24,106 [INFO] PluginManage:359 - Loaded plugin ipmanager (category:base,tabindex:5)
2023-05-04 22:57:24,106 [INFO] PluginManage:310 - Check plugin lpbam
2023-05-04 22:57:24,134 [INFO] PluginManage:359 - Loaded plugin lpbam (category:base,tabindex:0)
2023-05-04 22:57:24,135 [INFO] PluginManage:310 - Check plugin pinoutandconfiguration
2023-05-04 22:57:24,158 [INFO] PluginManage:359 - Loaded plugin pinoutandconfiguration (category:base,tabindex:1)
2023-05-04 22:57:24,159 [INFO] PluginManage:310 - Check plugin pinoutconfig
2023-05-04 22:57:24,450 [WARN] SupportedApi:132 - Cannot load RTOS API schema: s4s-elt-must-match.1: The content of 'definitions' must match (annotation?, (simpleType | complexType)?, (unique | key | keyref)*)). A problem was found starting at: attribute.
2023-05-04 22:57:24,888 [INFO] PluginManage:359 - Loaded plugin pinoutconfig (category:base,tabindex:0)
2023-05-04 22:57:24,888 [INFO] PluginManage:310 - Check plugin power
2023-05-04 22:57:24,950 [INFO] PluginManage:359 - Loaded plugin power (category:power,tabindex:4)
2023-05-04 22:57:24,950 [INFO] PluginManage:310 - Check plugin projectmanager
2023-05-04 22:57:25,002 [INFO] PluginManage:359 - Loaded plugin projectmanager (category:projectmanager,tabindex:3)
2023-05-04 22:57:25,003 [INFO] PluginManage:310 - Check plugin thirdparty
2023-05-04 22:57:25,326 [WARN] IntegrityCheckThread:84 - waiting for thirdparty lock release [integrity check]
2023-05-04 22:57:25,326 [INFO] PluginManage:359 - Loaded plugin thirdparty (category:base,tabindex:-1)
2023-05-04 22:57:25,326 [INFO] IntegrityCheckThread:86 - entering critical section [integrity check]
2023-05-04 22:57:25,326 [INFO] PluginManage:310 - Check plugin tools
2023-05-04 22:57:25,329 [INFO] PluginManage:359 - Loaded plugin tools (category:base,tabindex:7)
2023-05-04 22:57:25,330 [INFO] PluginManage:310 - Check plugin tutovideos
2023-05-04 22:57:25,330 [INFO] ThirdPartyUpdaterWithRetryManager:70 - Updater plugin not ready yet. [1/15]
2023-05-04 22:57:25,534 [INFO] PluginManage:359 - Loaded plugin tutovideos (category:base,tabindex:-1)
2023-05-04 22:57:25,534 [INFO] PluginManage:310 - Check plugin updater
2023-05-04 22:57:25,555 [INFO] PluginManage:359 - Loaded plugin updater (category:base,tabindex:12)
2023-05-04 22:57:25,555 [INFO] PluginManage:283 - PluginManage : Loaded plugins [15]
2023-05-04 22:57:26,106 [INFO] PinOutPanel:1499 - setPackage(No Configuration,No Configuration)
2023-05-04 22:57:26,306 [INFO] CADModel:165 - CPN selected for project level
2023-05-04 22:57:26,307 [INFO] CADModel:114 - Register for checkConnection events
2023-05-04 22:57:26,382 [INFO] IPUIPlugin:80 - create IPUIPlugin
2023-05-04 22:57:26,382 [INFO] PluginManager:220 - loadIPPluginJar : add adc
2023-05-04 22:57:26,389 [INFO] IPUIPlugin:80 - create IPUIPlugin
2023-05-04 22:57:26,389 [INFO] PluginManager:220 - loadIPPluginJar : add aes
2023-05-04 22:57:26,396 [INFO] IPUIPlugin:80 - create IPUIPlugin
2023-05-04 22:57:26,397 [INFO] PluginManager:220 - loadIPPluginJar : add can
2023-05-04 22:57:26,400 [INFO] IPUIPlugin:80 - create IPUIPlugin
2023-05-04 22:57:26,401 [INFO] PluginManager:220 - loadIPPluginJar : add comp
2023-05-04 22:57:26,407 [INFO] IPUIPlugin:80 - create IPUIPlugin
2023-05-04 22:57:26,408 [INFO] PluginManager:220 - loadIPPluginJar : add cryp
2023-05-04 22:57:26,414 [INFO] IPUIPlugin:80 - create IPUIPlugin
2023-05-04 22:57:26,414 [INFO] PluginManager:220 - loadIPPluginJar : add dfsdm
2023-05-04 22:57:26,431 [INFO] IPUIPlugin:80 - create IPUIPlugin
2023-05-04 22:57:26,433 [INFO] PluginManager:220 - loadIPPluginJar : add dma
2023-05-04 22:57:26,440 [INFO] IPUIPlugin:80 - create IPUIPlugin
2023-05-04 22:57:26,440 [INFO] PluginManager:220 - loadIPPluginJar : add dma3
2023-05-04 22:57:26,444 [INFO] IPUIPlugin:80 - create IPUIPlugin
2023-05-04 22:57:26,444 [INFO] PluginManager:220 - loadIPPluginJar : add fatfs
2023-05-04 22:57:26,456 [INFO] IPUIPlugin:80 - create IPUIPlugin
2023-05-04 22:57:26,456 [INFO] PluginManager:220 - loadIPPluginJar : add fmc
2023-05-04 22:57:26,473 [INFO] IPUIPlugin:80 - create IPUIPlugin
2023-05-04 22:57:26,474 [INFO] PluginManager:220 - loadIPPluginJar : add freertos
2023-05-04 22:57:26,478 [INFO] IPUIPlugin:80 - create IPUIPlugin
2023-05-04 22:57:26,478 [INFO] PluginManager:220 - loadIPPluginJar : add genericplugin
2023-05-04 22:57:26,485 [INFO] IPUIPlugin:80 - create IPUIPlugin
2023-05-04 22:57:26,486 [INFO] PluginManager:220 - loadIPPluginJar : add gfxmmu
2023-05-04 22:57:26,502 [INFO] IPUIPlugin:80 - create IPUIPlugin
2023-05-04 22:57:26,502 [INFO] PluginManager:220 - loadIPPluginJar : add gic
2023-05-04 22:57:26,515 [INFO] IPUIPlugin:80 - create IPUIPlugin
2023-05-04 22:57:26,515 [INFO] PluginManager:220 - loadIPPluginJar : add gpio
2023-05-04 22:57:26,523 [INFO] IPUIPlugin:80 - create IPUIPlugin
2023-05-04 22:57:26,524 [INFO] PluginManager:220 - loadIPPluginJar : add gtzc
2023-05-04 22:57:26,532 [INFO] IPUIPlugin:80 - create IPUIPlugin
2023-05-04 22:57:26,532 [INFO] PluginManager:220 - loadIPPluginJar : add hash
2023-05-04 22:57:26,541 [INFO] IPUIPlugin:80 - create IPUIPlugin
2023-05-04 22:57:26,541 [INFO] PluginManager:220 - loadIPPluginJar : add i2c
2023-05-04 22:57:26,549 [INFO] IPUIPlugin:80 - create IPUIPlugin
2023-05-04 22:57:26,550 [INFO] PluginManager:220 - loadIPPluginJar : add i2s
2023-05-04 22:57:26,559 [INFO] IPUIPlugin:80 - create IPUIPlugin
2023-05-04 22:57:26,559 [INFO] PluginManager:220 - loadIPPluginJar : add i3c
2023-05-04 22:57:26,574 [INFO] IPUIPlugin:80 - create IPUIPlugin
2023-05-04 22:57:26,575 [INFO] PluginManager:220 - loadIPPluginJar : add ipddr
2023-05-04 22:57:26,598 [INFO] IPUIPlugin:80 - create IPUIPlugin
2023-05-04 22:57:26,598 [INFO] PluginManager:220 - loadIPPluginJar : add linkedlist
2023-05-04 22:57:26,672 [INFO] IPUIPlugin:80 - create IPUIPlugin
2023-05-04 22:57:26,673 [INFO] PluginManager:220 - loadIPPluginJar : add lorawan
2023-05-04 22:57:26,676 [INFO] IPUIPlugin:80 - create IPUIPlugin
2023-05-04 22:57:26,676 [INFO] PluginManager:220 - loadIPPluginJar : add ltdc
2023-05-04 22:57:26,691 [INFO] IPUIPlugin:80 - create IPUIPlugin
2023-05-04 22:57:26,691 [INFO] PluginManager:220 - loadIPPluginJar : add mdma
2023-05-04 22:57:26,699 [INFO] IPUIPlugin:80 - create IPUIPlugin
2023-05-04 22:57:26,700 [INFO] PluginManager:220 - loadIPPluginJar : add nvic
2023-05-04 22:57:26,705 [INFO] IPUIPlugin:80 - create IPUIPlugin
2023-05-04 22:57:26,705 [INFO] PluginManager:220 - loadIPPluginJar : add opamp
2023-05-04 22:57:26,746 [INFO] IPUIPlugin:80 - create IPUIPlugin
2023-05-04 22:57:26,746 [INFO] PluginManager:220 - loadIPPluginJar : add openamp
2023-05-04 22:57:26,750 [INFO] IPUIPlugin:80 - create IPUIPlugin
2023-05-04 22:57:26,750 [INFO] PluginManager:220 - loadIPPluginJar : add pdm2pcm
2023-05-04 22:57:26,759 [INFO] IPUIPlugin:80 - create IPUIPlugin
2023-05-04 22:57:26,763 [INFO] PluginManager:220 - loadIPPluginJar : add plateformsettings
2023-05-04 22:57:26,764 [INFO] IPUIPlugin:80 - create IPUIPlugin
2023-05-04 22:57:26,765 [INFO] PluginManager:220 - loadIPPluginJar : add quadspi
2023-05-04 22:57:26,769 [INFO] IPUIPlugin:80 - create IPUIPlugin
2023-05-04 22:57:26,769 [INFO] PluginManager:220 - loadIPPluginJar : add resmgrutility
2023-05-04 22:57:26,773 [INFO] IPUIPlugin:80 - create IPUIPlugin
2023-05-04 22:57:26,773 [INFO] PluginManager:220 - loadIPPluginJar : add sai
2023-05-04 22:57:26,776 [INFO] IPUIPlugin:80 - create IPUIPlugin
2023-05-04 22:57:26,776 [INFO] PluginManager:220 - loadIPPluginJar : add spi
2023-05-04 22:57:26,782 [INFO] IPUIPlugin:80 - create IPUIPlugin
2023-05-04 22:57:26,783 [INFO] PluginManager:220 - loadIPPluginJar : add stm32_wpan
2023-05-04 22:57:26,785 [INFO] IPUIPlugin:80 - create IPUIPlugin
2023-05-04 22:57:26,785 [INFO] PluginManager:220 - loadIPPluginJar : add tim
2023-05-04 22:57:26,789 [INFO] IPUIPlugin:80 - create IPUIPlugin
2023-05-04 22:57:26,789 [INFO] PluginManager:220 - loadIPPluginJar : add touchsensing
2023-05-04 22:57:26,791 [INFO] IPUIPlugin:80 - create IPUIPlugin
2023-05-04 22:57:26,791 [INFO] PluginManager:220 - loadIPPluginJar : add tracer_emb
2023-05-04 22:57:26,793 [INFO] IPUIPlugin:80 - create IPUIPlugin
2023-05-04 22:57:26,793 [INFO] PluginManager:220 - loadIPPluginJar : add ts
2023-05-04 22:57:26,795 [INFO] IPUIPlugin:80 - create IPUIPlugin
2023-05-04 22:57:26,796 [INFO] PluginManager:220 - loadIPPluginJar : add tsc
2023-05-04 22:57:26,798 [INFO] IPUIPlugin:80 - create IPUIPlugin
2023-05-04 22:57:26,798 [INFO] PluginManager:220 - loadIPPluginJar : add ucpd
2023-05-04 22:57:26,801 [INFO] IPUIPlugin:80 - create IPUIPlugin
2023-05-04 22:57:26,801 [INFO] PluginManager:220 - loadIPPluginJar : add usart
2023-05-04 22:57:26,804 [INFO] IPUIPlugin:80 - create IPUIPlugin
2023-05-04 22:57:26,804 [INFO] PluginManager:220 - loadIPPluginJar : add usbx
2023-05-04 22:57:26,938 [INFO] CADModel:165 - CPN selected for project level
2023-05-04 22:57:26,939 [INFO] CADModel:114 - Register for checkConnection events
2023-05-04 22:57:26,939 [FATAL] Updater:308 - Updater called before beeing initialized
2023-05-04 22:57:26,940 [ERROR] CADModel:125 - Updater not yet initialized, retry later 
2023-05-04 22:57:27,414 [INFO] CADModel:165 - CPN selected for project level
2023-05-04 22:57:27,415 [INFO] CADModel:114 - Register for checkConnection events
2023-05-04 22:57:27,415 [FATAL] Updater:308 - Updater called before beeing initialized
2023-05-04 22:57:27,415 [ERROR] CADModel:125 - Updater not yet initialized, retry later 
2023-05-04 22:57:27,427 [FATAL] Updater:308 - Updater called before beeing initialized
2023-05-04 22:57:27,651 [FATAL] Updater:308 - Updater called before beeing initialized
2023-05-04 22:57:27,656 [INFO] DbMcusAds:53 - JSON generation date=Tue Mar 07 09:50:55 CET 2023 (1678179055335)
2023-05-04 22:57:27,657 [FATAL] Updater:308 - Updater called before beeing initialized
2023-05-04 22:57:27,717 [WARN] DetailPanel:346 - Failed to get advertising image, set to default
2023-05-04 22:57:27,828 [FATAL] Updater:308 - Updater called before beeing initialized
2023-05-04 22:57:27,829 [FATAL] Updater:308 - Updater called before beeing initialized
2023-05-04 22:57:27,829 [FATAL] Updater:308 - Updater called before beeing initialized
2023-05-04 22:57:27,829 [WARN] DetailPanel:346 - Failed to get advertising image, set to default
2023-05-04 22:57:27,830 [FATAL] Updater:308 - Updater called before beeing initialized
2023-05-04 22:57:27,867 [ERROR] Updater:1120 - MainUpdater not yet initialized. External WinMGr cannot be set.
2023-05-04 22:57:27,877 [INFO] Updater:1056 - Updater Version found : 6.8.0
2023-05-04 22:57:27,911 [INFO] ApplicationProperties:184 - Using Application install path: /opt/st/stm32cubeide_1.12.0/plugins/com.st.stm32cube.common.mx_6.8.0.202302231600
2023-05-04 22:57:28,152 [INFO] MainUpdater:2854 - connection check result : 10
2023-05-04 22:57:28,153 [INFO] MainUpdater:283 - Updater Check For Update Now.
2023-05-04 22:57:28,154 [INFO] MicroXplorer:498 - Change Database Version : DB.6.0.80
2023-05-04 22:57:28,331 [WARN] MainUpdater:1187 - Updater busy. Cannot search thirdparties
2023-05-04 22:57:28,331 [INFO] ThirdPartyUpdaterWithRetryManager:96 - Updater plugin is busy. [1/15]
2023-05-04 22:57:28,381 [INFO] CheckServerUpdateThread:120 - End of CheckServer Thread
2023-05-04 22:57:28,574 [INFO] MainUpdater:2854 - connection check result : 10
2023-05-04 22:57:28,575 [INFO] MainUpdater:2854 - connection check result : 10
2023-05-04 22:57:28,723 [INFO] MicroXplorer:468 - Change Database Path : 
2023-05-04 22:57:28,723 [INFO] MicroXplorer:498 - Change Database Version : DB.6.0.80
2023-05-04 22:57:28,725 [WARN] ThirdParty:871 - waiting for thirdparty lock release [close project]
2023-05-04 22:57:31,947 [WARN] PackLoader:240 - Cannot read IP mode file for STMicroelectronics.X-CUBE-GNSS1.6.0.0
2023-05-04 22:57:32,054 [WARN] PackLoader:240 - Cannot read IP mode file for STMicroelectronics.X-CUBE-AZRTOS-F4.1.1.0
2023-05-04 22:57:32,080 [WARN] PackLoader:240 - Cannot read IP mode file for STMicroelectronics.X-CUBE-SMBUS.2.1.0
2023-05-04 22:57:32,159 [WARN] PackLoader:240 - Cannot read IP mode file for STMicroelectronics.X-CUBE-AZRTOS-F7.1.1.0
2023-05-04 22:57:32,253 [WARN] PackLoader:240 - Cannot read IP mode file for STMicroelectronics.X-CUBE-MEMS1.9.6.0
2023-05-04 22:57:32,401 [WARN] PackLoader:240 - Cannot read IP mode file for STMicroelectronics.X-CUBE-BLE1.6.2.4
2023-05-04 22:57:32,406 [WARN] PackLoader:240 - Cannot read IP mode file for emotas.I-CUBE-CANOPEN.1.1.3
2023-05-04 22:57:32,412 [WARN] PackLoader:240 - Cannot read IP mode file for STMicroelectronics.X-CUBE-BLEMGR.2.0.0
2023-05-04 22:57:32,425 [WARN] ConditionMgr:438 - getConditionDescription Invalid condition id : UX DEVICE CLASS RTOS Condition cause : null
2023-05-04 22:57:32,426 [WARN] ConditionMgr:438 - getConditionDescription Invalid condition id : UX DEVICE CLASS RTOS Condition cause : null
2023-05-04 22:57:32,428 [WARN] PackLoader:240 - Cannot read IP mode file for STMicroelectronics.X-CUBE-AZRTOS-H7.3.1.0
2023-05-04 22:57:32,429 [WARN] ConditionMgr:1039 - genDependencies : Invalid condition id : UX DEVICE CLASS RTOS Condition cause : null
2023-05-04 22:57:32,430 [WARN] ConditionMgr:1039 - genDependencies : Invalid condition id : UX DEVICE CLASS RTOS Condition cause : null
2023-05-04 22:57:32,430 [WARN] ConditionMgr:1039 - genDependencies : Invalid condition id : UX DEVICE CLASS RTOS Condition cause : null
2023-05-04 22:57:32,430 [WARN] ConditionMgr:1039 - genDependencies : Invalid condition id : UX DEVICE CLASS RTOS Condition cause : null
2023-05-04 22:57:32,430 [WARN] ConditionMgr:1039 - genDependencies : Invalid condition id : UX DEVICE CLASS RTOS Condition cause : null
2023-05-04 22:57:32,438 [WARN] PackLoader:240 - Cannot read IP mode file for STMicroelectronics.X-CUBE-DISPLAY.3.0.0
2023-05-04 22:57:32,445 [WARN] PackLoader:240 - Cannot read IP mode file for wolfSSL.I-CUBE-wolfSSL.5.5.4
2023-05-04 22:57:32,448 [WARN] PackLoader:240 - Cannot read IP mode file for STMicroelectronics.X-CUBE-NFC7.1.0.0
2023-05-04 22:57:32,452 [WARN] PackLoader:240 - Cannot read IP mode file for STMicroelectronics.X-CUBE-EEPRMA1.4.1.0
2023-05-04 22:57:32,458 [WARN] PackLoader:240 - Cannot read IP mode file for WES.I-CUBE-Cesium.1.3.0
2023-05-04 22:57:32,462 [WARN] PackLoader:240 - Cannot read IP mode file for STMicroelectronics.X-CUBE-SFXS2LP1.4.0.0
2023-05-04 22:57:32,466 [WARN] PackLoader:240 - Cannot read IP mode file for STMicroelectronics.X-CUBE-BLE2.3.3.0
2023-05-04 22:57:32,477 [WARN] PackLoader:240 - Cannot read IP mode file for STMicroelectronics.X-CUBE-TOF1.3.2.0
2023-05-04 22:57:32,510 [WARN] PackLoader:240 - Cannot read IP mode file for STMicroelectronics.X-CUBE-AZRTOS-H7.3.0.0
2023-05-04 22:57:32,518 [WARN] PackLoader:240 - Cannot read IP mode file for STMicroelectronics.X-CUBE-ISPU.1.1.0
2023-05-04 22:57:32,525 [WARN] PackLoader:240 - Cannot read IP mode file for RoweBots.I-CUBE-UNISONRTOS.5.5.0-4
2023-05-04 22:57:32,528 [WARN] PackLoader:240 - Cannot read IP mode file for STMicroelectronics.X-CUBE-AI.8.0.0
2023-05-04 22:57:32,531 [WARN] PackLoader:240 - Cannot read IP mode file for STMicroelectronics.X-CUBE-FREERTOS.1.0.0
2023-05-04 22:57:32,535 [WARN] PackLoader:240 - Cannot read IP mode file for STMicroelectronics.X-CUBE-FREERTOS.1.0.1
2023-05-04 22:57:32,537 [WARN] PackLoader:240 - Cannot read IP mode file for STMicroelectronics.X-CUBE-TOUCHGFX.4.21.1
2023-05-04 22:57:32,539 [WARN] PackLoader:240 - Cannot read IP mode file for STMicroelectronics.X-CUBE-TOUCHGFX.4.21.3
2023-05-04 22:57:32,542 [WARN] PackLoader:240 - Cannot read IP mode file for STMicroelectronics.X-CUBE-ALGOBUILD.1.3.0
2023-05-04 22:57:32,552 [WARN] PackLoader:240 - Cannot read IP mode file for STMicroelectronics.X-CUBE-AZRTOS-L5.1.1.0
2023-05-04 22:57:32,564 [WARN] PackLoader:240 - Cannot read IP mode file for STMicroelectronics.X-CUBE-AZRTOS-G0.1.1.0
2023-05-04 22:57:32,572 [WARN] PackLoader:240 - Cannot read IP mode file for STMicroelectronics.X-CUBE-SUBG2.5.0.0
2023-05-04 22:57:32,578 [WARN] PackLoader:240 - Cannot read IP mode file for STMicroelectronics.X-CUBE-NFC4.3.0.0
2023-05-04 22:57:32,588 [WARN] PackLoader:240 - Cannot read IP mode file for STMicroelectronics.X-CUBE-AZRTOS-G4.2.0.0
2023-05-04 22:57:32,608 [WARN] PackLoader:240 - Cannot read IP mode file for STMicroelectronics.X-CUBE-TOF1.3.3.0
2023-05-04 22:57:32,616 [WARN] PackLoader:240 - Cannot read IP mode file for STMicroelectronics.FP-ATR-ASTRA1.1.1.1
2023-05-04 22:57:32,621 [WARN] PackLoader:240 - Cannot read IP mode file for STMicroelectronics.X-CUBE-BLEMGR.1.3.0
2023-05-04 22:57:32,651 [WARN] PackLoader:240 - Cannot read IP mode file for STMicroelectronics.X-CUBE-AZRTOS-G4.1.0.0
2023-05-04 22:57:32,655 [WARN] PackLoader:240 - Cannot read IP mode file for STMicroelectronics.FP-ATR-SIGFOX1.3.2.0
2023-05-04 22:57:32,666 [WARN] PackLoader:240 - Cannot read IP mode file for STMicroelectronics.X-CUBE-AZRTOS-L4.1.0.0
2023-05-04 22:57:32,675 [WARN] PackLoader:240 - Cannot read IP mode file for STMicroelectronics.X-CUBE-AZRTOS-WL.1.0.0
2023-05-04 22:57:32,678 [WARN] PackLoader:240 - Cannot read IP mode file for portGmbH.I-Cube-SoM-uGOAL.1.1.0
2023-05-04 22:57:32,680 [WARN] PackLoader:240 - Cannot read IP mode file for STMicroelectronics.X-CUBE-ALS.1.0.1
2023-05-04 22:57:32,707 [WARN] PackLoader:240 - Cannot read IP mode file for STMicroelectronics.X-CUBE-MEMS1.9.5.0
2023-05-04 22:57:32,816 [WARN] PackLoader:240 - Cannot read IP mode file for STMicroelectronics.X-CUBE-AZRTOS-WB.1.1.0
2023-05-04 22:57:32,838 [WARN] PackLoader:240 - Cannot read IP mode file for SEGGER.I-CUBE-embOS.1.3.1
2023-05-04 22:57:32,865 [WARN] PackLoader:240 - Cannot read IP mode file for STMicroelectronics.FP-ATR-ASTRA1.2.0.0
2023-05-04 22:57:32,866 [INFO] ThirdParty:978 - Integrity check success = true
2023-05-04 22:57:32,866 [INFO] IntegrityCheckThread:100 - exiting critical section [integrity check]
2023-05-04 22:57:32,866 [INFO] IntegrityCheckThread:103 - End integrity checks thread
2023-05-04 22:57:32,866 [INFO] ThirdParty:873 - entering critical section [close project]
2023-05-04 22:57:32,867 [INFO] ThirdParty:883 - exiting critical section [close project]
2023-05-04 22:57:32,870 [INFO] PinOutPanel:1499 - setPackage(No Configuration,No Configuration)
2023-05-04 22:57:32,875 [INFO] UtilMem:75 - Begin LoadConfig() Used Memory: 306884096 Bytes (463470592)
2023-05-04 22:57:32,876 [INFO] MicroXplorer:468 - Change Database Path : 
2023-05-04 22:57:32,876 [INFO] MicroXplorer:498 - Change Database Version : DB.6.0.80
2023-05-04 22:57:32,876 [INFO] OpenFileManager:308 - Change cursor
2023-05-04 22:57:32,954 [INFO] Mcu:1937 - Initializing MCU STM32F407V(E-G)Tx STM32F407VGTx STM32F407VGT6
2023-05-04 22:57:34,223 [INFO] Context:659 - Trying to add GPIOservice into a context  which must be forbidden
2023-05-04 22:57:34,870 [INFO] RtosManager:555 - Registered RTOS mode: class=CMSIS, group=RTOS, mode=CMSIS_V1, owner=FREERTOS
2023-05-04 22:57:34,870 [INFO] RtosManager:555 - Registered RTOS mode: class=CMSIS, group=RTOS2, mode=CMSIS_V2, owner=FREERTOS
2023-05-04 22:57:34,870 [INFO] RtosManager:555 - Registered RTOS mode: class=RTOS, group=Core, mode=CMSIS_V1, owner=FREERTOS
2023-05-04 22:57:34,871 [INFO] RtosManager:555 - Registered RTOS mode: class=RTOS, group=Core, mode=CMSIS_V2, owner=FREERTOS
2023-05-04 22:57:34,871 [WARN] ModelIntegratedComponent:184 - Missing modes for component STMicroelectronics:FreeRTOS:0.0.1:STMicroelectronics:RTOS:FreeRTOS:Core:::10.2.0:
2023-05-04 22:57:34,892 [WARN] ModelIntegratedComponent:63 - No mode defined for component null
2023-05-04 22:57:34,892 [WARN] ModelIntegratedComponent:63 - No mode defined for component null
2023-05-04 22:57:34,892 [WARN] ModelIntegratedComponent:63 - No mode defined for component null
2023-05-04 22:57:34,892 [WARN] ModelIntegratedComponent:63 - No mode defined for component null
2023-05-04 22:57:34,892 [WARN] ModelIntegratedComponent:63 - No mode defined for component null
2023-05-04 22:57:34,893 [WARN] ModelIntegratedComponent:63 - No mode defined for component null
2023-05-04 22:57:34,893 [WARN] ModelIntegratedComponent:63 - No mode defined for component null
2023-05-04 22:57:34,893 [WARN] ModelIntegratedComponent:63 - No mode defined for component null
2023-05-04 22:57:34,893 [WARN] ModelIntegratedComponent:63 - No mode defined for component null
2023-05-04 22:57:34,893 [WARN] ModelIntegratedComponent:63 - No mode defined for component null
2023-05-04 22:57:34,893 [WARN] ModelIntegratedComponent:63 - No mode defined for component null
2023-05-04 22:57:34,893 [WARN] ModelIntegratedComponent:63 - No mode defined for component null
2023-05-04 22:57:34,893 [WARN] ModelIntegratedComponent:63 - No mode defined for component null
2023-05-04 22:57:34,893 [WARN] ModelIntegratedComponent:63 - No mode defined for component null
2023-05-04 22:57:34,893 [WARN] ModelIntegratedComponent:63 - No mode defined for component null
2023-05-04 22:57:34,893 [WARN] ModelIntegratedComponent:63 - No mode defined for component null
2023-05-04 22:57:34,893 [WARN] ModelIntegratedComponent:63 - No mode defined for component null
2023-05-04 22:57:34,893 [WARN] ModelIntegratedComponent:63 - No mode defined for component null
2023-05-04 22:57:34,893 [WARN] ModelIntegratedComponent:63 - No mode defined for component null
2023-05-04 22:57:34,893 [WARN] ModelIntegratedComponent:63 - No mode defined for component null
2023-05-04 22:57:34,893 [WARN] ModelIntegratedComponent:63 - No mode defined for component null
2023-05-04 22:57:34,893 [WARN] ModelIntegratedComponent:63 - No mode defined for component null
2023-05-04 22:57:34,893 [WARN] ModelIntegratedComponent:63 - No mode defined for component null
2023-05-04 22:57:34,893 [WARN] ModelIntegratedComponent:63 - No mode defined for component null
2023-05-04 22:57:34,893 [WARN] ModelIntegratedComponent:63 - No mode defined for component null
2023-05-04 22:57:34,893 [WARN] ModelIntegratedComponent:63 - No mode defined for component null
2023-05-04 22:57:34,893 [WARN] ModelIntegratedComponent:63 - No mode defined for component null
2023-05-04 22:57:34,894 [WARN] ModelIntegratedComponent:63 - No mode defined for component null
2023-05-04 22:57:34,894 [WARN] ModelIntegratedComponent:63 - No mode defined for component null
2023-05-04 22:57:34,894 [WARN] ModelIntegratedComponent:63 - No mode defined for component null
2023-05-04 22:57:34,894 [WARN] ModelIntegratedComponent:63 - No mode defined for component null
2023-05-04 22:57:34,894 [WARN] ModelIntegratedComponent:63 - No mode defined for component null
2023-05-04 22:57:34,894 [WARN] ModelIntegratedComponent:63 - No mode defined for component null
2023-05-04 22:57:34,984 [INFO] ThirdPartyModel:298 - Start build external matchings
2023-05-04 22:57:35,433 [INFO] ThirdPartyModel:316 - End build external matchings
2023-05-04 22:57:35,452 [INFO] ImportTextPane:194 - (OptionalMessage_ERROR) IP (RCC) : Parameter (RTCHSEDivFreq_Value) has invalid value (4000000)
2023-05-04 22:57:35,688 [INFO] UtilMem:75 - End LoadConfig() Used Memory: 220915352 Bytes (463470592)
2023-05-04 22:57:35,843 [INFO] ApiDb:581 - Connected to CubeFinder SQLite database (/home/hender/.stmcufinder/plugins/mcufinder/mcu/cube-finder-db.db)
2023-05-04 22:57:35,923 [INFO] ApiDb:668 - CubeFinder database Data Model version=2.1
2023-05-04 22:57:35,923 [INFO] ApiDb:669 - CubeFinder database Configuration version=3.0.35
2023-05-04 22:57:35,924 [INFO] ApiDb:670 - CubeFinder database generation date=2023-03-10 (1678456172)
2023-05-04 22:57:35,924 [INFO] ApiDb:671 - CubeFinder database FW Pack versions=[FP-ATR-ASTRA1_V1.1.1, STM32Cube_FW_C0_V1.0.1, STM32Cube_FW_F0_V1.11.4, STM32Cube_FW_F3_V1.11.4, STM32Cube_FW_F4_V1.27.1, STM32Cube_FW_F7_V1.17.0, STM32Cube_FW_G0_V1.6.1, STM32Cube_FW_G4_V1.5.1, STM32Cube_FW_H5_V0.5.1, STM32Cube_FW_H5_V1.0.0, STM32Cube_FW_H7_V1.11.0, STM32Cube_FW_L0_V1.12.2, STM32Cube_FW_L5_V1.5.0, STM32Cube_FW_U5_V1.2.0, STM32Cube_FW_WBA_V1.0.0, STM32Cube_FW_WBA_V1.0.0RC1, STM32Cube_FW_WBA_V1.0.0RC3, STM32Cube_FW_WB_V1.15.0RC1, STM32Cube_FW_WB_V1.16.0, STM32Cube_FW_WB_V1.16.0RC2, STM32Cube_FW_WL_V1.3.0, X-CUBE-ALGOBUILD_V1.3.0, X-CUBE-ALS_V1.0.1, X-CUBE-AZRTOS-F4_V1.1.0, X-CUBE-AZRTOS-F7_V1.1.0, X-CUBE-AZRTOS-G0_V1.1.0, X-CUBE-AZRTOS-G4_V1.0.0, X-CUBE-AZRTOS-H7_V3.0.0, X-CUBE-AZRTOS-L4_V1.0.0, X-CUBE-AZRTOS-L5_V1.1.0, X-CUBE-AZRTOS-WB_V1.1.0, X-CUBE-AZRTOS-WL_V1.0.0, X-CUBE-BLE1_V6.2.4, X-CUBE-BLE2_V3.3.0, X-CUBE-BLEMGR_V1.3.0, X-CUBE-EEPRMA1_V4.1.0, X-CUBE-GNSS1_V6.0.0, X-CUBE-MEMS1_V9.1.0, X-CUBE-MEMS1_V9.4.0, X-CUBE-MEMS1_V9.5.0, X-CUBE-NFC4_V3.0.0, X-CUBE-NFC7_V1.0.0, X-CUBE-SFXS2LP1_V4.0.0, X-CUBE-SUBG2_V5.0.0]
2023-05-04 22:57:37,517 [INFO] ApiDb:240 - Found 297 in-development CPN: [B-G473E-ZEST1S, B-WB1M-WPAN1, B-WL5M-SUBG1, NUCLEO-C031C6, NUCLEO-H503RB, NUCLEO-H563ZI, NUCLEO-U545RE-Q, NUCLEO-U5A5ZJ-Q, NUCLEO-WBA52CG, STEVAL-PROTEUS1, STEVAL-STWINBX1, STM320518-EVAL, STM32C0116-DK, STM32C011D6Y3TR, STM32C011D6Y6TR, STM32C011F4P3, STM32C011F4P6, STM32C011F4U3, STM32C011F4U6TR, STM32C011F6P3, STM32C011F6P6, STM32C011F6U3, STM32C011F6U6TR, STM32C011J4M3, STM32C011J4M6, STM32C011J6M3, STM32C011J6M6, STM32C0316-DK, STM32C031C4T3, STM32C031C4T6, STM32C031C4U3, STM32C031C4U6, STM32C031C6T3, STM32C031C6T6, STM32C031C6U3, STM32C031C6U6, STM32C031F4P3, STM32C031F4P6, STM32C031F6P3, STM32C031F6P6, STM32C031G4U3, STM32C031G4U6, STM32C031G6U3, STM32C031G6U6, STM32C031K4T3, STM32C031K4T6, STM32C031K4U3, STM32C031K4U6, STM32C031K6T3, STM32C031K6T6, STM32C031K6U3, STM32C031K6U6, STM32G071K8TXN, STM32G071K8UXN, STM32G081GBU6N, STM32G081KBT6N, STM32G081KBUXN, STM32G0B1CCT6N, STM32G0B1KCT6, STM32G0B1NEY6TR, STM32G0B1RCT6N, STM32G0C1CCT6, STM32G0C1CCT6N, STM32G0C1CCU6N, STM32G0C1CET6N, STM32G0C1CEU6N, STM32G0C1KCT6, STM32G0C1NEY6TR, STM32G0C1RCI6N, STM32G0C1RCT6N, STM32G0C1REI6N, STM32G0C1RET6N, STM32G0C1VCI6, STM32G0C1VEI6, STM32G471CCT6, STM32G471CCU6, STM32G471CET3, STM32G471CET6, STM32G471CEU3, STM32G471CEU6, STM32G471MCT6, STM32G471MET3, STM32G471MET6, STM32G471MEY6TR, STM32G471QCT6, STM32G471QET3, STM32G471RCT6, STM32G471RET3, STM32G471RET6, STM32G471VCH6, STM32G471VCI6, STM32G471VCT6, STM32G471VEH3, STM32G471VEH6, STM32G471VEI3, STM32G471VEI6, STM32G471VET3, STM32G471VET6, STM32G474CCT6, STM32H503CBT6, STM32H503CBU6, STM32H503EBY6TR, STM32H503KBU6, STM32H503RBT6, STM32H562AGI6, STM32H562AII6, STM32H562IGK6, STM32H562IGT6, STM32H562IIK6, STM32H562IIT6, STM32H562RGT6, STM32H562RGV6, STM32H562RIT6, STM32H562RIV6, STM32H562VGT6, STM32H562VIT6, STM32H562ZGT6, STM32H562ZIT6, STM32H563AGI6, STM32H563AII3Q, STM32H563AII6, STM32H563IGK6, STM32H563IGT6, STM32H563IIK3Q, STM32H563IIK6, STM32H563IIT3Q, STM32H563IIT6, STM32H563MIY3QTR, STM32H563RGT6, STM32H563RGV6, STM32H563RIT6, STM32H563RIV6, STM32H563VGT6, STM32H563VIT3Q, STM32H563VIT6, STM32H563ZGT6, STM32H563ZIT3Q, STM32H563ZIT6, STM32H573AII3Q, STM32H573AII6, STM32H573I-DK, STM32H573IIK3Q, STM32H573IIK6, STM32H573IIT3Q, STM32H573IIT6, STM32H573MIY3QTR, STM32H573RIT6, STM32H573RIV6, STM32H573VIT3Q, STM32H573VIT6, STM32H573ZIT3Q, STM32H573ZIT6, STM32L4R5QGI6STR, STM32MP131AAE3, STM32MP131AAF3, STM32MP131AAG3, STM32MP131CAE3, STM32MP131CAF3, STM32MP131CAG3, STM32MP131DAE7, STM32MP131DAF7, STM32MP131DAG7, STM32MP131FAE7, STM32MP131FAF7, STM32MP131FAG7, STM32MP133AAE3, STM32MP133AAF3, STM32MP133AAG3, STM32MP133CAE3, STM32MP133CAF3, STM32MP133CAG3, STM32MP133DAE7, STM32MP133DAF7, STM32MP133DAG7, STM32MP133FAE7, STM32MP133FAF7, STM32MP133FAG7, STM32MP135AAE3, STM32MP135AAF3, STM32MP135AAG3, STM32MP135CAE3, STM32MP135CAF3, STM32MP135CAG3, STM32MP135DAE7, STM32MP135DAF7, STM32MP135DAG7, STM32MP135F-DK, STM32MP135FAE7, STM32MP135FAF7, STM32MP135FAF7T, STM32MP135FAF7U, STM32MP135FAG7, STM32U535CBT6, STM32U535CBT6Q, STM32U535CBU6, STM32U535CBU6Q, STM32U535CCT6, STM32U535CCT6Q, STM32U535CCU6, STM32U535CCU6Q, STM32U535CET6, STM32U535CET6Q, STM32U535CEU6, STM32U535CEU6Q, STM32U535JEY6QTR, STM32U535NCY6QTR, STM32U535NEY6QTR, STM32U535RBI6, STM32U535RBI6Q, STM32U535RBT6, STM32U535RBT6Q, STM32U535RCI6, STM32U535RCI6Q, STM32U535RCT6, STM32U535RCT6Q, STM32U535REI6, STM32U535REI6Q, STM32U535RET6, STM32U535RET6Q, STM32U535VCI6, STM32U535VCI6Q, STM32U535VCT6, STM32U535VCT6Q, STM32U535VEI6, STM32U535VEI6Q, STM32U535VET6, STM32U535VET6Q, STM32U545CET6, STM32U545CET6Q, STM32U545CEU6, STM32U545CEU6Q, STM32U545JEY6QTR, STM32U545NEY6QTR, STM32U545REI6, STM32U545REI6Q, STM32U545RET6, STM32U545RET6Q, STM32U545VEI6, STM32U545VEI6Q, STM32U545VET6, STM32U545VET6Q, STM32U595AIH6, STM32U595AIH6Q, STM32U595AJH6, STM32U595AJH6Q, STM32U595QII6, STM32U595QII6Q, STM32U595QJI6, STM32U595QJI6Q, STM32U595RIT6, STM32U595RIT6Q, STM32U595RJT6, STM32U595RJT6Q, STM32U595VIT6, STM32U595VIT6Q, STM32U595VJT6, STM32U595VJT6Q, STM32U595ZIT6, STM32U595ZIT6Q, STM32U595ZIY6QTR, STM32U595ZJT6, STM32U595ZJT6Q, STM32U595ZJY6QTR, STM32U599BJY6QTR, STM32U599NIH6Q, STM32U599NJH6Q, STM32U599VIT6Q, STM32U599VJT6, STM32U599VJT6Q, STM32U599ZIT6Q, STM32U599ZIY6QTR, STM32U599ZJT6Q, STM32U599ZJY6QTR, STM32U5A5AJH6, STM32U5A5AJH6Q, STM32U5A5QJI6, STM32U5A5QJI6Q, STM32U5A5RJT6, STM32U5A5RJT6Q, STM32U5A5VJT6, STM32U5A5VJT6Q, STM32U5A5ZJT6, STM32U5A5ZJT6Q, STM32U5A5ZJY6QTR, STM32U5A9BJY6QTR, STM32U5A9J-DK, STM32U5A9NJH6Q, STM32U5A9VJT6Q, STM32U5A9ZJT6Q, STM32U5A9ZJY6QTR, STM32WB1MMCH6, STM32WBA52CEU6, STM32WBA52CEU6T, STM32WBA52CGU6, STM32WBA52CGU6T, STM32WL5MOCH6, STM32WL5MOCH6TR]
2023-05-04 22:57:37,520 [INFO] DbMcus:216 - Found 3775 MCUs, 3775 are supported
2023-05-04 22:57:37,522 [INFO] ApiDb:423 - Load user favorites file /home/hender/.stm32cubeide/favorites.mcus.txt: 0 item(s)
2023-05-04 22:57:37,523 [INFO] ApiDb:427 - User favorites MCUs=[]
2023-05-04 22:57:37,523 [INFO] DbMcus:222 - Set 0 / 0 favorites MCUs
2023-05-04 22:57:37,898 [WARN] ThirdParty:833 - waiting for thirdparty lock release [change project]
2023-05-04 22:57:37,898 [INFO] ThirdParty:835 - entering critical section [change project]
2023-05-04 22:57:37,898 [INFO] ThirdParty:1030 - CMSIS Pack Vendor :STMicroelectronics X-CUBE-ISPU 1.1.0
2023-05-04 22:57:37,898 [INFO] ThirdParty:1030 - CMSIS Pack Vendor :RoweBots I-CUBE-UNISONRTOS 5.5.0-4
2023-05-04 22:57:37,898 [INFO] ThirdParty:1030 - CMSIS Pack Vendor :STMicroelectronics X-CUBE-GNSS1 6.0.0
2023-05-04 22:57:37,898 [INFO] ThirdParty:1030 - CMSIS Pack Vendor :STMicroelectronics USB_HOST 2.0.0
2023-05-04 22:57:37,898 [INFO] ThirdParty:1030 - CMSIS Pack Vendor :STMicroelectronics X-CUBE-AZRTOS-F4 1.1.0
2023-05-04 22:57:37,898 [INFO] ThirdParty:1030 - CMSIS Pack Vendor :STMicroelectronics LIBJPEG 8.0.0
2023-05-04 22:57:37,898 [INFO] ThirdParty:1030 - CMSIS Pack Vendor :STMicroelectronics X-CUBE-SMBUS 2.1.0
2023-05-04 22:57:37,898 [INFO] ThirdParty:1030 - CMSIS Pack Vendor :STMicroelectronics USB_DEVICE 3.0.0
2023-05-04 22:57:37,899 [INFO] ThirdParty:1030 - CMSIS Pack Vendor :STMicroelectronics X-CUBE-AI 8.0.0
2023-05-04 22:57:37,899 [INFO] ThirdParty:1030 - CMSIS Pack Vendor :STMicroelectronics X-CUBE-FREERTOS 1.0.0
2023-05-04 22:57:37,899 [INFO] ThirdParty:1030 - CMSIS Pack Vendor :STMicroelectronics X-CUBE-FREERTOS 1.0.1
2023-05-04 22:57:37,899 [INFO] ThirdParty:1030 - CMSIS Pack Vendor :STMicroelectronics X-CUBE-TOUCHGFX 4.21.1
2023-05-04 22:57:37,899 [INFO] ThirdParty:1030 - CMSIS Pack Vendor :STMicroelectronics X-CUBE-TOUCHGFX 4.21.3
2023-05-04 22:57:37,899 [INFO] ThirdParty:1030 - CMSIS Pack Vendor :STMicroelectronics X-CUBE-AZRTOS-F7 1.1.0
2023-05-04 22:57:37,899 [INFO] ThirdParty:1030 - CMSIS Pack Vendor :STMicroelectronics USB_DEVICE 2.0.0
2023-05-04 22:57:37,899 [INFO] ThirdParty:1030 - CMSIS Pack Vendor :STMicroelectronics X-CUBE-MEMS1 9.6.0
2023-05-04 22:57:37,899 [INFO] ThirdParty:1030 - CMSIS Pack Vendor :STMicroelectronics X-CUBE-ALGOBUILD 1.3.0
2023-05-04 22:57:37,899 [INFO] ThirdParty:1030 - CMSIS Pack Vendor :STMicroelectronics X-CUBE-BLE1 6.2.4
2023-05-04 22:57:37,899 [INFO] ThirdParty:1030 - CMSIS Pack Vendor :STMicroelectronics X-CUBE-AZRTOS-L5 1.1.0
2023-05-04 22:57:37,899 [INFO] ThirdParty:1030 - CMSIS Pack Vendor :STMicroelectronics FreeRTOS 0.0.1
2023-05-04 22:57:37,899 [INFO] ThirdParty:1030 - CMSIS Pack Vendor :emotas I-CUBE-CANOPEN 1.1.3
2023-05-04 22:57:37,899 [INFO] ThirdParty:1030 - CMSIS Pack Vendor :STMicroelectronics X-CUBE-AZRTOS-G0 1.1.0
2023-05-04 22:57:37,899 [INFO] ThirdParty:1030 - CMSIS Pack Vendor :STMicroelectronics X-CUBE-BLEMGR 2.0.0
2023-05-04 22:57:37,899 [INFO] ThirdParty:1030 - CMSIS Pack Vendor :STMicroelectronics X-CUBE-SUBG2 5.0.0
2023-05-04 22:57:37,899 [INFO] ThirdParty:1030 - CMSIS Pack Vendor :STMicroelectronics X-CUBE-NFC4 3.0.0
2023-05-04 22:57:37,900 [INFO] ThirdParty:1030 - CMSIS Pack Vendor :STMicroelectronics STM32_WPAN 1.0.0
2023-05-04 22:57:37,900 [INFO] ThirdParty:1030 - CMSIS Pack Vendor :STMicroelectronics lwIP 2.0.3
2023-05-04 22:57:37,900 [INFO] ThirdParty:1030 - CMSIS Pack Vendor :STMicroelectronics USB_HOST 1.0.0
2023-05-04 22:57:37,900 [INFO] ThirdParty:1030 - CMSIS Pack Vendor :STMicroelectronics X-CUBE-AZRTOS-G4 2.0.0
2023-05-04 22:57:37,900 [INFO] ThirdParty:1030 - CMSIS Pack Vendor :STMicroelectronics PDM2PCM 3.1.0
2023-05-04 22:57:37,900 [INFO] ThirdParty:1030 - CMSIS Pack Vendor :STMicroelectronics X-CUBE-AZRTOS-H7 3.1.0
2023-05-04 22:57:37,900 [INFO] ThirdParty:1030 - CMSIS Pack Vendor :STMicroelectronics X-CUBE-TOF1 3.3.0
2023-05-04 22:57:37,900 [INFO] ThirdParty:1030 - CMSIS Pack Vendor :STMicroelectronics FP-ATR-ASTRA1 1.1.1
2023-05-04 22:57:37,900 [INFO] ThirdParty:1030 - CMSIS Pack Vendor :STMicroelectronics PDM2PCM 3.3.0
2023-05-04 22:57:37,900 [INFO] ThirdParty:1030 - CMSIS Pack Vendor :STMicroelectronics X-CUBE-DISPLAY 3.0.0
2023-05-04 22:57:37,900 [INFO] ThirdParty:1030 - CMSIS Pack Vendor :STMicroelectronics X-CUBE-BLEMGR 1.3.0
2023-05-04 22:57:37,900 [INFO] ThirdParty:1030 - CMSIS Pack Vendor :STMicroelectronics X-CUBE-AZRTOS-G4 1.0.0
2023-05-04 22:57:37,900 [INFO] ThirdParty:1030 - CMSIS Pack Vendor :STMicroelectronics FP-ATR-SIGFOX1 3.2.0
2023-05-04 22:57:37,900 [INFO] ThirdParty:1030 - CMSIS Pack Vendor :wolfSSL I-CUBE-wolfSSL 5.5.4
2023-05-04 22:57:37,900 [INFO] ThirdParty:1030 - CMSIS Pack Vendor :STMicroelectronics X-CUBE-AZRTOS-L4 1.0.0
2023-05-04 22:57:37,900 [INFO] ThirdParty:1030 - CMSIS Pack Vendor :STMicroelectronics HAL Drivers 0.0.0
2023-05-04 22:57:37,901 [INFO] ThirdParty:1030 - CMSIS Pack Vendor :STMicroelectronics MBEDTLS 2.16.2
2023-05-04 22:57:37,901 [INFO] ThirdParty:1030 - CMSIS Pack Vendor :STMicroelectronics MBEDTLS 2.14.1
2023-05-04 22:57:37,901 [INFO] ThirdParty:1030 - CMSIS Pack Vendor :STMicroelectronics X-CUBE-NFC7 1.0.0
2023-05-04 22:57:37,901 [INFO] ThirdParty:1030 - CMSIS Pack Vendor :STMicroelectronics X-CUBE-AZRTOS-WL 1.0.0
2023-05-04 22:57:37,901 [INFO] ThirdParty:1030 - CMSIS Pack Vendor :STMicroelectronics X-CUBE-EEPRMA1 4.1.0
2023-05-04 22:57:37,901 [INFO] ThirdParty:1030 - CMSIS Pack Vendor :portGmbH I-Cube-SoM-uGOAL 1.1.0
2023-05-04 22:57:37,901 [INFO] ThirdParty:1030 - CMSIS Pack Vendor :STMicroelectronics X-CUBE-ALS 1.0.1
2023-05-04 22:57:37,901 [INFO] ThirdParty:1030 - CMSIS Pack Vendor :STMicroelectronics X-CUBE-MEMS1 9.5.0
2023-05-04 22:57:37,901 [INFO] ThirdParty:1030 - CMSIS Pack Vendor :STMicroelectronics ThreadX 1.0.0
2023-05-04 22:57:37,901 [INFO] ThirdParty:1030 - CMSIS Pack Vendor :STMicroelectronics X-CUBE-AZRTOS-WB 1.1.0
2023-05-04 22:57:37,901 [INFO] ThirdParty:1030 - CMSIS Pack Vendor :SEGGER I-CUBE-embOS 1.3.1
2023-05-04 22:57:37,901 [INFO] ThirdParty:1030 - CMSIS Pack Vendor :STMicroelectronics USB_DEVICE 1.0.0
2023-05-04 22:57:37,901 [INFO] ThirdParty:1030 - CMSIS Pack Vendor :STMicroelectronics ThreadX 0.0.2
2023-05-04 22:57:37,902 [INFO] ThirdParty:1030 - CMSIS Pack Vendor :WES I-CUBE-Cesium 1.3.0
2023-05-04 22:57:37,902 [INFO] ThirdParty:1030 - CMSIS Pack Vendor :STMicroelectronics FP-ATR-ASTRA1 2.0.0
2023-05-04 22:57:37,902 [INFO] ThirdParty:1030 - CMSIS Pack Vendor :STMicroelectronics lwIP 2.1.2
2023-05-04 22:57:37,902 [INFO] ThirdParty:1030 - CMSIS Pack Vendor :STMicroelectronics X-CUBE-SFXS2LP1 4.0.0
2023-05-04 22:57:37,902 [INFO] ThirdParty:1030 - CMSIS Pack Vendor :STMicroelectronics X-CUBE-BLE2 3.3.0
2023-05-04 22:57:37,902 [INFO] ThirdParty:1030 - CMSIS Pack Vendor :STMicroelectronics X-CUBE-TOF1 3.2.0
2023-05-04 22:57:37,902 [INFO] ThirdParty:1030 - CMSIS Pack Vendor :STMicroelectronics PDM2PCM 3.2.0
2023-05-04 22:57:37,902 [INFO] ThirdParty:1030 - CMSIS Pack Vendor :STMicroelectronics X-CUBE-AZRTOS-H7 3.0.0
2023-05-04 22:57:37,902 [INFO] ThirdParty:841 - exiting critical section [change project]
2023-05-04 22:57:38,556 [INFO] PinOutPanel:1499 - setPackage(No Configuration,No Configuration)
2023-05-04 22:57:38,557 [INFO] PinOutPanel:1499 - setPackage(STM32F407VGTx,LQFP100)
2023-05-04 22:57:39,070 [INFO] UtilMem:75 - Before build in PCC Used Memory: 345566720 Bytes (463470592)
2023-05-04 22:57:39,616 [INFO] UtilMem:75 - After build in PCC Used Memory: 317309952 Bytes (463470592)
2023-05-04 22:57:39,639 [INFO] IPUIPlugin:80 - create IPUIPlugin
2023-05-04 22:57:39,639 [INFO] IPUIPlugin:80 - create IPUIPlugin
2023-05-04 22:57:39,639 [INFO] IPUIPlugin:80 - create IPUIPlugin
2023-05-04 22:57:39,639 [INFO] IPUIPlugin:80 - create IPUIPlugin
2023-05-04 22:57:39,639 [INFO] IPUIPlugin:80 - create IPUIPlugin
2023-05-04 22:57:39,639 [INFO] IPUIPlugin:80 - create IPUIPlugin
2023-05-04 22:57:39,639 [INFO] IPUIPlugin:80 - create IPUIPlugin
2023-05-04 22:57:39,640 [INFO] IPUIPlugin:80 - create IPUIPlugin
2023-05-04 22:57:39,640 [INFO] IPUIPlugin:80 - create IPUIPlugin
2023-05-04 22:57:39,640 [INFO] IPUIPlugin:80 - create IPUIPlugin
2023-05-04 22:57:39,640 [INFO] IPUIPlugin:80 - create IPUIPlugin
2023-05-04 22:57:39,640 [INFO] IPUIPlugin:80 - create IPUIPlugin
2023-05-04 22:57:39,640 [INFO] IPUIPlugin:80 - create IPUIPlugin
2023-05-04 22:57:39,640 [INFO] IPUIPlugin:80 - create IPUIPlugin
2023-05-04 22:57:39,640 [INFO] IPUIPlugin:80 - create IPUIPlugin
2023-05-04 22:57:39,640 [INFO] IPUIPlugin:80 - create IPUIPlugin
2023-05-04 22:57:39,640 [INFO] IPUIPlugin:80 - create IPUIPlugin
2023-05-04 22:57:39,640 [INFO] IPUIPlugin:80 - create IPUIPlugin
2023-05-04 22:57:39,641 [INFO] IPUIPlugin:80 - create IPUIPlugin
2023-05-04 22:57:39,641 [INFO] IPUIPlugin:80 - create IPUIPlugin
2023-05-04 22:57:39,641 [INFO] IPUIPlugin:80 - create IPUIPlugin
2023-05-04 22:57:39,641 [INFO] IPUIPlugin:80 - create IPUIPlugin
2023-05-04 22:57:39,641 [INFO] IPUIPlugin:80 - create IPUIPlugin
2023-05-04 22:57:39,641 [INFO] IPUIPlugin:80 - create IPUIPlugin
2023-05-04 22:57:39,641 [INFO] IPUIPlugin:80 - create IPUIPlugin
2023-05-04 22:57:39,642 [INFO] IPUIPlugin:80 - create IPUIPlugin
2023-05-04 22:57:39,642 [INFO] IPUIPlugin:80 - create IPUIPlugin
2023-05-04 22:57:39,642 [INFO] IPUIPlugin:80 - create IPUIPlugin
2023-05-04 22:57:39,642 [INFO] IPUIPlugin:80 - create IPUIPlugin
2023-05-04 22:57:39,642 [INFO] IPUIPlugin:80 - create IPUIPlugin
2023-05-04 22:57:39,642 [INFO] IPUIPlugin:80 - create IPUIPlugin
2023-05-04 22:57:39,643 [INFO] IPUIPlugin:80 - create IPUIPlugin
2023-05-04 22:57:39,643 [INFO] IPUIPlugin:80 - create IPUIPlugin
2023-05-04 22:57:39,643 [INFO] IPUIPlugin:80 - create IPUIPlugin
2023-05-04 22:57:39,643 [INFO] IPUIPlugin:80 - create IPUIPlugin
2023-05-04 22:57:39,643 [INFO] IPUIPlugin:80 - create IPUIPlugin
2023-05-04 22:57:39,644 [INFO] IPUIPlugin:80 - create IPUIPlugin
2023-05-04 22:57:39,644 [INFO] IPUIPlugin:80 - create IPUIPlugin
2023-05-04 22:57:39,644 [INFO] IPUIPlugin:80 - create IPUIPlugin
2023-05-04 22:57:39,644 [INFO] IPUIPlugin:80 - create IPUIPlugin
2023-05-04 22:57:39,644 [INFO] IPUIPlugin:80 - create IPUIPlugin
2023-05-04 22:57:39,644 [INFO] IPUIPlugin:80 - create IPUIPlugin
2023-05-04 22:57:39,645 [INFO] IPUIPlugin:80 - create IPUIPlugin
2023-05-04 22:57:39,645 [INFO] IPUIPlugin:80 - create IPUIPlugin
2023-05-04 22:57:39,645 [INFO] IPUIPlugin:80 - create IPUIPlugin
2023-05-04 22:57:39,645 [INFO] IPUIPlugin:80 - create IPUIPlugin
2023-05-04 22:57:39,645 [INFO] IPUIPlugin:80 - create IPUIPlugin
2023-05-04 22:57:39,646 [INFO] IPUIPlugin:80 - create IPUIPlugin
2023-05-04 22:57:39,646 [INFO] IPUIPlugin:80 - create IPUIPlugin
2023-05-04 22:57:39,646 [INFO] IPUIPlugin:80 - create IPUIPlugin
2023-05-04 22:57:39,646 [INFO] IPUIPlugin:80 - create IPUIPlugin
2023-05-04 22:57:39,647 [INFO] IPUIPlugin:80 - create IPUIPlugin
2023-05-04 22:57:39,647 [INFO] IPUIPlugin:80 - create IPUIPlugin
2023-05-04 22:57:39,647 [INFO] IPUIPlugin:80 - create IPUIPlugin
2023-05-04 22:57:39,648 [INFO] IPUIPlugin:80 - create IPUIPlugin
2023-05-04 22:57:39,648 [INFO] IPUIPlugin:80 - create IPUIPlugin
2023-05-04 22:57:39,648 [INFO] IPUIPlugin:80 - create IPUIPlugin
2023-05-04 22:57:39,648 [INFO] IPUIPlugin:80 - create IPUIPlugin
2023-05-04 22:57:39,679 [INFO] ApiDbMcu:507 - Load IP Config File for PDM2PCM
2023-05-04 22:57:39,823 [INFO] CADModel:165 - CPN selected for project levelSTM32F407VGT6
2023-05-04 22:57:39,824 [INFO] CADModel:114 - Register for checkConnection events
2023-05-04 22:57:39,865 [INFO] OpenFileManager:328 - Restore cursor
2023-05-04 23:01:41,844 [INFO] Activator:176 - 


2023-05-04 23:01:41,845 [INFO] Activator:177 - !SESSION log4j initialized
2023-05-04 23:01:45,785 [INFO] LogOutputStream:77 - [STDOUT_REDIRECT] 
2023-05-04 23:02:07,102 [ERROR] LogOutputStream:75 - [STDERR_REDIRECT] SLF4J: Failed to load class "org.slf4j.impl.StaticLoggerBinder".
2023-05-04 23:02:07,103 [ERROR] LogOutputStream:75 - [STDERR_REDIRECT] SLF4J: Defaulting to no-operation (NOP) logger implementation
2023-05-04 23:02:07,104 [ERROR] LogOutputStream:75 - [STDERR_REDIRECT] SLF4J: See http://www.slf4j.org/codes.html#StaticLoggerBinder for further details.
